{"C:\\Users\\Jonas-dev\\tekup\\apps\\rendetalje\\services\\backend-nestjs\\src\\app.module.ts": {"path":"C:\\Users\\Jonas-dev\\tekup\\apps\\rendetalje\\services\\backend-nestjs\\src\\app.module.ts","statementMap":{"0":{"start":{"line":1,"column":0},"end":{"line":1,"column":40}},"1":{"start":{"line":2,"column":0},"end":{"line":2,"column":46}},"2":{"start":{"line":3,"column":0},"end":{"line":3,"column":52}},"3":{"start":{"line":4,"column":0},"end":{"line":4,"column":63}},"4":{"start":{"line":5,"column":0},"end":{"line":5,"column":51}},"5":{"start":{"line":6,"column":0},"end":{"line":6,"column":48}},"6":{"start":{"line":7,"column":0},"end":{"line":7,"column":48}},"7":{"start":{"line":8,"column":0},"end":{"line":8,"column":74}},"8":{"start":{"line":9,"column":0},"end":{"line":9,"column":48}},"9":{"start":{"line":10,"column":0},"end":{"line":10,"column":57}},"10":{"start":{"line":11,"column":0},"end":{"line":11,"column":60}},"11":{"start":{"line":12,"column":0},"end":{"line":12,"column":60}},"12":{"start":{"line":13,"column":0},"end":{"line":13,"column":62}},"13":{"start":{"line":16,"column":0},"end":{"line":16,"column":60}},"14":{"start":{"line":17,"column":0},"end":{"line":17,"column":54}},"15":{"start":{"line":18,"column":0},"end":{"line":18,"column":51}},"16":{"start":{"line":58,"column":7},"end":{"line":58,"column":null}},"17":{"start":{"line":58,"column":13},"end":{"line":58,"column":22}},"18":{"start":{"line":58,"column":13},"end":{"line":58,"column":null}}},"fnMap":{},"branchMap":{},"s":{"0":0,"1":0,"2":0,"3":0,"4":0,"5":0,"6":0,"7":0,"8":0,"9":0,"10":0,"11":0,"12":0,"13":0,"14":0,"15":0,"16":0,"17":0,"18":0},"f":{},"b":{}}
,"C:\\Users\\Jonas-dev\\tekup\\apps\\rendetalje\\services\\backend-nestjs\\src\\main.ts": {"path":"C:\\Users\\Jonas-dev\\tekup\\apps\\rendetalje\\services\\backend-nestjs\\src\\main.ts","statementMap":{"0":{"start":{"line":1,"column":0},"end":{"line":1,"column":43}},"1":{"start":{"line":2,"column":0},"end":{"line":2,"column":48}},"2":{"start":{"line":3,"column":0},"end":{"line":3,"column":65}},"3":{"start":{"line":4,"column":0},"end":{"line":4,"column":47}},"4":{"start":{"line":5,"column":0},"end":{"line":5,"column":28}},"5":{"start":{"line":6,"column":0},"end":{"line":6,"column":43}},"6":{"start":{"line":7,"column":0},"end":{"line":7,"column":41}},"7":{"start":{"line":8,"column":0},"end":{"line":8,"column":39}},"8":{"start":{"line":9,"column":0},"end":{"line":9,"column":66}},"9":{"start":{"line":10,"column":0},"end":{"line":10,"column":71}},"10":{"start":{"line":13,"column":14},"end":{"line":13,"column":49}},"11":{"start":{"line":14,"column":24},"end":{"line":14,"column":46}},"12":{"start":{"line":17,"column":20},"end":{"line":17,"column":51}},"13":{"start":{"line":18,"column":20},"end":{"line":18,"column":76}},"14":{"start":{"line":20,"column":2},"end":{"line":44,"column":3}},"15":{"start":{"line":21,"column":4},"end":{"line":40,"column":7}},"16":{"start":{"line":32,"column":22},"end":{"line":32,"column":51}},"17":{"start":{"line":33,"column":8},"end":{"line":37,"column":9}},"18":{"start":{"line":34,"column":10},"end":{"line":34,"column":73}},"19":{"start":{"line":34,"column":61},"end":{"line":34,"column":73}},"20":{"start":{"line":35,"column":10},"end":{"line":35,"column":72}},"21":{"start":{"line":35,"column":60},"end":{"line":35,"column":72}},"22":{"start":{"line":36,"column":10},"end":{"line":36,"column":60}},"23":{"start":{"line":36,"column":48},"end":{"line":36,"column":60}},"24":{"start":{"line":38,"column":8},"end":{"line":38,"column":21}},"25":{"start":{"line":41,"column":4},"end":{"line":41,"column":69}},"26":{"start":{"line":43,"column":4},"end":{"line":43,"column":76}},"27":{"start":{"line":47,"column":2},"end":{"line":47,"column":53}},"28":{"start":{"line":50,"column":2},"end":{"line":50,"column":20}},"29":{"start":{"line":51,"column":2},"end":{"line":51,"column":25}},"30":{"start":{"line":54,"column":2},"end":{"line":61,"column":5}},"31":{"start":{"line":64,"column":2},"end":{"line":73,"column":4}},"32":{"start":{"line":76,"column":2},"end":{"line":76,"column":32}},"33":{"start":{"line":79,"column":2},"end":{"line":99,"column":3}},"34":{"start":{"line":80,"column":19},"end":{"line":91,"column":14}},"35":{"start":{"line":93,"column":21},"end":{"line":93,"column":62}},"36":{"start":{"line":94,"column":4},"end":{"line":98,"column":7}},"37":{"start":{"line":102,"column":2},"end":{"line":116,"column":5}},"38":{"start":{"line":103,"column":19},"end":{"line":114,"column":6}},"39":{"start":{"line":115,"column":4},"end":{"line":115,"column":33}},"40":{"start":{"line":119,"column":2},"end":{"line":131,"column":3}},"41":{"start":{"line":120,"column":4},"end":{"line":130,"column":7}},"42":{"start":{"line":121,"column":6},"end":{"line":129,"column":7}},"43":{"start":{"line":122,"column":8},"end":{"line":122,"column":80}},"44":{"start":{"line":123,"column":8},"end":{"line":126,"column":11}},"45":{"start":{"line":128,"column":8},"end":{"line":128,"column":69}},"46":{"start":{"line":133,"column":15},"end":{"line":133,"column":48}},"47":{"start":{"line":134,"column":2},"end":{"line":134,"column":25}},"48":{"start":{"line":136,"column":2},"end":{"line":136,"column":61}},"49":{"start":{"line":137,"column":2},"end":{"line":137,"column":69}},"50":{"start":{"line":138,"column":2},"end":{"line":138,"column":67}},"51":{"start":{"line":139,"column":2},"end":{"line":141,"column":3}},"52":{"start":{"line":140,"column":4},"end":{"line":140,"column":72}},"53":{"start":{"line":144,"column":0},"end":{"line":144,"column":12}}},"fnMap":{"0":{"name":"bootstrap","decl":{"start":{"line":12,"column":15},"end":{"line":12,"column":24}},"loc":{"start":{"line":12,"column":24},"end":{"line":142,"column":1}}},"1":{"name":"(anonymous_1)","decl":{"start":{"line":30,"column":6},"end":{"line":30,"column":16}},"loc":{"start":{"line":30,"column":28},"end":{"line":39,"column":7}}},"2":{"name":"(anonymous_2)","decl":{"start":{"line":102,"column":21},"end":{"line":102,"column":22}},"loc":{"start":{"line":102,"column":34},"end":{"line":116,"column":3}}},"3":{"name":"(anonymous_3)","decl":{"start":{"line":120,"column":28},"end":{"line":120,"column":29}},"loc":{"start":{"line":120,"column":41},"end":{"line":130,"column":5}}}},"branchMap":{"0":{"loc":{"start":{"line":18,"column":20},"end":{"line":18,"column":76}},"type":"binary-expr","locations":[{"start":{"line":18,"column":20},"end":{"line":18,"column":59}},{"start":{"line":18,"column":63},"end":{"line":18,"column":76}}]},"1":{"loc":{"start":{"line":20,"column":2},"end":{"line":44,"column":3}},"type":"if","locations":[{"start":{"line":20,"column":2},"end":{"line":44,"column":3}},{"start":{"line":42,"column":9},"end":{"line":44,"column":3}}]},"2":{"loc":{"start":{"line":24,"column":24},"end":{"line":24,"column":62}},"type":"cond-expr","locations":[{"start":{"line":24,"column":53},"end":{"line":24,"column":56}},{"start":{"line":24,"column":59},"end":{"line":24,"column":62}}]},"3":{"loc":{"start":{"line":25,"column":26},"end":{"line":25,"column":64}},"type":"cond-expr","locations":[{"start":{"line":25,"column":55},"end":{"line":25,"column":58}},{"start":{"line":25,"column":61},"end":{"line":25,"column":64}}]},"4":{"loc":{"start":{"line":33,"column":8},"end":{"line":37,"column":9}},"type":"if","locations":[{"start":{"line":33,"column":8},"end":{"line":37,"column":9}}]},"5":{"loc":{"start":{"line":33,"column":12},"end":{"line":33,"column":46}},"type":"binary-expr","locations":[{"start":{"line":33,"column":12},"end":{"line":33,"column":17}},{"start":{"line":33,"column":21},"end":{"line":33,"column":46}}]},"6":{"loc":{"start":{"line":34,"column":10},"end":{"line":34,"column":73}},"type":"if","locations":[{"start":{"line":34,"column":10},"end":{"line":34,"column":73}}]},"7":{"loc":{"start":{"line":35,"column":10},"end":{"line":35,"column":72}},"type":"if","locations":[{"start":{"line":35,"column":10},"end":{"line":35,"column":72}}]},"8":{"loc":{"start":{"line":36,"column":10},"end":{"line":36,"column":60}},"type":"if","locations":[{"start":{"line":36,"column":10},"end":{"line":36,"column":60}}]},"9":{"loc":{"start":{"line":79,"column":2},"end":{"line":99,"column":3}},"type":"if","locations":[{"start":{"line":79,"column":2},"end":{"line":99,"column":3}}]},"10":{"loc":{"start":{"line":110,"column":16},"end":{"line":110,"column":53}},"type":"cond-expr","locations":[{"start":{"line":110,"column":28},"end":{"line":110,"column":40}},{"start":{"line":110,"column":43},"end":{"line":110,"column":53}}]},"11":{"loc":{"start":{"line":111,"column":18},"end":{"line":111,"column":78}},"type":"cond-expr","locations":[{"start":{"line":111,"column":54},"end":{"line":111,"column":66}},{"start":{"line":111,"column":69},"end":{"line":111,"column":78}}]},"12":{"loc":{"start":{"line":112,"column":18},"end":{"line":112,"column":78}},"type":"cond-expr","locations":[{"start":{"line":112,"column":54},"end":{"line":112,"column":66}},{"start":{"line":112,"column":69},"end":{"line":112,"column":78}}]},"13":{"loc":{"start":{"line":119,"column":2},"end":{"line":131,"column":3}},"type":"if","locations":[{"start":{"line":119,"column":2},"end":{"line":131,"column":3}}]},"14":{"loc":{"start":{"line":133,"column":15},"end":{"line":133,"column":48}},"type":"binary-expr","locations":[{"start":{"line":133,"column":15},"end":{"line":133,"column":40}},{"start":{"line":133,"column":44},"end":{"line":133,"column":48}}]},"15":{"loc":{"start":{"line":139,"column":2},"end":{"line":141,"column":3}},"type":"if","locations":[{"start":{"line":139,"column":2},"end":{"line":141,"column":3}}]}},"s":{"0":0,"1":0,"2":0,"3":0,"4":0,"5":0,"6":0,"7":0,"8":0,"9":0,"10":0,"11":0,"12":0,"13":0,"14":0,"15":0,"16":0,"17":0,"18":0,"19":0,"20":0,"21":0,"22":0,"23":0,"24":0,"25":0,"26":0,"27":0,"28":0,"29":0,"30":0,"31":0,"32":0,"33":0,"34":0,"35":0,"36":0,"37":0,"38":0,"39":0,"40":0,"41":0,"42":0,"43":0,"44":0,"45":0,"46":0,"47":0,"48":0,"49":0,"50":0,"51":0,"52":0,"53":0},"f":{"0":0,"1":0,"2":0,"3":0},"b":{"0":[0,0],"1":[0,0],"2":[0,0],"3":[0,0],"4":[0],"5":[0,0],"6":[0],"7":[0],"8":[0],"9":[0],"10":[0,0],"11":[0,0],"12":[0,0],"13":[0],"14":[0,0],"15":[0]}}
,"C:\\Users\\Jonas-dev\\tekup\\apps\\rendetalje\\services\\backend-nestjs\\src\\ai-friday\\ai-friday.controller.ts": {"path":"C:\\Users\\Jonas-dev\\tekup\\apps\\rendetalje\\services\\backend-nestjs\\src\\ai-friday\\ai-friday.controller.ts","statementMap":{"0":{"start":{"line":1,"column":0},"end":{"line":1,"column":null}},"1":{"start":{"line":18,"column":0},"end":{"line":18,"column":59}},"2":{"start":{"line":19,"column":0},"end":{"line":19,"column":97}},"3":{"start":{"line":21,"column":0},"end":{"line":21,"column":69}},"4":{"start":{"line":22,"column":0},"end":{"line":22,"column":62}},"5":{"start":{"line":23,"column":0},"end":{"line":23,"column":61}},"6":{"start":{"line":24,"column":0},"end":{"line":24,"column":56}},"7":{"start":{"line":25,"column":0},"end":{"line":25,"column":59}},"8":{"start":{"line":26,"column":0},"end":{"line":26,"column":58}},"9":{"start":{"line":32,"column":7},"end":{"line":274,"column":null}},"10":{"start":{"line":34,"column":21},"end":{"line":34,"column":38}},"11":{"start":{"line":35,"column":21},"end":{"line":35,"column":42}},"12":{"start":{"line":51,"column":44},"end":{"line":51,"column":55}},"13":{"start":{"line":54,"column":4},"end":{"line":54,"column":53}},"14":{"start":{"line":55,"column":4},"end":{"line":55,"column":37}},"15":{"start":{"line":58,"column":30},"end":{"line":58,"column":32}},"16":{"start":{"line":61,"column":4},"end":{"line":70,"column":5}},"17":{"start":{"line":62,"column":6},"end":{"line":62,"column":82}},"18":{"start":{"line":63,"column":6},"end":{"line":63,"column":106}},"19":{"start":{"line":65,"column":6},"end":{"line":69,"column":8}},"20":{"start":{"line":73,"column":4},"end":{"line":73,"column":75}},"21":{"start":{"line":76,"column":21},"end":{"line":76,"column":98}},"22":{"start":{"line":79,"column":4},"end":{"line":83,"column":7}},"23":{"start":{"line":85,"column":4},"end":{"line":88,"column":6}},"24":{"start":{"line":104,"column":44},"end":{"line":104,"column":55}},"25":{"start":{"line":106,"column":4},"end":{"line":106,"column":53}},"26":{"start":{"line":107,"column":4},"end":{"line":107,"column":37}},"27":{"start":{"line":110,"column":30},"end":{"line":110,"column":32}},"28":{"start":{"line":112,"column":4},"end":{"line":121,"column":5}},"29":{"start":{"line":113,"column":6},"end":{"line":113,"column":82}},"30":{"start":{"line":114,"column":6},"end":{"line":114,"column":106}},"31":{"start":{"line":116,"column":6},"end":{"line":120,"column":8}},"32":{"start":{"line":124,"column":4},"end":{"line":124,"column":75}},"33":{"start":{"line":127,"column":4},"end":{"line":127,"column":55}},"34":{"start":{"line":128,"column":4},"end":{"line":128,"column":47}},"35":{"start":{"line":129,"column":4},"end":{"line":129,"column":46}},"36":{"start":{"line":130,"column":4},"end":{"line":130,"column":54}},"37":{"start":{"line":132,"column":4},"end":{"line":149,"column":5}},"38":{"start":{"line":133,"column":21},"end":{"line":133,"column":100}},"39":{"start":{"line":134,"column":25},"end":{"line":134,"column":27}},"40":{"start":{"line":136,"column":6},"end":{"line":139,"column":7}},"41":{"start":{"line":137,"column":8},"end":{"line":137,"column":30}},"42":{"start":{"line":138,"column":8},"end":{"line":138,"column":83}},"43":{"start":{"line":142,"column":6},"end":{"line":142,"column":87}},"44":{"start":{"line":144,"column":6},"end":{"line":144,"column":36}},"45":{"start":{"line":145,"column":6},"end":{"line":145,"column":16}},"46":{"start":{"line":147,"column":6},"end":{"line":147,"column":73}},"47":{"start":{"line":148,"column":6},"end":{"line":148,"column":16}},"48":{"start":{"line":162,"column":4},"end":{"line":164,"column":5}},"49":{"start":{"line":163,"column":6},"end":{"line":163,"column":48}},"50":{"start":{"line":166,"column":17},"end":{"line":166,"column":82}},"51":{"start":{"line":167,"column":4},"end":{"line":167,"column":20}},"52":{"start":{"line":177,"column":24},"end":{"line":179,"column":null}},"53":{"start":{"line":182,"column":4},"end":{"line":182,"column":47}},"54":{"start":{"line":183,"column":4},"end":{"line":183,"column":56}},"55":{"start":{"line":184,"column":4},"end":{"line":184,"column":26}},"56":{"start":{"line":192,"column":4},"end":{"line":196,"column":6}},"57":{"start":{"line":203,"column":20},"end":{"line":203,"column":85}},"58":{"start":{"line":204,"column":21},"end":{"line":204,"column":94}},"59":{"start":{"line":206,"column":4},"end":{"line":209,"column":6}},"60":{"start":{"line":220,"column":4},"end":{"line":220,"column":83}},"61":{"start":{"line":228,"column":4},"end":{"line":228,"column":74}},"62":{"start":{"line":239,"column":4},"end":{"line":244,"column":6}},"63":{"start":{"line":256,"column":4},"end":{"line":260,"column":6}},"64":{"start":{"line":268,"column":22},"end":{"line":268,"column":62}},"65":{"start":{"line":269,"column":4},"end":{"line":272,"column":6}},"66":{"start":{"line":32,"column":13},"end":{"line":32,"column":31}},"67":{"start":{"line":43,"column":8},"end":{"line":89,"column":null}},"68":{"start":{"line":95,"column":8},"end":{"line":150,"column":null}},"69":{"start":{"line":158,"column":8},"end":{"line":168,"column":null}},"70":{"start":{"line":173,"column":8},"end":{"line":185,"column":null}},"71":{"start":{"line":191,"column":8},"end":{"line":197,"column":null}},"72":{"start":{"line":202,"column":8},"end":{"line":210,"column":null}},"73":{"start":{"line":215,"column":8},"end":{"line":221,"column":null}},"74":{"start":{"line":227,"column":8},"end":{"line":229,"column":null}},"75":{"start":{"line":234,"column":8},"end":{"line":245,"column":null}},"76":{"start":{"line":251,"column":8},"end":{"line":261,"column":null}},"77":{"start":{"line":267,"column":8},"end":{"line":273,"column":null}},"78":{"start":{"line":32,"column":13},"end":{"line":274,"column":null}}},"fnMap":{"0":{"name":"(anonymous_4)","decl":{"start":{"line":33,"column":2},"end":{"line":33,"column":null}},"loc":{"start":{"line":35,"column":61},"end":{"line":36,"column":6}}},"1":{"name":"(anonymous_5)","decl":{"start":{"line":43,"column":2},"end":{"line":43,"column":7}},"loc":{"start":{"line":49,"column":18},"end":{"line":89,"column":3}}},"2":{"name":"(anonymous_6)","decl":{"start":{"line":95,"column":2},"end":{"line":95,"column":7}},"loc":{"start":{"line":102,"column":24},"end":{"line":150,"column":3}}},"3":{"name":"(anonymous_7)","decl":{"start":{"line":158,"column":2},"end":{"line":158,"column":7}},"loc":{"start":{"line":160,"column":45},"end":{"line":168,"column":3}}},"4":{"name":"(anonymous_8)","decl":{"start":{"line":173,"column":2},"end":{"line":173,"column":7}},"loc":{"start":{"line":175,"column":24},"end":{"line":185,"column":3}}},"5":{"name":"(anonymous_9)","decl":{"start":{"line":191,"column":2},"end":{"line":191,"column":7}},"loc":{"start":{"line":191,"column":74},"end":{"line":197,"column":3}}},"6":{"name":"(anonymous_10)","decl":{"start":{"line":202,"column":2},"end":{"line":202,"column":7}},"loc":{"start":{"line":202,"column":65},"end":{"line":210,"column":3}}},"7":{"name":"(anonymous_11)","decl":{"start":{"line":215,"column":2},"end":{"line":215,"column":7}},"loc":{"start":{"line":218,"column":18},"end":{"line":221,"column":3}}},"8":{"name":"(anonymous_12)","decl":{"start":{"line":227,"column":2},"end":{"line":227,"column":7}},"loc":{"start":{"line":227,"column":68},"end":{"line":229,"column":3}}},"9":{"name":"(anonymous_13)","decl":{"start":{"line":234,"column":2},"end":{"line":234,"column":7}},"loc":{"start":{"line":237,"column":18},"end":{"line":245,"column":3}}},"10":{"name":"(anonymous_14)","decl":{"start":{"line":251,"column":2},"end":{"line":251,"column":7}},"loc":{"start":{"line":254,"column":18},"end":{"line":261,"column":3}}},"11":{"name":"(anonymous_15)","decl":{"start":{"line":267,"column":2},"end":{"line":267,"column":7}},"loc":{"start":{"line":267,"column":19},"end":{"line":273,"column":3}}}},"branchMap":{"0":{"loc":{"start":{"line":61,"column":4},"end":{"line":70,"column":5}},"type":"if","locations":[{"start":{"line":61,"column":4},"end":{"line":70,"column":5}},{"start":{"line":64,"column":11},"end":{"line":70,"column":5}}]},"1":{"loc":{"start":{"line":112,"column":4},"end":{"line":121,"column":5}},"type":"if","locations":[{"start":{"line":112,"column":4},"end":{"line":121,"column":5}},{"start":{"line":115,"column":11},"end":{"line":121,"column":5}}]},"2":{"loc":{"start":{"line":160,"column":22},"end":{"line":160,"column":45}},"type":"default-arg","locations":[{"start":{"line":160,"column":41},"end":{"line":160,"column":45}}]},"3":{"loc":{"start":{"line":162,"column":4},"end":{"line":164,"column":5}},"type":"if","locations":[{"start":{"line":162,"column":4},"end":{"line":164,"column":5}}]},"4":{"loc":{"start":{"line":179,"column":6},"end":{"line":179,"column":27}},"type":"binary-expr","locations":[{"start":{"line":179,"column":6},"end":{"line":179,"column":19}},{"start":{"line":179,"column":23},"end":{"line":179,"column":27}}]},"5":{"loc":{"start":{"line":191,"column":56},"end":{"line":191,"column":74}},"type":"default-arg","locations":[{"start":{"line":191,"column":72},"end":{"line":191,"column":74}}]},"6":{"loc":{"start":{"line":236,"column":20},"end":{"line":236,"column":38}},"type":"default-arg","locations":[{"start":{"line":236,"column":36},"end":{"line":236,"column":38}}]},"7":{"loc":{"start":{"line":270,"column":14},"end":{"line":270,"column":49}},"type":"cond-expr","locations":[{"start":{"line":270,"column":26},"end":{"line":270,"column":35}},{"start":{"line":270,"column":38},"end":{"line":270,"column":49}}]}},"s":{"0":0,"1":0,"2":0,"3":0,"4":0,"5":0,"6":0,"7":0,"8":0,"9":0,"10":0,"11":0,"12":0,"13":0,"14":0,"15":0,"16":0,"17":0,"18":0,"19":0,"20":0,"21":0,"22":0,"23":0,"24":0,"25":0,"26":0,"27":0,"28":0,"29":0,"30":0,"31":0,"32":0,"33":0,"34":0,"35":0,"36":0,"37":0,"38":0,"39":0,"40":0,"41":0,"42":0,"43":0,"44":0,"45":0,"46":0,"47":0,"48":0,"49":0,"50":0,"51":0,"52":0,"53":0,"54":0,"55":0,"56":0,"57":0,"58":0,"59":0,"60":0,"61":0,"62":0,"63":0,"64":0,"65":0,"66":0,"67":0,"68":0,"69":0,"70":0,"71":0,"72":0,"73":0,"74":0,"75":0,"76":0,"77":0,"78":0},"f":{"0":0,"1":0,"2":0,"3":0,"4":0,"5":0,"6":0,"7":0,"8":0,"9":0,"10":0,"11":0},"b":{"0":[0,0],"1":[0,0],"2":[0],"3":[0],"4":[0,0],"5":[0],"6":[0],"7":[0,0]}}
,"C:\\Users\\Jonas-dev\\tekup\\apps\\rendetalje\\services\\backend-nestjs\\src\\ai-friday\\ai-friday.module.ts": {"path":"C:\\Users\\Jonas-dev\\tekup\\apps\\rendetalje\\services\\backend-nestjs\\src\\ai-friday\\ai-friday.module.ts","statementMap":{"0":{"start":{"line":1,"column":1},"end":{"line":1,"column":41}},"1":{"start":{"line":2,"column":0},"end":{"line":2,"column":43}},"2":{"start":{"line":3,"column":0},"end":{"line":3,"column":46}},"3":{"start":{"line":4,"column":0},"end":{"line":4,"column":61}},"4":{"start":{"line":5,"column":0},"end":{"line":5,"column":54}},"5":{"start":{"line":6,"column":0},"end":{"line":6,"column":60}},"6":{"start":{"line":7,"column":0},"end":{"line":7,"column":62}},"7":{"start":{"line":8,"column":0},"end":{"line":8,"column":52}},"8":{"start":{"line":9,"column":0},"end":{"line":9,"column":64}},"9":{"start":{"line":10,"column":0},"end":{"line":10,"column":49}},"10":{"start":{"line":28,"column":7},"end":{"line":28,"column":null}},"11":{"start":{"line":28,"column":13},"end":{"line":28,"column":27}},"12":{"start":{"line":28,"column":13},"end":{"line":28,"column":null}}},"fnMap":{},"branchMap":{},"s":{"0":0,"1":0,"2":0,"3":0,"4":0,"5":0,"6":0,"7":0,"8":0,"9":0,"10":0,"11":0,"12":0},"f":{},"b":{}}
,"C:\\Users\\Jonas-dev\\tekup\\apps\\rendetalje\\services\\backend-nestjs\\src\\ai-friday\\ai-friday.service.ts": {"path":"C:\\Users\\Jonas-dev\\tekup\\apps\\rendetalje\\services\\backend-nestjs\\src\\ai-friday\\ai-friday.service.ts","statementMap":{"0":{"start":{"line":1,"column":0},"end":{"line":1,"column":73}},"1":{"start":{"line":2,"column":0},"end":{"line":2,"column":44}},"2":{"start":{"line":3,"column":0},"end":{"line":3,"column":47}},"3":{"start":{"line":4,"column":0},"end":{"line":4,"column":66}},"4":{"start":{"line":5,"column":0},"end":{"line":5,"column":54}},"5":{"start":{"line":6,"column":0},"end":{"line":6,"column":66}},"6":{"start":{"line":7,"column":0},"end":{"line":7,"column":51}},"7":{"start":{"line":38,"column":28},"end":{"line":423,"column":null}},"8":{"start":{"line":44,"column":21},"end":{"line":44,"column":34}},"9":{"start":{"line":45,"column":21},"end":{"line":45,"column":36}},"10":{"start":{"line":46,"column":21},"end":{"line":46,"column":35}},"11":{"start":{"line":47,"column":21},"end":{"line":47,"column":39}},"12":{"start":{"line":48,"column":21},"end":{"line":48,"column":34}},"13":{"start":{"line":39,"column":19},"end":{"line":39,"column":61}},"14":{"start":{"line":50,"column":4},"end":{"line":50,"column":79}},"15":{"start":{"line":51,"column":4},"end":{"line":51,"column":81}},"16":{"start":{"line":53,"column":4},"end":{"line":55,"column":5}},"17":{"start":{"line":54,"column":6},"end":{"line":54,"column":72}},"18":{"start":{"line":63,"column":4},"end":{"line":133,"column":5}},"19":{"start":{"line":64,"column":6},"end":{"line":67,"column":9}},"20":{"start":{"line":70,"column":31},"end":{"line":70,"column":81}},"21":{"start":{"line":73,"column":27},"end":{"line":83,"column":8}},"22":{"start":{"line":85,"column":23},"end":{"line":108,"column":null}},"23":{"start":{"line":105,"column":12},"end":{"line":105,"column":74}},"24":{"start":{"line":106,"column":12},"end":{"line":106,"column":24}},"25":{"start":{"line":111,"column":45},"end":{"line":111,"column":58}},"26":{"start":{"line":114,"column":6},"end":{"line":116,"column":7}},"27":{"start":{"line":115,"column":8},"end":{"line":115,"column":67}},"28":{"start":{"line":118,"column":6},"end":{"line":121,"column":9}},"29":{"start":{"line":123,"column":6},"end":{"line":123,"column":28}},"30":{"start":{"line":126,"column":6},"end":{"line":126,"column":72}},"31":{"start":{"line":129,"column":6},"end":{"line":132,"column":8}},"32":{"start":{"line":141,"column":4},"end":{"line":181,"column":5}},"33":{"start":{"line":142,"column":31},"end":{"line":142,"column":81}},"34":{"start":{"line":144,"column":27},"end":{"line":154,"column":8}},"35":{"start":{"line":156,"column":23},"end":{"line":173,"column":null}},"36":{"start":{"line":176,"column":6},"end":{"line":176,"column":53}},"37":{"start":{"line":179,"column":6},"end":{"line":179,"column":66}},"38":{"start":{"line":180,"column":6},"end":{"line":180,"column":80}},"39":{"start":{"line":185,"column":17},"end":{"line":197,"column":54}},"40":{"start":{"line":200,"column":4},"end":{"line":232,"column":5}},"41":{"start":{"line":202,"column":8},"end":{"line":206,"column":31}},"42":{"start":{"line":207,"column":8},"end":{"line":207,"column":14}},"43":{"start":{"line":210,"column":8},"end":{"line":214,"column":35}},"44":{"start":{"line":215,"column":8},"end":{"line":215,"column":14}},"45":{"start":{"line":218,"column":8},"end":{"line":222,"column":27}},"46":{"start":{"line":223,"column":8},"end":{"line":223,"column":14}},"47":{"start":{"line":226,"column":8},"end":{"line":230,"column":28}},"48":{"start":{"line":231,"column":8},"end":{"line":231,"column":14}},"49":{"start":{"line":235,"column":4},"end":{"line":244,"column":5}},"50":{"start":{"line":236,"column":6},"end":{"line":243,"column":7}},"51":{"start":{"line":238,"column":8},"end":{"line":238,"column":79}},"52":{"start":{"line":242,"column":8},"end":{"line":242,"column":63}},"53":{"start":{"line":246,"column":4},"end":{"line":255,"column":5}},"54":{"start":{"line":247,"column":6},"end":{"line":254,"column":7}},"55":{"start":{"line":249,"column":8},"end":{"line":249,"column":73}},"56":{"start":{"line":253,"column":8},"end":{"line":253,"column":68}},"57":{"start":{"line":258,"column":4},"end":{"line":260,"column":5}},"58":{"start":{"line":259,"column":6},"end":{"line":259,"column":78}},"59":{"start":{"line":262,"column":4},"end":{"line":262,"column":18}},"60":{"start":{"line":266,"column":4},"end":{"line":296,"column":5}},"61":{"start":{"line":267,"column":6},"end":{"line":295,"column":7}},"62":{"start":{"line":268,"column":8},"end":{"line":292,"column":9}},"63":{"start":{"line":271,"column":12},"end":{"line":271,"column":72}},"64":{"start":{"line":272,"column":12},"end":{"line":272,"column":18}},"65":{"start":{"line":276,"column":12},"end":{"line":276,"column":77}},"66":{"start":{"line":277,"column":12},"end":{"line":277,"column":18}},"67":{"start":{"line":280,"column":12},"end":{"line":280,"column":79}},"68":{"start":{"line":281,"column":12},"end":{"line":281,"column":18}},"69":{"start":{"line":285,"column":12},"end":{"line":287,"column":13}},"70":{"start":{"line":286,"column":14},"end":{"line":286,"column":73}},"71":{"start":{"line":288,"column":12},"end":{"line":288,"column":18}},"72":{"start":{"line":291,"column":12},"end":{"line":291,"column":68}},"73":{"start":{"line":294,"column":8},"end":{"line":294,"column":77}},"74":{"start":{"line":301,"column":4},"end":{"line":301,"column":56}},"75":{"start":{"line":302,"column":4},"end":{"line":302,"column":14}},"76":{"start":{"line":307,"column":4},"end":{"line":307,"column":61}},"77":{"start":{"line":308,"column":4},"end":{"line":308,"column":14}},"78":{"start":{"line":313,"column":4},"end":{"line":313,"column":61}},"79":{"start":{"line":314,"column":4},"end":{"line":314,"column":16}},"80":{"start":{"line":319,"column":4},"end":{"line":319,"column":55}},"81":{"start":{"line":320,"column":4},"end":{"line":320,"column":16}},"82":{"start":{"line":324,"column":17},"end":{"line":324,"column":19}},"83":{"start":{"line":326,"column":4},"end":{"line":348,"column":5}},"84":{"start":{"line":327,"column":6},"end":{"line":327,"column":33}},"85":{"start":{"line":328,"column":20},"end":{"line":328,"column":38}},"86":{"start":{"line":329,"column":6},"end":{"line":329,"column":33}},"87":{"start":{"line":331,"column":6},"end":{"line":347,"column":7}},"88":{"start":{"line":332,"column":8},"end":{"line":346,"column":9}},"89":{"start":{"line":333,"column":23},"end":{"line":333,"column":36}},"90":{"start":{"line":334,"column":10},"end":{"line":336,"column":11}},"91":{"start":{"line":335,"column":12},"end":{"line":335,"column":19}},"92":{"start":{"line":338,"column":10},"end":{"line":345,"column":11}},"93":{"start":{"line":339,"column":27},"end":{"line":339,"column":43}},"94":{"start":{"line":340,"column":12},"end":{"line":342,"column":13}},"95":{"start":{"line":341,"column":14},"end":{"line":341,"column":52}},"96":{"start":{"line":353,"column":4},"end":{"line":380,"column":5}},"97":{"start":{"line":354,"column":23},"end":{"line":354,"column":37}},"98":{"start":{"line":356,"column":26},"end":{"line":358,"column":null}},"99":{"start":{"line":360,"column":6},"end":{"line":360,"column":69}},"100":{"start":{"line":361,"column":6},"end":{"line":361,"column":44}},"101":{"start":{"line":363,"column":23},"end":{"line":373,"column":null}},"102":{"start":{"line":376,"column":6},"end":{"line":376,"column":32}},"103":{"start":{"line":378,"column":6},"end":{"line":378,"column":61}},"104":{"start":{"line":379,"column":6},"end":{"line":379,"column":66}},"105":{"start":{"line":385,"column":4},"end":{"line":404,"column":5}},"106":{"start":{"line":386,"column":23},"end":{"line":397,"column":null}},"107":{"start":{"line":400,"column":6},"end":{"line":400,"column":40}},"108":{"start":{"line":402,"column":6},"end":{"line":402,"column":62}},"109":{"start":{"line":403,"column":6},"end":{"line":403,"column":67}},"110":{"start":{"line":409,"column":4},"end":{"line":421,"column":5}},"111":{"start":{"line":410,"column":6},"end":{"line":416,"column":8}},"112":{"start":{"line":417,"column":6},"end":{"line":417,"column":18}},"113":{"start":{"line":419,"column":6},"end":{"line":419,"column":64}},"114":{"start":{"line":420,"column":6},"end":{"line":420,"column":19}},"115":{"start":{"line":38,"column":13},"end":{"line":38,"column":28}},"116":{"start":{"line":38,"column":13},"end":{"line":423,"column":null}}},"fnMap":{"0":{"name":"(anonymous_2)","decl":{"start":{"line":43,"column":2},"end":{"line":43,"column":null}},"loc":{"start":{"line":48,"column":45},"end":{"line":56,"column":3}}},"1":{"name":"(anonymous_3)","decl":{"start":{"line":58,"column":2},"end":{"line":58,"column":7}},"loc":{"start":{"line":61,"column":45},"end":{"line":134,"column":3}}},"2":{"name":"(anonymous_4)","decl":{"start":{"line":104,"column":21},"end":{"line":104,"column":22}},"loc":{"start":{"line":104,"column":31},"end":{"line":107,"column":11}}},"3":{"name":"(anonymous_5)","decl":{"start":{"line":136,"column":2},"end":{"line":136,"column":7}},"loc":{"start":{"line":139,"column":45},"end":{"line":182,"column":3}}},"4":{"name":"(anonymous_6)","decl":{"start":{"line":184,"column":10},"end":{"line":184,"column":15}},"loc":{"start":{"line":184,"column":77},"end":{"line":263,"column":3}}},"5":{"name":"(anonymous_7)","decl":{"start":{"line":265,"column":10},"end":{"line":265,"column":15}},"loc":{"start":{"line":265,"column":69},"end":{"line":297,"column":3}}},"6":{"name":"(anonymous_8)","decl":{"start":{"line":299,"column":10},"end":{"line":299,"column":15}},"loc":{"start":{"line":299,"column":63},"end":{"line":303,"column":3}}},"7":{"name":"(anonymous_9)","decl":{"start":{"line":305,"column":10},"end":{"line":305,"column":15}},"loc":{"start":{"line":305,"column":68},"end":{"line":309,"column":3}}},"8":{"name":"(anonymous_10)","decl":{"start":{"line":311,"column":10},"end":{"line":311,"column":15}},"loc":{"start":{"line":311,"column":68},"end":{"line":315,"column":3}}},"9":{"name":"(anonymous_11)","decl":{"start":{"line":317,"column":10},"end":{"line":317,"column":15}},"loc":{"start":{"line":317,"column":62},"end":{"line":321,"column":3}}},"10":{"name":"(anonymous_12)","decl":{"start":{"line":323,"column":10},"end":{"line":323,"column":15}},"loc":{"start":{"line":323,"column":48},"end":{"line":349,"column":3}}},"11":{"name":"(anonymous_13)","decl":{"start":{"line":352,"column":2},"end":{"line":352,"column":7}},"loc":{"start":{"line":352,"column":68},"end":{"line":381,"column":3}}},"12":{"name":"(anonymous_14)","decl":{"start":{"line":384,"column":2},"end":{"line":384,"column":7}},"loc":{"start":{"line":384,"column":62},"end":{"line":405,"column":3}}},"13":{"name":"(anonymous_15)","decl":{"start":{"line":408,"column":2},"end":{"line":408,"column":7}},"loc":{"start":{"line":408,"column":19},"end":{"line":422,"column":3}}}},"branchMap":{"0":{"loc":{"start":{"line":53,"column":4},"end":{"line":55,"column":5}},"type":"if","locations":[{"start":{"line":53,"column":4},"end":{"line":55,"column":5}}]},"1":{"loc":{"start":{"line":53,"column":8},"end":{"line":53,"column":37}},"type":"binary-expr","locations":[{"start":{"line":53,"column":8},"end":{"line":53,"column":21}},{"start":{"line":53,"column":25},"end":{"line":53,"column":37}}]},"2":{"loc":{"start":{"line":61,"column":4},"end":{"line":61,"column":45}},"type":"default-arg","locations":[{"start":{"line":61,"column":43},"end":{"line":61,"column":45}}]},"3":{"loc":{"start":{"line":114,"column":6},"end":{"line":116,"column":7}},"type":"if","locations":[{"start":{"line":114,"column":6},"end":{"line":116,"column":7}}]},"4":{"loc":{"start":{"line":139,"column":4},"end":{"line":139,"column":45}},"type":"default-arg","locations":[{"start":{"line":139,"column":43},"end":{"line":139,"column":45}}]},"5":{"loc":{"start":{"line":188,"column":18},"end":{"line":188,"column":60}},"type":"binary-expr","locations":[{"start":{"line":188,"column":18},"end":{"line":188,"column":37}},{"start":{"line":188,"column":41},"end":{"line":188,"column":60}}]},"6":{"loc":{"start":{"line":200,"column":4},"end":{"line":232,"column":5}},"type":"switch","locations":[{"start":{"line":201,"column":6},"end":{"line":207,"column":14}},{"start":{"line":209,"column":6},"end":{"line":215,"column":14}},{"start":{"line":217,"column":6},"end":{"line":223,"column":14}},{"start":{"line":225,"column":6},"end":{"line":231,"column":14}}]},"7":{"loc":{"start":{"line":235,"column":4},"end":{"line":244,"column":5}},"type":"if","locations":[{"start":{"line":235,"column":4},"end":{"line":244,"column":5}}]},"8":{"loc":{"start":{"line":246,"column":4},"end":{"line":255,"column":5}},"type":"if","locations":[{"start":{"line":246,"column":4},"end":{"line":255,"column":5}}]},"9":{"loc":{"start":{"line":258,"column":4},"end":{"line":260,"column":5}},"type":"if","locations":[{"start":{"line":258,"column":4},"end":{"line":260,"column":5}}]},"10":{"loc":{"start":{"line":258,"column":8},"end":{"line":258,"column":65}},"type":"binary-expr","locations":[{"start":{"line":258,"column":8},"end":{"line":258,"column":29}},{"start":{"line":258,"column":33},"end":{"line":258,"column":65}}]},"11":{"loc":{"start":{"line":268,"column":8},"end":{"line":292,"column":9}},"type":"switch","locations":[{"start":{"line":269,"column":10},"end":{"line":272,"column":18}},{"start":{"line":274,"column":10},"end":{"line":277,"column":18}},{"start":{"line":279,"column":10},"end":{"line":281,"column":18}},{"start":{"line":283,"column":10},"end":{"line":288,"column":18}},{"start":{"line":290,"column":10},"end":{"line":291,"column":68}}]},"12":{"loc":{"start":{"line":285,"column":12},"end":{"line":287,"column":13}},"type":"if","locations":[{"start":{"line":285,"column":12},"end":{"line":287,"column":13}}]},"13":{"loc":{"start":{"line":285,"column":16},"end":{"line":285,"column":76}},"type":"binary-expr","locations":[{"start":{"line":285,"column":16},"end":{"line":285,"column":44}},{"start":{"line":285,"column":48},"end":{"line":285,"column":76}}]},"14":{"loc":{"start":{"line":329,"column":15},"end":{"line":329,"column":32}},"type":"binary-expr","locations":[{"start":{"line":329,"column":15},"end":{"line":329,"column":26}},{"start":{"line":329,"column":30},"end":{"line":329,"column":32}}]},"15":{"loc":{"start":{"line":332,"column":8},"end":{"line":346,"column":9}},"type":"if","locations":[{"start":{"line":332,"column":8},"end":{"line":346,"column":9}}]},"16":{"loc":{"start":{"line":334,"column":10},"end":{"line":336,"column":11}},"type":"if","locations":[{"start":{"line":334,"column":10},"end":{"line":336,"column":11}}]},"17":{"loc":{"start":{"line":340,"column":12},"end":{"line":342,"column":13}},"type":"if","locations":[{"start":{"line":340,"column":12},"end":{"line":342,"column":13}}]},"18":{"loc":{"start":{"line":352,"column":45},"end":{"line":352,"column":68}},"type":"default-arg","locations":[{"start":{"line":352,"column":64},"end":{"line":352,"column":68}}]},"19":{"loc":{"start":{"line":384,"column":39},"end":{"line":384,"column":62}},"type":"default-arg","locations":[{"start":{"line":384,"column":58},"end":{"line":384,"column":62}}]}},"s":{"0":0,"1":0,"2":0,"3":0,"4":0,"5":0,"6":0,"7":0,"8":0,"9":0,"10":0,"11":0,"12":0,"13":0,"14":0,"15":0,"16":0,"17":0,"18":0,"19":0,"20":0,"21":0,"22":0,"23":0,"24":0,"25":0,"26":0,"27":0,"28":0,"29":0,"30":0,"31":0,"32":0,"33":0,"34":0,"35":0,"36":0,"37":0,"38":0,"39":0,"40":0,"41":0,"42":0,"43":0,"44":0,"45":0,"46":0,"47":0,"48":0,"49":0,"50":0,"51":0,"52":0,"53":0,"54":0,"55":0,"56":0,"57":0,"58":0,"59":0,"60":0,"61":0,"62":0,"63":0,"64":0,"65":0,"66":0,"67":0,"68":0,"69":0,"70":0,"71":0,"72":0,"73":0,"74":0,"75":0,"76":0,"77":0,"78":0,"79":0,"80":0,"81":0,"82":0,"83":0,"84":0,"85":0,"86":0,"87":0,"88":0,"89":0,"90":0,"91":0,"92":0,"93":0,"94":0,"95":0,"96":0,"97":0,"98":0,"99":0,"100":0,"101":0,"102":0,"103":0,"104":0,"105":0,"106":0,"107":0,"108":0,"109":0,"110":0,"111":0,"112":0,"113":0,"114":0,"115":0,"116":0},"f":{"0":0,"1":0,"2":0,"3":0,"4":0,"5":0,"6":0,"7":0,"8":0,"9":0,"10":0,"11":0,"12":0,"13":0},"b":{"0":[0],"1":[0,0],"2":[0],"3":[0],"4":[0],"5":[0,0],"6":[0,0,0,0],"7":[0],"8":[0],"9":[0],"10":[0,0],"11":[0,0,0,0,0],"12":[0],"13":[0,0],"14":[0,0],"15":[0],"16":[0],"17":[0],"18":[0],"19":[0]}}
,"C:\\Users\\Jonas-dev\\tekup\\apps\\rendetalje\\services\\backend-nestjs\\src\\ai-friday\\chat-sessions.service.ts": {"path":"C:\\Users\\Jonas-dev\\tekup\\apps\\rendetalje\\services\\backend-nestjs\\src\\ai-friday\\chat-sessions.service.ts","statementMap":{"0":{"start":{"line":1,"column":0},"end":{"line":1,"column":92}},"1":{"start":{"line":2,"column":0},"end":{"line":2,"column":59}},"2":{"start":{"line":26,"column":32},"end":{"line":355,"column":null}},"3":{"start":{"line":29,"column":31},"end":{"line":29,"column":39}},"4":{"start":{"line":27,"column":19},"end":{"line":27,"column":65}},"5":{"start":{"line":37,"column":4},"end":{"line":59,"column":5}},"6":{"start":{"line":38,"column":22},"end":{"line":52,"column":8}},"7":{"start":{"line":54,"column":6},"end":{"line":54,"column":61}},"8":{"start":{"line":55,"column":6},"end":{"line":55,"column":49}},"9":{"start":{"line":57,"column":6},"end":{"line":57,"column":64}},"10":{"start":{"line":58,"column":6},"end":{"line":58,"column":69}},"11":{"start":{"line":63,"column":4},"end":{"line":82,"column":5}},"12":{"start":{"line":64,"column":22},"end":{"line":69,"column":8}},"13":{"start":{"line":71,"column":6},"end":{"line":73,"column":7}},"14":{"start":{"line":72,"column":8},"end":{"line":72,"column":62}},"15":{"start":{"line":75,"column":6},"end":{"line":75,"column":49}},"16":{"start":{"line":77,"column":6},"end":{"line":79,"column":7}},"17":{"start":{"line":78,"column":8},"end":{"line":78,"column":20}},"18":{"start":{"line":80,"column":6},"end":{"line":80,"column":61}},"19":{"start":{"line":81,"column":6},"end":{"line":81,"column":66}},"20":{"start":{"line":90,"column":4},"end":{"line":106,"column":5}},"21":{"start":{"line":91,"column":23},"end":{"line":100,"column":8}},"22":{"start":{"line":102,"column":6},"end":{"line":102,"column":62}},"23":{"start":{"line":102,"column":31},"end":{"line":102,"column":60}},"24":{"start":{"line":104,"column":6},"end":{"line":104,"column":62}},"25":{"start":{"line":105,"column":6},"end":{"line":105,"column":67}},"26":{"start":{"line":114,"column":4},"end":{"line":127,"column":5}},"27":{"start":{"line":115,"column":22},"end":{"line":121,"column":8}},"28":{"start":{"line":123,"column":6},"end":{"line":123,"column":49}},"29":{"start":{"line":125,"column":6},"end":{"line":125,"column":64}},"30":{"start":{"line":126,"column":6},"end":{"line":126,"column":69}},"31":{"start":{"line":131,"column":4},"end":{"line":143,"column":5}},"32":{"start":{"line":132,"column":6},"end":{"line":137,"column":9}},"33":{"start":{"line":139,"column":6},"end":{"line":139,"column":60}},"34":{"start":{"line":141,"column":6},"end":{"line":141,"column":64}},"35":{"start":{"line":142,"column":6},"end":{"line":142,"column":69}},"36":{"start":{"line":152,"column":4},"end":{"line":172,"column":5}},"37":{"start":{"line":153,"column":22},"end":{"line":160,"column":8}},"38":{"start":{"line":163,"column":6},"end":{"line":166,"column":9}},"39":{"start":{"line":168,"column":6},"end":{"line":168,"column":49}},"40":{"start":{"line":170,"column":6},"end":{"line":170,"column":61}},"41":{"start":{"line":171,"column":6},"end":{"line":171,"column":66}},"42":{"start":{"line":180,"column":4},"end":{"line":198,"column":5}},"43":{"start":{"line":182,"column":6},"end":{"line":182,"column":47}},"44":{"start":{"line":184,"column":23},"end":{"line":192,"column":8}},"45":{"start":{"line":194,"column":6},"end":{"line":194,"column":62}},"46":{"start":{"line":194,"column":31},"end":{"line":194,"column":60}},"47":{"start":{"line":196,"column":6},"end":{"line":196,"column":65}},"48":{"start":{"line":197,"column":6},"end":{"line":197,"column":18}},"49":{"start":{"line":206,"column":21},"end":{"line":206,"column":76}},"50":{"start":{"line":208,"column":4},"end":{"line":213,"column":8}},"51":{"start":{"line":208,"column":32},"end":{"line":213,"column":6}},"52":{"start":{"line":222,"column":4},"end":{"line":242,"column":5}},"53":{"start":{"line":223,"column":23},"end":{"line":236,"column":8}},"54":{"start":{"line":238,"column":6},"end":{"line":238,"column":62}},"55":{"start":{"line":238,"column":31},"end":{"line":238,"column":60}},"56":{"start":{"line":240,"column":6},"end":{"line":240,"column":60}},"57":{"start":{"line":241,"column":6},"end":{"line":241,"column":65}},"58":{"start":{"line":250,"column":4},"end":{"line":319,"column":5}},"59":{"start":{"line":251,"column":23},"end":{"line":251,"column":41}},"60":{"start":{"line":252,"column":21},"end":{"line":252,"column":37}},"61":{"start":{"line":255,"column":23},"end":{"line":268,"column":8}},"62":{"start":{"line":271,"column":23},"end":{"line":286,"column":8}},"63":{"start":{"line":289,"column":28},"end":{"line":289,"column":43}},"64":{"start":{"line":290,"column":28},"end":{"line":290,"column":43}},"65":{"start":{"line":291,"column":27},"end":{"line":291,"column":73}},"66":{"start":{"line":291,"column":48},"end":{"line":291,"column":65}},"67":{"start":{"line":292,"column":32},"end":{"line":292,"column":83}},"68":{"start":{"line":292,"column":53},"end":{"line":292,"column":75}},"69":{"start":{"line":295,"column":32},"end":{"line":298,"column":38}},"70":{"start":{"line":296,"column":8},"end":{"line":296,"column":63}},"71":{"start":{"line":297,"column":8},"end":{"line":297,"column":19}},"72":{"start":{"line":301,"column":25},"end":{"line":305,"column":38}},"73":{"start":{"line":302,"column":21},"end":{"line":302,"column":66}},"74":{"start":{"line":303,"column":8},"end":{"line":303,"column":41}},"75":{"start":{"line":304,"column":8},"end":{"line":304,"column":19}},"76":{"start":{"line":307,"column":6},"end":{"line":315,"column":8}},"77":{"start":{"line":317,"column":6},"end":{"line":317,"column":66}},"78":{"start":{"line":318,"column":6},"end":{"line":318,"column":71}},"79":{"start":{"line":323,"column":22},"end":{"line":323,"column":56}},"80":{"start":{"line":325,"column":4},"end":{"line":327,"column":5}},"81":{"start":{"line":326,"column":6},"end":{"line":326,"column":62}},"82":{"start":{"line":329,"column":4},"end":{"line":329,"column":40}},"83":{"start":{"line":333,"column":4},"end":{"line":342,"column":6}},"84":{"start":{"line":346,"column":4},"end":{"line":353,"column":6}},"85":{"start":{"line":26,"column":13},"end":{"line":26,"column":32}},"86":{"start":{"line":26,"column":13},"end":{"line":355,"column":null}}},"fnMap":{"0":{"name":"(anonymous_2)","decl":{"start":{"line":29,"column":2},"end":{"line":29,"column":31}},"loc":{"start":{"line":29,"column":52},"end":{"line":29,"column":56}}},"1":{"name":"(anonymous_3)","decl":{"start":{"line":31,"column":2},"end":{"line":31,"column":7}},"loc":{"start":{"line":35,"column":18},"end":{"line":60,"column":3}}},"2":{"name":"(anonymous_4)","decl":{"start":{"line":62,"column":2},"end":{"line":62,"column":7}},"loc":{"start":{"line":62,"column":52},"end":{"line":83,"column":3}}},"3":{"name":"(anonymous_5)","decl":{"start":{"line":85,"column":2},"end":{"line":85,"column":7}},"loc":{"start":{"line":88,"column":22},"end":{"line":107,"column":3}}},"4":{"name":"(anonymous_6)","decl":{"start":{"line":102,"column":26},"end":{"line":102,"column":27}},"loc":{"start":{"line":102,"column":31},"end":{"line":102,"column":60}}},"5":{"name":"(anonymous_7)","decl":{"start":{"line":109,"column":2},"end":{"line":109,"column":7}},"loc":{"start":{"line":112,"column":63},"end":{"line":128,"column":3}}},"6":{"name":"(anonymous_8)","decl":{"start":{"line":130,"column":2},"end":{"line":130,"column":7}},"loc":{"start":{"line":130,"column":55},"end":{"line":144,"column":3}}},"7":{"name":"(anonymous_9)","decl":{"start":{"line":146,"column":2},"end":{"line":146,"column":7}},"loc":{"start":{"line":150,"column":38},"end":{"line":173,"column":3}}},"8":{"name":"(anonymous_10)","decl":{"start":{"line":175,"column":2},"end":{"line":175,"column":7}},"loc":{"start":{"line":178,"column":22},"end":{"line":199,"column":3}}},"9":{"name":"(anonymous_11)","decl":{"start":{"line":194,"column":26},"end":{"line":194,"column":27}},"loc":{"start":{"line":194,"column":31},"end":{"line":194,"column":60}}},"10":{"name":"(anonymous_12)","decl":{"start":{"line":201,"column":2},"end":{"line":201,"column":7}},"loc":{"start":{"line":204,"column":22},"end":{"line":214,"column":3}}},"11":{"name":"(anonymous_13)","decl":{"start":{"line":208,"column":24},"end":{"line":208,"column":27}},"loc":{"start":{"line":208,"column":32},"end":{"line":213,"column":6}}},"12":{"name":"(anonymous_14)","decl":{"start":{"line":216,"column":2},"end":{"line":216,"column":7}},"loc":{"start":{"line":220,"column":22},"end":{"line":243,"column":3}}},"13":{"name":"(anonymous_15)","decl":{"start":{"line":238,"column":26},"end":{"line":238,"column":27}},"loc":{"start":{"line":238,"column":31},"end":{"line":238,"column":60}}},"14":{"name":"(anonymous_16)","decl":{"start":{"line":245,"column":2},"end":{"line":245,"column":7}},"loc":{"start":{"line":248,"column":18},"end":{"line":320,"column":3}}},"15":{"name":"(anonymous_17)","decl":{"start":{"line":291,"column":43},"end":{"line":291,"column":44}},"loc":{"start":{"line":291,"column":48},"end":{"line":291,"column":65}}},"16":{"name":"(anonymous_18)","decl":{"start":{"line":292,"column":48},"end":{"line":292,"column":49}},"loc":{"start":{"line":292,"column":53},"end":{"line":292,"column":75}}},"17":{"name":"(anonymous_19)","decl":{"start":{"line":295,"column":48},"end":{"line":295,"column":49}},"loc":{"start":{"line":295,"column":65},"end":{"line":298,"column":7}}},"18":{"name":"(anonymous_20)","decl":{"start":{"line":301,"column":41},"end":{"line":301,"column":42}},"loc":{"start":{"line":301,"column":58},"end":{"line":305,"column":7}}},"19":{"name":"(anonymous_21)","decl":{"start":{"line":322,"column":10},"end":{"line":322,"column":30}},"loc":{"start":{"line":322,"column":53},"end":{"line":330,"column":3}}},"20":{"name":"(anonymous_22)","decl":{"start":{"line":332,"column":10},"end":{"line":332,"column":31}},"loc":{"start":{"line":332,"column":44},"end":{"line":343,"column":3}}},"21":{"name":"(anonymous_23)","decl":{"start":{"line":345,"column":10},"end":{"line":345,"column":31}},"loc":{"start":{"line":345,"column":44},"end":{"line":354,"column":3}}}},"branchMap":{"0":{"loc":{"start":{"line":43,"column":17},"end":{"line":43,"column":60}},"type":"binary-expr","locations":[{"start":{"line":43,"column":17},"end":{"line":43,"column":22}},{"start":{"line":43,"column":26},"end":{"line":43,"column":60}}]},"1":{"loc":{"start":{"line":71,"column":6},"end":{"line":73,"column":7}},"type":"if","locations":[{"start":{"line":71,"column":6},"end":{"line":73,"column":7}}]},"2":{"loc":{"start":{"line":77,"column":6},"end":{"line":79,"column":7}},"type":"if","locations":[{"start":{"line":77,"column":6},"end":{"line":79,"column":7}}]},"3":{"loc":{"start":{"line":88,"column":4},"end":{"line":88,"column":22}},"type":"default-arg","locations":[{"start":{"line":88,"column":20},"end":{"line":88,"column":22}}]},"4":{"loc":{"start":{"line":150,"column":4},"end":{"line":150,"column":38}},"type":"default-arg","locations":[{"start":{"line":150,"column":36},"end":{"line":150,"column":38}}]},"5":{"loc":{"start":{"line":178,"column":4},"end":{"line":178,"column":22}},"type":"default-arg","locations":[{"start":{"line":178,"column":20},"end":{"line":178,"column":22}}]},"6":{"loc":{"start":{"line":204,"column":4},"end":{"line":204,"column":22}},"type":"default-arg","locations":[{"start":{"line":204,"column":20},"end":{"line":204,"column":22}}]},"7":{"loc":{"start":{"line":220,"column":4},"end":{"line":220,"column":22}},"type":"default-arg","locations":[{"start":{"line":220,"column":20},"end":{"line":220,"column":22}}]},"8":{"loc":{"start":{"line":296,"column":32},"end":{"line":296,"column":57}},"type":"binary-expr","locations":[{"start":{"line":296,"column":32},"end":{"line":296,"column":52}},{"start":{"line":296,"column":56},"end":{"line":296,"column":57}}]},"9":{"loc":{"start":{"line":303,"column":21},"end":{"line":303,"column":35}},"type":"binary-expr","locations":[{"start":{"line":303,"column":21},"end":{"line":303,"column":30}},{"start":{"line":303,"column":34},"end":{"line":303,"column":35}}]},"10":{"loc":{"start":{"line":312,"column":35},"end":{"line":312,"column":88}},"type":"cond-expr","locations":[{"start":{"line":312,"column":55},"end":{"line":312,"column":84}},{"start":{"line":312,"column":87},"end":{"line":312,"column":88}}]},"11":{"loc":{"start":{"line":325,"column":4},"end":{"line":327,"column":5}},"type":"if","locations":[{"start":{"line":325,"column":4},"end":{"line":327,"column":5}}]},"12":{"loc":{"start":{"line":339,"column":16},"end":{"line":339,"column":61}},"type":"binary-expr","locations":[{"start":{"line":339,"column":16},"end":{"line":339,"column":55}},{"start":{"line":339,"column":59},"end":{"line":339,"column":61}}]},"13":{"loc":{"start":{"line":351,"column":16},"end":{"line":351,"column":61}},"type":"binary-expr","locations":[{"start":{"line":351,"column":16},"end":{"line":351,"column":55}},{"start":{"line":351,"column":59},"end":{"line":351,"column":61}}]}},"s":{"0":0,"1":0,"2":0,"3":0,"4":0,"5":0,"6":0,"7":0,"8":0,"9":0,"10":0,"11":0,"12":0,"13":0,"14":0,"15":0,"16":0,"17":0,"18":0,"19":0,"20":0,"21":0,"22":0,"23":0,"24":0,"25":0,"26":0,"27":0,"28":0,"29":0,"30":0,"31":0,"32":0,"33":0,"34":0,"35":0,"36":0,"37":0,"38":0,"39":0,"40":0,"41":0,"42":0,"43":0,"44":0,"45":0,"46":0,"47":0,"48":0,"49":0,"50":0,"51":0,"52":0,"53":0,"54":0,"55":0,"56":0,"57":0,"58":0,"59":0,"60":0,"61":0,"62":0,"63":0,"64":0,"65":0,"66":0,"67":0,"68":0,"69":0,"70":0,"71":0,"72":0,"73":0,"74":0,"75":0,"76":0,"77":0,"78":0,"79":0,"80":0,"81":0,"82":0,"83":0,"84":0,"85":0,"86":0},"f":{"0":0,"1":0,"2":0,"3":0,"4":0,"5":0,"6":0,"7":0,"8":0,"9":0,"10":0,"11":0,"12":0,"13":0,"14":0,"15":0,"16":0,"17":0,"18":0,"19":0,"20":0,"21":0},"b":{"0":[0,0],"1":[0],"2":[0],"3":[0],"4":[0],"5":[0],"6":[0],"7":[0],"8":[0,0],"9":[0,0],"10":[0,0],"11":[0],"12":[0,0],"13":[0,0]}}
,"C:\\Users\\Jonas-dev\\tekup\\apps\\rendetalje\\services\\backend-nestjs\\src\\auth\\auth.controller.ts": {"path":"C:\\Users\\Jonas-dev\\tekup\\apps\\rendetalje\\services\\backend-nestjs\\src\\auth\\auth.controller.ts","statementMap":{"0":{"start":{"line":1,"column":1},"end":{"line":1,"column":111}},"1":{"start":{"line":2,"column":0},"end":{"line":2,"column":84}},"2":{"start":{"line":3,"column":0},"end":{"line":3,"column":59}},"3":{"start":{"line":4,"column":0},"end":{"line":4,"column":85}},"4":{"start":{"line":5,"column":0},"end":{"line":5,"column":46}},"5":{"start":{"line":6,"column":0},"end":{"line":6,"column":55}},"6":{"start":{"line":10,"column":7},"end":{"line":81,"column":null}},"7":{"start":{"line":11,"column":31},"end":{"line":11,"column":44}},"8":{"start":{"line":18,"column":4},"end":{"line":18,"column":52}},"9":{"start":{"line":27,"column":4},"end":{"line":27,"column":44}},"10":{"start":{"line":38,"column":4},"end":{"line":38,"column":58}},"11":{"start":{"line":48,"column":4},"end":{"line":48,"column":57}},"12":{"start":{"line":61,"column":4},"end":{"line":61,"column":77}},"13":{"start":{"line":75,"column":4},"end":{"line":79,"column":6}},"14":{"start":{"line":10,"column":13},"end":{"line":10,"column":27}},"15":{"start":{"line":17,"column":8},"end":{"line":19,"column":null}},"16":{"start":{"line":26,"column":8},"end":{"line":28,"column":null}},"17":{"start":{"line":37,"column":8},"end":{"line":39,"column":null}},"18":{"start":{"line":47,"column":8},"end":{"line":49,"column":null}},"19":{"start":{"line":57,"column":8},"end":{"line":62,"column":null}},"20":{"start":{"line":71,"column":8},"end":{"line":80,"column":null}},"21":{"start":{"line":10,"column":13},"end":{"line":81,"column":null}}},"fnMap":{"0":{"name":"(anonymous_4)","decl":{"start":{"line":11,"column":2},"end":{"line":11,"column":31}},"loc":{"start":{"line":11,"column":55},"end":{"line":11,"column":59}}},"1":{"name":"(anonymous_5)","decl":{"start":{"line":17,"column":2},"end":{"line":17,"column":7}},"loc":{"start":{"line":17,"column":53},"end":{"line":19,"column":3}}},"2":{"name":"(anonymous_6)","decl":{"start":{"line":26,"column":2},"end":{"line":26,"column":7}},"loc":{"start":{"line":26,"column":40},"end":{"line":28,"column":3}}},"3":{"name":"(anonymous_7)","decl":{"start":{"line":37,"column":2},"end":{"line":37,"column":7}},"loc":{"start":{"line":37,"column":35},"end":{"line":39,"column":3}}},"4":{"name":"(anonymous_8)","decl":{"start":{"line":47,"column":2},"end":{"line":47,"column":7}},"loc":{"start":{"line":47,"column":33},"end":{"line":49,"column":3}}},"5":{"name":"(anonymous_9)","decl":{"start":{"line":57,"column":2},"end":{"line":57,"column":7}},"loc":{"start":{"line":59,"column":46},"end":{"line":62,"column":3}}},"6":{"name":"(anonymous_10)","decl":{"start":{"line":71,"column":2},"end":{"line":71,"column":7}},"loc":{"start":{"line":73,"column":48},"end":{"line":80,"column":3}}}},"branchMap":{},"s":{"0":0,"1":0,"2":0,"3":0,"4":0,"5":0,"6":0,"7":0,"8":0,"9":0,"10":0,"11":0,"12":0,"13":0,"14":0,"15":0,"16":0,"17":0,"18":0,"19":0,"20":0,"21":0},"f":{"0":0,"1":0,"2":0,"3":0,"4":0,"5":0,"6":0},"b":{}}
,"C:\\Users\\Jonas-dev\\tekup\\apps\\rendetalje\\services\\backend-nestjs\\src\\auth\\auth.module.ts": {"path":"C:\\Users\\Jonas-dev\\tekup\\apps\\rendetalje\\services\\backend-nestjs\\src\\auth\\auth.module.ts","statementMap":{"0":{"start":{"line":1,"column":1},"end":{"line":1,"column":41}},"1":{"start":{"line":2,"column":0},"end":{"line":2,"column":40}},"2":{"start":{"line":3,"column":0},"end":{"line":3,"column":50}},"3":{"start":{"line":4,"column":0},"end":{"line":4,"column":61}},"4":{"start":{"line":5,"column":0},"end":{"line":5,"column":45}},"5":{"start":{"line":6,"column":0},"end":{"line":6,"column":51}},"6":{"start":{"line":7,"column":0},"end":{"line":7,"column":56}},"7":{"start":{"line":8,"column":0},"end":{"line":8,"column":55}},"8":{"start":{"line":28,"column":7},"end":{"line":28,"column":null}},"9":{"start":{"line":28,"column":13},"end":{"line":28,"column":23}},"10":{"start":{"line":28,"column":13},"end":{"line":28,"column":null}},"11":{"start":{"line":16,"column":59},"end":{"line":21,"column":8}}},"fnMap":{"0":{"name":"(anonymous_1)","decl":{"start":{"line":16,"column":18},"end":{"line":16,"column":23}},"loc":{"start":{"line":16,"column":59},"end":{"line":21,"column":8}}}},"branchMap":{"0":{"loc":{"start":{"line":17,"column":16},"end":{"line":17,"column":76}},"type":"binary-expr","locations":[{"start":{"line":17,"column":16},"end":{"line":17,"column":55}},{"start":{"line":17,"column":59},"end":{"line":17,"column":76}}]},"1":{"loc":{"start":{"line":19,"column":21},"end":{"line":19,"column":72}},"type":"binary-expr","locations":[{"start":{"line":19,"column":21},"end":{"line":19,"column":64}},{"start":{"line":19,"column":68},"end":{"line":19,"column":72}}]}},"s":{"0":0,"1":0,"2":0,"3":0,"4":0,"5":0,"6":0,"7":0,"8":0,"9":0,"10":0,"11":0},"f":{"0":0},"b":{"0":[0,0],"1":[0,0]}}
,"C:\\Users\\Jonas-dev\\tekup\\apps\\rendetalje\\services\\backend-nestjs\\src\\auth\\auth.service.ts": {"path":"C:\\Users\\Jonas-dev\\tekup\\apps\\rendetalje\\services\\backend-nestjs\\src\\auth\\auth.service.ts","statementMap":{"0":{"start":{"line":1,"column":0},"end":{"line":1,"column":105}},"1":{"start":{"line":2,"column":0},"end":{"line":2,"column":41}},"2":{"start":{"line":3,"column":0},"end":{"line":3,"column":47}},"3":{"start":{"line":4,"column":0},"end":{"line":4,"column":59}},"4":{"start":{"line":6,"column":0},"end":{"line":6,"column":56}},"5":{"start":{"line":7,"column":0},"end":{"line":7,"column":33}},"6":{"start":{"line":21,"column":7},"end":{"line":209,"column":null}},"7":{"start":{"line":23,"column":21},"end":{"line":23,"column":29}},"8":{"start":{"line":24,"column":21},"end":{"line":24,"column":33}},"9":{"start":{"line":25,"column":21},"end":{"line":25,"column":36}},"10":{"start":{"line":29,"column":51},"end":{"line":29,"column":64}},"11":{"start":{"line":32,"column":25},"end":{"line":34,"column":6}},"12":{"start":{"line":36,"column":4},"end":{"line":38,"column":5}},"13":{"start":{"line":37,"column":6},"end":{"line":37,"column":73}},"14":{"start":{"line":41,"column":23},"end":{"line":41,"column":25}},"15":{"start":{"line":42,"column":25},"end":{"line":42,"column":64}},"16":{"start":{"line":45,"column":17},"end":{"line":54,"column":6}},"17":{"start":{"line":57,"column":32},"end":{"line":61,"column":6}},"18":{"start":{"line":62,"column":24},"end":{"line":62,"column":53}},"19":{"start":{"line":65,"column":56},"end":{"line":65,"column":60}},"20":{"start":{"line":67,"column":4},"end":{"line":70,"column":6}},"21":{"start":{"line":74,"column":32},"end":{"line":74,"column":40}},"22":{"start":{"line":77,"column":17},"end":{"line":79,"column":6}},"23":{"start":{"line":81,"column":4},"end":{"line":83,"column":5}},"24":{"start":{"line":82,"column":6},"end":{"line":82,"column":61}},"25":{"start":{"line":86,"column":4},"end":{"line":88,"column":5}},"26":{"start":{"line":87,"column":6},"end":{"line":87,"column":64}},"27":{"start":{"line":91,"column":28},"end":{"line":91,"column":77}},"28":{"start":{"line":92,"column":4},"end":{"line":94,"column":5}},"29":{"start":{"line":93,"column":6},"end":{"line":93,"column":61}},"30":{"start":{"line":97,"column":4},"end":{"line":100,"column":7}},"31":{"start":{"line":103,"column":32},"end":{"line":107,"column":6}},"32":{"start":{"line":108,"column":24},"end":{"line":108,"column":53}},"33":{"start":{"line":111,"column":56},"end":{"line":111,"column":60}},"34":{"start":{"line":113,"column":4},"end":{"line":116,"column":6}},"35":{"start":{"line":121,"column":17},"end":{"line":123,"column":6}},"36":{"start":{"line":125,"column":4},"end":{"line":127,"column":5}},"37":{"start":{"line":126,"column":6},"end":{"line":126,"column":56}},"38":{"start":{"line":129,"column":4},"end":{"line":131,"column":5}},"39":{"start":{"line":130,"column":6},"end":{"line":130,"column":64}},"40":{"start":{"line":134,"column":32},"end":{"line":138,"column":6}},"41":{"start":{"line":139,"column":24},"end":{"line":139,"column":53}},"42":{"start":{"line":141,"column":4},"end":{"line":141,"column":27}},"43":{"start":{"line":145,"column":17},"end":{"line":147,"column":6}},"44":{"start":{"line":149,"column":4},"end":{"line":151,"column":5}},"45":{"start":{"line":150,"column":6},"end":{"line":150,"column":56}},"46":{"start":{"line":153,"column":4},"end":{"line":155,"column":5}},"47":{"start":{"line":154,"column":6},"end":{"line":154,"column":64}},"48":{"start":{"line":157,"column":56},"end":{"line":157,"column":60}},"49":{"start":{"line":158,"column":4},"end":{"line":158,"column":39}},"50":{"start":{"line":162,"column":17},"end":{"line":164,"column":6}},"51":{"start":{"line":166,"column":4},"end":{"line":168,"column":5}},"52":{"start":{"line":167,"column":6},"end":{"line":167,"column":66}},"53":{"start":{"line":170,"column":56},"end":{"line":170,"column":60}},"54":{"start":{"line":171,"column":4},"end":{"line":171,"column":39}},"55":{"start":{"line":175,"column":17},"end":{"line":178,"column":6}},"56":{"start":{"line":180,"column":56},"end":{"line":180,"column":60}},"57":{"start":{"line":181,"column":4},"end":{"line":181,"column":39}},"58":{"start":{"line":185,"column":17},"end":{"line":187,"column":6}},"59":{"start":{"line":189,"column":4},"end":{"line":191,"column":5}},"60":{"start":{"line":190,"column":6},"end":{"line":190,"column":52}},"61":{"start":{"line":194,"column":28},"end":{"line":194,"column":80}},"62":{"start":{"line":195,"column":4},"end":{"line":197,"column":5}},"63":{"start":{"line":196,"column":6},"end":{"line":196,"column":71}},"64":{"start":{"line":200,"column":23},"end":{"line":200,"column":25}},"65":{"start":{"line":201,"column":25},"end":{"line":201,"column":67}},"66":{"start":{"line":204,"column":4},"end":{"line":207,"column":7}},"67":{"start":{"line":21,"column":13},"end":{"line":21,"column":24}},"68":{"start":{"line":21,"column":13},"end":{"line":209,"column":null}}},"fnMap":{"0":{"name":"(anonymous_2)","decl":{"start":{"line":22,"column":2},"end":{"line":22,"column":null}},"loc":{"start":{"line":25,"column":49},"end":{"line":26,"column":6}}},"1":{"name":"(anonymous_3)","decl":{"start":{"line":28,"column":2},"end":{"line":28,"column":7}},"loc":{"start":{"line":28,"column":45},"end":{"line":71,"column":3}}},"2":{"name":"(anonymous_4)","decl":{"start":{"line":73,"column":2},"end":{"line":73,"column":7}},"loc":{"start":{"line":73,"column":32},"end":{"line":117,"column":3}}},"3":{"name":"(anonymous_5)","decl":{"start":{"line":119,"column":2},"end":{"line":119,"column":7}},"loc":{"start":{"line":119,"column":35},"end":{"line":142,"column":3}}},"4":{"name":"(anonymous_6)","decl":{"start":{"line":144,"column":2},"end":{"line":144,"column":7}},"loc":{"start":{"line":144,"column":35},"end":{"line":159,"column":3}}},"5":{"name":"(anonymous_7)","decl":{"start":{"line":161,"column":2},"end":{"line":161,"column":7}},"loc":{"start":{"line":161,"column":30},"end":{"line":172,"column":3}}},"6":{"name":"(anonymous_8)","decl":{"start":{"line":174,"column":2},"end":{"line":174,"column":7}},"loc":{"start":{"line":174,"column":72},"end":{"line":182,"column":3}}},"7":{"name":"(anonymous_9)","decl":{"start":{"line":184,"column":2},"end":{"line":184,"column":7}},"loc":{"start":{"line":184,"column":79},"end":{"line":208,"column":3}}}},"branchMap":{"0":{"loc":{"start":{"line":36,"column":4},"end":{"line":38,"column":5}},"type":"if","locations":[{"start":{"line":36,"column":4},"end":{"line":38,"column":5}}]},"1":{"loc":{"start":{"line":51,"column":14},"end":{"line":51,"column":39}},"type":"binary-expr","locations":[{"start":{"line":51,"column":14},"end":{"line":51,"column":18}},{"start":{"line":51,"column":22},"end":{"line":51,"column":39}}]},"2":{"loc":{"start":{"line":81,"column":4},"end":{"line":83,"column":5}},"type":"if","locations":[{"start":{"line":81,"column":4},"end":{"line":83,"column":5}}]},"3":{"loc":{"start":{"line":86,"column":4},"end":{"line":88,"column":5}},"type":"if","locations":[{"start":{"line":86,"column":4},"end":{"line":88,"column":5}}]},"4":{"loc":{"start":{"line":92,"column":4},"end":{"line":94,"column":5}},"type":"if","locations":[{"start":{"line":92,"column":4},"end":{"line":94,"column":5}}]},"5":{"loc":{"start":{"line":125,"column":4},"end":{"line":127,"column":5}},"type":"if","locations":[{"start":{"line":125,"column":4},"end":{"line":127,"column":5}}]},"6":{"loc":{"start":{"line":129,"column":4},"end":{"line":131,"column":5}},"type":"if","locations":[{"start":{"line":129,"column":4},"end":{"line":131,"column":5}}]},"7":{"loc":{"start":{"line":149,"column":4},"end":{"line":151,"column":5}},"type":"if","locations":[{"start":{"line":149,"column":4},"end":{"line":151,"column":5}}]},"8":{"loc":{"start":{"line":153,"column":4},"end":{"line":155,"column":5}},"type":"if","locations":[{"start":{"line":153,"column":4},"end":{"line":155,"column":5}}]},"9":{"loc":{"start":{"line":166,"column":4},"end":{"line":168,"column":5}},"type":"if","locations":[{"start":{"line":166,"column":4},"end":{"line":168,"column":5}}]},"10":{"loc":{"start":{"line":189,"column":4},"end":{"line":191,"column":5}},"type":"if","locations":[{"start":{"line":189,"column":4},"end":{"line":191,"column":5}}]},"11":{"loc":{"start":{"line":195,"column":4},"end":{"line":197,"column":5}},"type":"if","locations":[{"start":{"line":195,"column":4},"end":{"line":197,"column":5}}]}},"s":{"0":1,"1":1,"2":1,"3":1,"4":1,"5":1,"6":1,"7":20,"8":20,"9":20,"10":4,"11":4,"12":4,"13":2,"14":2,"15":2,"16":2,"17":2,"18":2,"19":2,"20":2,"21":7,"22":7,"23":7,"24":2,"25":5,"26":2,"27":3,"28":3,"29":2,"30":1,"31":1,"32":1,"33":1,"34":1,"35":5,"36":5,"37":2,"38":3,"39":2,"40":1,"41":1,"42":1,"43":3,"44":3,"45":1,"46":2,"47":1,"48":1,"49":1,"50":2,"51":2,"52":1,"53":1,"54":1,"55":1,"56":1,"57":1,"58":4,"59":4,"60":1,"61":3,"62":3,"63":2,"64":1,"65":1,"66":1,"67":1,"68":1},"f":{"0":20,"1":4,"2":7,"3":5,"4":3,"5":2,"6":1,"7":4},"b":{"0":[2],"1":[2,1],"2":[2],"3":[2],"4":[2],"5":[2],"6":[2],"7":[1],"8":[1],"9":[1],"10":[1],"11":[2]}}
,"C:\\Users\\Jonas-dev\\tekup\\apps\\rendetalje\\services\\backend-nestjs\\src\\auth\\decorators\\current-user.decorator.ts": {"path":"C:\\Users\\Jonas-dev\\tekup\\apps\\rendetalje\\services\\backend-nestjs\\src\\auth\\decorators\\current-user.decorator.ts","statementMap":{"0":{"start":{"line":1,"column":0},"end":{"line":1,"column":72}},"1":{"start":{"line":3,"column":13},"end":{"line":10,"column":2}},"2":{"start":{"line":5,"column":20},"end":{"line":5,"column":51}},"3":{"start":{"line":6,"column":17},"end":{"line":6,"column":29}},"4":{"start":{"line":8,"column":4},"end":{"line":8,"column":38}}},"fnMap":{"0":{"name":"(anonymous_0)","decl":{"start":{"line":4,"column":2},"end":{"line":4,"column":3}},"loc":{"start":{"line":4,"column":42},"end":{"line":9,"column":3}}}},"branchMap":{"0":{"loc":{"start":{"line":8,"column":11},"end":{"line":8,"column":37}},"type":"cond-expr","locations":[{"start":{"line":8,"column":18},"end":{"line":8,"column":30}},{"start":{"line":8,"column":33},"end":{"line":8,"column":37}}]}},"s":{"0":0,"1":0,"2":0,"3":0,"4":0},"f":{"0":0},"b":{"0":[0,0]}}
,"C:\\Users\\Jonas-dev\\tekup\\apps\\rendetalje\\services\\backend-nestjs\\src\\auth\\decorators\\public.decorator.ts": {"path":"C:\\Users\\Jonas-dev\\tekup\\apps\\rendetalje\\services\\backend-nestjs\\src\\auth\\decorators\\public.decorator.ts","statementMap":{"0":{"start":{"line":1,"column":0},"end":{"line":1,"column":45}},"1":{"start":{"line":3,"column":13},"end":{"line":3,"column":40}},"2":{"start":{"line":4,"column":22},"end":{"line":4,"column":60}},"3":{"start":{"line":4,"column":28},"end":{"line":4,"column":60}},"4":{"start":{"line":4,"column":13},"end":{"line":4,"column":22}}},"fnMap":{"0":{"name":"(anonymous_0)","decl":{"start":{"line":4,"column":22},"end":{"line":4,"column":25}},"loc":{"start":{"line":4,"column":28},"end":{"line":4,"column":60}}}},"branchMap":{},"s":{"0":0,"1":0,"2":0,"3":0,"4":0},"f":{"0":0},"b":{}}
,"C:\\Users\\Jonas-dev\\tekup\\apps\\rendetalje\\services\\backend-nestjs\\src\\auth\\decorators\\roles.decorator.ts": {"path":"C:\\Users\\Jonas-dev\\tekup\\apps\\rendetalje\\services\\backend-nestjs\\src\\auth\\decorators\\roles.decorator.ts","statementMap":{"0":{"start":{"line":1,"column":0},"end":{"line":1,"column":45}},"1":{"start":{"line":4,"column":13},"end":{"line":4,"column":33}},"2":{"start":{"line":5,"column":21},"end":{"line":5,"column":76}},"3":{"start":{"line":5,"column":47},"end":{"line":5,"column":76}},"4":{"start":{"line":5,"column":13},"end":{"line":5,"column":21}}},"fnMap":{"0":{"name":"(anonymous_0)","decl":{"start":{"line":5,"column":21},"end":{"line":5,"column":22}},"loc":{"start":{"line":5,"column":47},"end":{"line":5,"column":76}}}},"branchMap":{},"s":{"0":0,"1":0,"2":0,"3":0,"4":0},"f":{"0":0},"b":{}}
,"C:\\Users\\Jonas-dev\\tekup\\apps\\rendetalje\\services\\backend-nestjs\\src\\auth\\dto\\change-password.dto.ts": {"path":"C:\\Users\\Jonas-dev\\tekup\\apps\\rendetalje\\services\\backend-nestjs\\src\\auth\\dto\\change-password.dto.ts","statementMap":{"0":{"start":{"line":1,"column":0},"end":{"line":1,"column":54}},"1":{"start":{"line":2,"column":0},"end":{"line":2,"column":46}},"2":{"start":{"line":4,"column":0},"end":{"line":4,"column":13}},"3":{"start":{"line":7,"column":2},"end":{"line":7,"column":null}},"4":{"start":{"line":12,"column":2},"end":{"line":12,"column":null}}},"fnMap":{},"branchMap":{},"s":{"0":0,"1":0,"2":0,"3":0,"4":0},"f":{},"b":{}}
,"C:\\Users\\Jonas-dev\\tekup\\apps\\rendetalje\\services\\backend-nestjs\\src\\auth\\dto\\create-user.dto.ts": {"path":"C:\\Users\\Jonas-dev\\tekup\\apps\\rendetalje\\services\\backend-nestjs\\src\\auth\\dto\\create-user.dto.ts","statementMap":{"0":{"start":{"line":1,"column":0},"end":{"line":1,"column":94}},"1":{"start":{"line":2,"column":0},"end":{"line":2,"column":67}},"2":{"start":{"line":3,"column":0},"end":{"line":3,"column":51}},"3":{"start":{"line":5,"column":0},"end":{"line":5,"column":13}},"4":{"start":{"line":8,"column":2},"end":{"line":8,"column":null}},"5":{"start":{"line":13,"column":2},"end":{"line":13,"column":null}},"6":{"start":{"line":19,"column":2},"end":{"line":19,"column":null}},"7":{"start":{"line":29,"column":2},"end":{"line":29,"column":null}},"8":{"start":{"line":37,"column":2},"end":{"line":37,"column":null}}},"fnMap":{},"branchMap":{},"s":{"0":0,"1":0,"2":0,"3":0,"4":0,"5":0,"6":0,"7":0,"8":0},"f":{},"b":{}}
,"C:\\Users\\Jonas-dev\\tekup\\apps\\rendetalje\\services\\backend-nestjs\\src\\auth\\dto\\index.ts": {"path":"C:\\Users\\Jonas-dev\\tekup\\apps\\rendetalje\\services\\backend-nestjs\\src\\auth\\dto\\index.ts","statementMap":{"0":{"start":{"line":1,"column":0},"end":{"line":1,"column":34}},"1":{"start":{"line":2,"column":0},"end":{"line":2,"column":28}},"2":{"start":{"line":3,"column":0},"end":{"line":3,"column":37}},"3":{"start":{"line":4,"column":0},"end":{"line":4,"column":38}},"4":{"start":{"line":5,"column":0},"end":{"line":5,"column":37}}},"fnMap":{},"branchMap":{},"s":{"0":0,"1":0,"2":0,"3":0,"4":0},"f":{},"b":{}}
,"C:\\Users\\Jonas-dev\\tekup\\apps\\rendetalje\\services\\backend-nestjs\\src\\auth\\dto\\login.dto.ts": {"path":"C:\\Users\\Jonas-dev\\tekup\\apps\\rendetalje\\services\\backend-nestjs\\src\\auth\\dto\\login.dto.ts","statementMap":{"0":{"start":{"line":1,"column":0},"end":{"line":1,"column":63}},"1":{"start":{"line":2,"column":0},"end":{"line":2,"column":46}},"2":{"start":{"line":4,"column":0},"end":{"line":4,"column":13}},"3":{"start":{"line":7,"column":2},"end":{"line":7,"column":null}},"4":{"start":{"line":12,"column":2},"end":{"line":12,"column":null}}},"fnMap":{},"branchMap":{},"s":{"0":0,"1":0,"2":0,"3":0,"4":0},"f":{},"b":{}}
,"C:\\Users\\Jonas-dev\\tekup\\apps\\rendetalje\\services\\backend-nestjs\\src\\auth\\dto\\reset-password.dto.ts": {"path":"C:\\Users\\Jonas-dev\\tekup\\apps\\rendetalje\\services\\backend-nestjs\\src\\auth\\dto\\reset-password.dto.ts","statementMap":{"0":{"start":{"line":1,"column":0},"end":{"line":1,"column":54}},"1":{"start":{"line":2,"column":0},"end":{"line":2,"column":46}},"2":{"start":{"line":4,"column":0},"end":{"line":4,"column":13}},"3":{"start":{"line":7,"column":2},"end":{"line":7,"column":null}},"4":{"start":{"line":12,"column":2},"end":{"line":12,"column":null}}},"fnMap":{},"branchMap":{},"s":{"0":0,"1":0,"2":0,"3":0,"4":0},"f":{},"b":{}}
,"C:\\Users\\Jonas-dev\\tekup\\apps\\rendetalje\\services\\backend-nestjs\\src\\auth\\dto\\update-profile.dto.ts": {"path":"C:\\Users\\Jonas-dev\\tekup\\apps\\rendetalje\\services\\backend-nestjs\\src\\auth\\dto\\update-profile.dto.ts","statementMap":{"0":{"start":{"line":1,"column":0},"end":{"line":1,"column":77}},"1":{"start":{"line":2,"column":0},"end":{"line":2,"column":54}},"2":{"start":{"line":4,"column":0},"end":{"line":4,"column":13}},"3":{"start":{"line":13,"column":2},"end":{"line":13,"column":null}},"4":{"start":{"line":21,"column":2},"end":{"line":21,"column":null}}},"fnMap":{},"branchMap":{},"s":{"0":0,"1":0,"2":0,"3":0,"4":0},"f":{},"b":{}}
,"C:\\Users\\Jonas-dev\\tekup\\apps\\rendetalje\\services\\backend-nestjs\\src\\auth\\entities\\user.entity.ts": {"path":"C:\\Users\\Jonas-dev\\tekup\\apps\\rendetalje\\services\\backend-nestjs\\src\\auth\\entities\\user.entity.ts","statementMap":{"0":{"start":{"line":1,"column":0},"end":{"line":1,"column":67}},"1":{"start":{"line":3,"column":0},"end":{"line":3,"column":null}},"2":{"start":{"line":4,"column":2},"end":{"line":4,"column":null}},"3":{"start":{"line":5,"column":2},"end":{"line":5,"column":null}},"4":{"start":{"line":6,"column":2},"end":{"line":6,"column":null}},"5":{"start":{"line":7,"column":2},"end":{"line":7,"column":null}},"6":{"start":{"line":10,"column":0},"end":{"line":10,"column":13}},"7":{"start":{"line":12,"column":2},"end":{"line":12,"column":null}},"8":{"start":{"line":15,"column":2},"end":{"line":15,"column":null}},"9":{"start":{"line":18,"column":2},"end":{"line":18,"column":null}},"10":{"start":{"line":21,"column":2},"end":{"line":21,"column":null}},"11":{"start":{"line":24,"column":2},"end":{"line":24,"column":null}},"12":{"start":{"line":27,"column":2},"end":{"line":27,"column":null}},"13":{"start":{"line":30,"column":2},"end":{"line":30,"column":null}},"14":{"start":{"line":33,"column":2},"end":{"line":33,"column":null}},"15":{"start":{"line":36,"column":2},"end":{"line":36,"column":null}},"16":{"start":{"line":39,"column":2},"end":{"line":39,"column":null}}},"fnMap":{"0":{"name":"(anonymous_2)","decl":{"start":{"line":3,"column":0},"end":{"line":3,"column":12}},"loc":{"start":{"line":3,"column":20},"end":{"line":8,"column":1}}}},"branchMap":{"0":{"loc":{"start":{"line":3,"column":12},"end":{"line":3,"column":null}},"type":"binary-expr","locations":[{"start":{"line":3,"column":12},"end":{"line":3,"column":20}},{"start":{"line":3,"column":20},"end":{"line":3,"column":null}}]}},"s":{"0":1,"1":1,"2":1,"3":1,"4":1,"5":1,"6":1,"7":1,"8":1,"9":1,"10":1,"11":1,"12":1,"13":1,"14":1,"15":1,"16":1},"f":{"0":1},"b":{"0":[1,1]}}
,"C:\\Users\\Jonas-dev\\tekup\\apps\\rendetalje\\services\\backend-nestjs\\src\\auth\\guards\\jwt-auth.guard.ts": {"path":"C:\\Users\\Jonas-dev\\tekup\\apps\\rendetalje\\services\\backend-nestjs\\src\\auth\\guards\\jwt-auth.guard.ts","statementMap":{"0":{"start":{"line":1,"column":0},"end":{"line":1,"column":85}},"1":{"start":{"line":2,"column":0},"end":{"line":2,"column":45}},"2":{"start":{"line":3,"column":0},"end":{"line":3,"column":41}},"3":{"start":{"line":4,"column":0},"end":{"line":4,"column":63}},"4":{"start":{"line":7,"column":7},"end":{"line":31,"column":null}},"5":{"start":{"line":9,"column":4},"end":{"line":9,"column":12}},"6":{"start":{"line":8,"column":22},"end":{"line":8,"column":33}},"7":{"start":{"line":13,"column":21},"end":{"line":16,"column":6}},"8":{"start":{"line":18,"column":4},"end":{"line":20,"column":5}},"9":{"start":{"line":19,"column":6},"end":{"line":19,"column":18}},"10":{"start":{"line":22,"column":4},"end":{"line":22,"column":38}},"11":{"start":{"line":26,"column":4},"end":{"line":28,"column":5}},"12":{"start":{"line":27,"column":6},"end":{"line":27,"column":72}},"13":{"start":{"line":29,"column":4},"end":{"line":29,"column":16}},"14":{"start":{"line":7,"column":13},"end":{"line":7,"column":25}},"15":{"start":{"line":7,"column":13},"end":{"line":31,"column":null}}},"fnMap":{"0":{"name":"(anonymous_2)","decl":{"start":{"line":8,"column":2},"end":{"line":8,"column":22}},"loc":{"start":{"line":8,"column":42},"end":{"line":10,"column":3}}},"1":{"name":"(anonymous_3)","decl":{"start":{"line":12,"column":2},"end":{"line":12,"column":13}},"loc":{"start":{"line":12,"column":39},"end":{"line":23,"column":3}}},"2":{"name":"(anonymous_4)","decl":{"start":{"line":25,"column":2},"end":{"line":25,"column":15}},"loc":{"start":{"line":25,"column":73},"end":{"line":30,"column":3}}}},"branchMap":{"0":{"loc":{"start":{"line":18,"column":4},"end":{"line":20,"column":5}},"type":"if","locations":[{"start":{"line":18,"column":4},"end":{"line":20,"column":5}}]},"1":{"loc":{"start":{"line":26,"column":4},"end":{"line":28,"column":5}},"type":"if","locations":[{"start":{"line":26,"column":4},"end":{"line":28,"column":5}}]},"2":{"loc":{"start":{"line":26,"column":8},"end":{"line":26,"column":20}},"type":"binary-expr","locations":[{"start":{"line":26,"column":8},"end":{"line":26,"column":11}},{"start":{"line":26,"column":15},"end":{"line":26,"column":20}}]},"3":{"loc":{"start":{"line":27,"column":12},"end":{"line":27,"column":71}},"type":"binary-expr","locations":[{"start":{"line":27,"column":12},"end":{"line":27,"column":15}},{"start":{"line":27,"column":19},"end":{"line":27,"column":71}}]}},"s":{"0":0,"1":0,"2":0,"3":0,"4":0,"5":0,"6":0,"7":0,"8":0,"9":0,"10":0,"11":0,"12":0,"13":0,"14":0,"15":0},"f":{"0":0,"1":0,"2":0},"b":{"0":[0],"1":[0],"2":[0,0],"3":[0,0]}}
,"C:\\Users\\Jonas-dev\\tekup\\apps\\rendetalje\\services\\backend-nestjs\\src\\auth\\guards\\roles.guard.ts": {"path":"C:\\Users\\Jonas-dev\\tekup\\apps\\rendetalje\\services\\backend-nestjs\\src\\auth\\guards\\roles.guard.ts","statementMap":{"0":{"start":{"line":1,"column":0},"end":{"line":1,"column":95}},"1":{"start":{"line":2,"column":0},"end":{"line":2,"column":41}},"2":{"start":{"line":3,"column":0},"end":{"line":3,"column":58}},"3":{"start":{"line":7,"column":7},"end":{"line":34,"column":null}},"4":{"start":{"line":8,"column":22},"end":{"line":8,"column":33}},"5":{"start":{"line":11,"column":26},"end":{"line":14,"column":6}},"6":{"start":{"line":16,"column":4},"end":{"line":18,"column":5}},"7":{"start":{"line":17,"column":6},"end":{"line":17,"column":18}},"8":{"start":{"line":20,"column":21},"end":{"line":20,"column":56}},"9":{"start":{"line":22,"column":4},"end":{"line":24,"column":5}},"10":{"start":{"line":23,"column":6},"end":{"line":23,"column":61}},"11":{"start":{"line":26,"column":20},"end":{"line":26,"column":68}},"12":{"start":{"line":26,"column":49},"end":{"line":26,"column":67}},"13":{"start":{"line":28,"column":4},"end":{"line":30,"column":5}},"14":{"start":{"line":29,"column":6},"end":{"line":29,"column":97}},"15":{"start":{"line":32,"column":4},"end":{"line":32,"column":16}},"16":{"start":{"line":7,"column":13},"end":{"line":7,"column":23}},"17":{"start":{"line":7,"column":13},"end":{"line":34,"column":null}}},"fnMap":{"0":{"name":"(anonymous_2)","decl":{"start":{"line":8,"column":2},"end":{"line":8,"column":22}},"loc":{"start":{"line":8,"column":42},"end":{"line":8,"column":46}}},"1":{"name":"(anonymous_3)","decl":{"start":{"line":10,"column":2},"end":{"line":10,"column":13}},"loc":{"start":{"line":10,"column":39},"end":{"line":33,"column":3}}},"2":{"name":"(anonymous_4)","decl":{"start":{"line":26,"column":39},"end":{"line":26,"column":40}},"loc":{"start":{"line":26,"column":49},"end":{"line":26,"column":67}}}},"branchMap":{"0":{"loc":{"start":{"line":16,"column":4},"end":{"line":18,"column":5}},"type":"if","locations":[{"start":{"line":16,"column":4},"end":{"line":18,"column":5}}]},"1":{"loc":{"start":{"line":22,"column":4},"end":{"line":24,"column":5}},"type":"if","locations":[{"start":{"line":22,"column":4},"end":{"line":24,"column":5}}]},"2":{"loc":{"start":{"line":28,"column":4},"end":{"line":30,"column":5}},"type":"if","locations":[{"start":{"line":28,"column":4},"end":{"line":30,"column":5}}]}},"s":{"0":0,"1":0,"2":0,"3":0,"4":0,"5":0,"6":0,"7":0,"8":0,"9":0,"10":0,"11":0,"12":0,"13":0,"14":0,"15":0,"16":0,"17":0},"f
[...]
,"C:\\Users\\Jonas-dev\\tekup\\apps\\rendetalje\\services\\backend-nestjs\\src\\time-tracking\\time-tracking.module.ts": {"path":"C:\\Users\\Jonas-dev\\tekup\\apps\\rendetalje\\services\\backend-nestjs\\src\\time-tracking\\time-tracking.module.ts","statementMap":{"0":{"start":{"line":1,"column":0},"end":{"line":1,"column":40}},"1":{"start":{"line":2,"column":0},"end":{"line":2,"column":61}},"2":{"start":{"line":3,"column":0},"end":{"line":3,"column":68}},"3":{"start":{"line":4,"column":0},"end":{"line":4,"column":62}},"4":{"start":{"line":12,"column":7},"end":{"line":12,"column":null}},"5":{"start":{"line":12,"column":13},"end":{"line":12,"column":31}},"6":{"start":{"line":12,"column":13},"end":{"line":12,"column":null}}},"fnMap":{},"branchMap":{},"s":{"0":0,"1":0,"2":0,"3":0,"4":0,"5":0,"6":0},"f":{},"b":{}}
,"C:\\Users\\Jonas-dev\\tekup\\apps\\rendetalje\\services\\backend-nestjs\\src\\time-tracking\\time-tracking.service.ts": {"path":"C:\\Users\\Jonas-dev\\tekup\\apps\\rendetalje\\services\\backend-nestjs\\src\\time-tracking\\time-tracking.service.ts","statementMap":{"0":{"start":{"line":1,"column":0},"end":{"line":1,"column":84}},"1":{"start":{"line":2,"column":0},"end":{"line":2,"column":59}},"2":{"start":{"line":7,"column":7},"end":{"line":292,"column":null}},"3":{"start":{"line":8,"column":31},"end":{"line":8,"column":39}},"4":{"start":{"line":16,"column":29},"end":{"line":16,"column":31}},"5":{"start":{"line":18,"column":4},"end":{"line":20,"column":5}},"6":{"start":{"line":19,"column":6},"end":{"line":19,"column":34}},"7":{"start":{"line":22,"column":4},"end":{"line":26,"column":5}},"8":{"start":{"line":23,"column":6},"end":{"line":23,"column":33}},"9":{"start":{"line":24,"column":6},"end":{"line":24,"column":69}},"10":{"start":{"line":24,"column":21},"end":{"line":24,"column":69}},"11":{"start":{"line":25,"column":6},"end":{"line":25,"column":65}},"12":{"start":{"line":25,"column":19},"end":{"line":25,"column":65}},"13":{"start":{"line":28,"column":4},"end":{"line":39,"column":5}},"14":{"start":{"line":29,"column":25},"end":{"line":32,"column":8}},"15":{"start":{"line":34,"column":6},"end":{"line":36,"column":7}},"16":{"start":{"line":35,"column":8},"end":{"line":35,"column":61}},"17":{"start":{"line":38,"column":6},"end":{"line":38,"column":50}},"18":{"start":{"line":41,"column":24},"end":{"line":58,"column":6}},"19":{"start":{"line":60,"column":4},"end":{"line":60,"column":23}},"20":{"start":{"line":64,"column":23},"end":{"line":78,"column":6}},"21":{"start":{"line":80,"column":4},"end":{"line":82,"column":5}},"22":{"start":{"line":81,"column":6},"end":{"line":81,"column":77}},"23":{"start":{"line":84,"column":4},"end":{"line":84,"column":22}},"24":{"start":{"line":91,"column":26},"end":{"line":96,"column":6}},"25":{"start":{"line":98,"column":4},"end":{"line":100,"column":5}},"26":{"start":{"line":99,"column":6},"end":{"line":99,"column":67}},"27":{"start":{"line":102,"column":4},"end":{"line":104,"column":5}},"28":{"start":{"line":103,"column":6},"end":{"line":103,"column":82}},"29":{"start":{"line":106,"column":28},"end":{"line":111,"column":6}},"30":{"start":{"line":113,"column":4},"end":{"line":115,"column":5}},"31":{"start":{"line":114,"column":6},"end":{"line":114,"column":95}},"32":{"start":{"line":117,"column":23},"end":{"line":142,"column":6}},"33":{"start":{"line":144,"column":4},"end":{"line":144,"column":22}},"34":{"start":{"line":148,"column":23},"end":{"line":148,"column":55}},"35":{"start":{"line":150,"column":4},"end":{"line":152,"column":5}},"36":{"start":{"line":151,"column":6},"end":{"line":151,"column":80}},"37":{"start":{"line":154,"column":32},"end":{"line":184,"column":6}},"38":{"start":{"line":186,"column":4},"end":{"line":186,"column":29}},"39":{"start":{"line":194,"column":23},"end":{"line":194,"column":55}},"40":{"start":{"line":196,"column":4},"end":{"line":198,"column":5}},"41":{"start":{"line":197,"column":6},"end":{"line":197,"column":80}},"42":{"start":{"line":200,"column":30},"end":{"line":221,"column":6}},"43":{"start":{"line":223,"column":4},"end":{"line":223,"column":29}},"44":{"start":{"line":227,"column":18},"end":{"line":227,"column":37}},"45":{"start":{"line":228,"column":16},"end":{"line":228,"column":33}},"46":{"start":{"line":230,"column":24},"end":{"line":243,"column":6}},"47":{"start":{"line":245,"column":25},"end":{"line":245,"column":47}},"48":{"start":{"line":247,"column":4},"end":{"line":281,"column":5}},"49":{"start":{"line":248,"column":25},"end":{"line":248,"column":44}},"50":{"start":{"line":249,"column":19},"end":{"line":249,"column":62}},"51":{"start":{"line":251,"column":6},"end":{"line":259,"column":7}},"52":{"start":{"line":252,"column":8},"end":{"line":258,"column":11}},"53":{"start":{"line":261,"column":24},"end":{"line":261,"column":49}},"54":{"start":{"line":262,"column":22},"end":{"line":262,"column":46}},"55":{"start":{"line":263,"column":28},"end":{"line":263,"column":91}},"56":{"start":{"line":264,"column":23},"end":{"line":264,"column":55}},"57":{"start":{"line":266,"column":6},"end":{"line":280,"column":7}},"58":{"start":{"line":267,"column":25},"end":{"line":267,"column":54}},"59":{"start":{"line":268,"column":8},"end":{"line":268,"column":43}},"60":{"start":{"line":270,"column":28},"end":{"line":270,"column":83}},"61":{"start":{"line":270,"column":67},"end":{"line":270,"column":82}},"62":{"start":{"line":271,"column":8},"end":{"line":279,"column":9}},"63":{"start":{"line":272,"column":10},"end":{"line":272,"column":50}},"64":{"start":{"line":274,"column":10},"end":{"line":278,"column":13}},"65":{"start":{"line":283,"column":19},"end":{"line":288,"column":9}},"66":{"start":{"line":284,"column":21},"end":{"line":284,"column":42}},"67":{"start":{"line":285,"column":19},"end":{"line":288,"column":8}},"68":{"start":{"line":290,"column":4},"end":{"line":290,"column":18}},"69":{"start":{"line":7,"column":13},"end":{"line":7,"column":32}},"70":{"start":{"line":7,"column":13},"end":{"line":292,"column":null}}},"fnMap":{"0":{"name":"(anonymous_2)","decl":{"start":{"line":8,"column":2},"end":{"line":8,"column":31}},"loc":{"start":{"line":8,"column":52},"end":{"line":8,"column":56}}},"1":{"name":"(anonymous_3)","decl":{"start":{"line":10,"column":2},"end":{"line":10,"column":7}},"loc":{"start":{"line":14,"column":20},"end":{"line":61,"column":3}}},"2":{"name":"(anonymous_4)","decl":{"start":{"line":63,"column":2},"end":{"line":63,"column":7}},"loc":{"start":{"line":63,"column":36},"end":{"line":85,"column":3}}},"3":{"name":"(anonymous_5)","decl":{"start":{"line":87,"column":2},"end":{"line":87,"column":7}},"loc":{"start":{"line":89,"column":29},"end":{"line":145,"column":3}}},"4":{"name":"(anonymous_6)","decl":{"start":{"line":147,"column":2},"end":{"line":147,"column":7}},"loc":{"start":{"line":147,"column":62},"end":{"line":187,"column":3}}},"5":{"name":"(anonymous_7)","decl":{"start":{"line":189,"column":2},"end":{"line":189,"column":7}},"loc":{"start":{"line":192,"column":28},"end":{"line":224,"column":3}}},"6":{"name":"(anonymous_8)","decl":{"start":{"line":226,"column":2},"end":{"line":226,"column":7}},"loc":{"start":{"line":226,"column":60},"end":{"line":291,"column":3}}},"7":{"name":"(anonymous_9)","decl":{"start":{"line":270,"column":55},"end":{"line":270,"column":56}},"loc":{"start":{"line":270,"column":67},"end":{"line":270,"column":82}}},"8":{"name":"(anonymous_10)","decl":{"start":{"line":284,"column":14},"end":{"line":284,"column":17}},"loc":{"start":{"line":284,"column":21},"end":{"line":284,"column":42}}},"9":{"name":"(anonymous_11)","decl":{"start":{"line":285,"column":11},"end":{"line":285,"column":14}},"loc":{"start":{"line":285,"column":19},"end":{"line":288,"column":8}}}},"branchMap":{"0":{"loc":{"start":{"line":18,"column":4},"end":{"line":20,"column":5}},"type":"if","locations":[{"start":{"line":18,"column":4},"end":{"line":20,"column":5}}]},"1":{"loc":{"start":{"line":22,"column":4},"end":{"line":26,"column":5}},"type":"if","locations":[{"start":{"line":22,"column":4},"end":{"line":26,"column":5}}]},"2":{"loc":{"start":{"line":22,"column":8},"end":{"line":22,"column":28}},"type":"binary-expr","locations":[{"start":{"line":22,"column":8},"end":{"line":22,"column":17}},{"start":{"line":22,"column":21},"end":{"line":22,"column":28}}]},"3":{"loc":{"start":{"line":24,"column":6},"end":{"line":24,"column":69}},"type":"if","locations":[{"start":{"line":24,"column":6},"end":{"line":24,"column":69}}]},"4":{"loc":{"start":{"line":25,"column":6},"end":{"line":25,"column":65}},"type":"if","locations":[{"start":{"line":25,"column":6},"end":{"line":25,"column":65}}]},"5":{"loc":{"start":{"line":28,"column":4},"end":{"line":39,"column":5}},"type":"if","locations":[{"start":{"line":28,"column":4},"end":{"line":39,"column":5}}]},"6":{"loc":{"start":{"line":34,"column":6},"end":{"line":36,"column":7}},"type":"if","locations":[{"start":{"line":34,"column":6},"end":{"line":36,"column":7}}]},"7":{"loc":{"start":{"line":80,"column":4},"end":{"line":82,"column":5}},"type":"if","locations":[{"start":{"line":80,"column":4},"end":{"line":82,"column":5}}]},"8":{"loc":{"start":{"line":98,"column":4},"end":{"line":100,"column":5}},"type":"if","locations":[{"start":{"line":98,"column":4},"end":{"line":100,"column":5}}]},"9":{"loc":{"start":{"line":102,"column":4},"end":{"line":104,"column":5}},"type":"if","locations":[{"start":{"line":102,"column":4},"end":{"line":104,"column":5}}]},"10":{"loc":{"start":{"line":113,"column":4},"end":{"line":115,"column":5}},"type":"if","locations":[{"start":{"line":113,"column":4},"end":{"line":115,"column":5}}]},"11":{"loc":{"start":{"line":124,"column":26},"end":{"line":124,"column":86}},"type":"cond-expr","locations":[{"start":{"line":124,"column":49},"end":{"line":124,"column":79}},{"start":{"line":124,"column":82},"end":{"line":124,"column":86}}]},"12":{"loc":{"start":{"line":150,"column":4},"end":{"line":152,"column":5}},"type":"if","locations":[{"start":{"line":150,"column":4},"end":{"line":152,"column":5}}]},"13":{"loc":{"start":{"line":196,"column":4},"end":{"line":198,"column":5}},"type":"if","locations":[{"start":{"line":196,"column":4},"end":{"line":198,"column":5}}]},"14":{"loc":{"start":{"line":251,"column":6},"end":{"line":259,"column":7}},"type":"if","locations":[{"start":{"line":251,"column":6},"end":{"line":259,"column":7}}]},"15":{"loc":{"start":{"line":266,"column":6},"end":{"line":280,"column":7}},"type":"if","locations":[{"start":{"line":266,"column":6},"end":{"line":280,"column":7}}]},"16":{"loc":{"start":{"line":271,"column":8},"end":{"line":279,"column":9}},"type":"if","locations":[{"start":{"line":271,"column":8},"end":{"line":279,"column":9}},{"start":{"line":273,"column":15},"end":{"line":279,"column":9}}]}},"s":{"0":0,"1":0,"2":0,"3":0,"4":0,"5":0,"6":0,"7":0,"8":0,"9":0,"10":0,"11":0,"12":0,"13":0,"14":0,"15":0,"16":0,"17":0,"18":0,"19":0,"20":0,"21":0,"22":0,"23":0,"24":0,"25":0,"26":0,"27":0,"28":0,"29":0,"30":0,"31":0,"32":0,"33":0,"34":0,"35":0,"36":0,"37":0,"38":0,"39":0,"40":0,"41":0,"42":0,"43":0,"44":0,"45":0,"46":0,"47":0,"48":0,"49":0,"50":0,"51":0,"52":0,"53":0,"54":0,"55":0,"56":0,"57":0,"58":0,"59":0,"60":0,"61":0,"62":0,"63":0,"64":0,"65":0,"66":0,"67":0,"68":0,"69":0,"70":0},"f":{"0":0,"1":0,"2":0,"3":0,"4":0,"5":0,"6":0,"7":0,"8":0,"9":0},"b":{"0":[0],"1":[0],"2":[0,0],"3":[0],"4":[0],"5":[0],"6":[0],"7":[0],"8":[0],"9":[0],"10":[0],"11":[0,0],"12":[0],"13":[0],"14":[0],"15":[0],"16":[0,0]}}
,"C:\\Users\\Jonas-dev\\tekup\\apps\\rendetalje\\services\\backend-nestjs\\src\\time-tracking\\dto\\create-time-correction.dto.ts": {"path":"C:\\Users\\Jonas-dev\\tekup\\apps\\rendetalje\\services\\backend-nestjs\\src\\time-tracking\\dto\\create-time-correction.dto.ts","statementMap":{"0":{"start":{"line":1,"column":0},"end":{"line":1,"column":92}},"1":{"start":{"line":2,"column":0},"end":{"line":2,"column":67}},"2":{"start":{"line":4,"column":0},"end":{"line":4,"column":13}},"3":{"start":{"line":7,"column":2},"end":{"line":7,"column":null}},"4":{"start":{"line":11,"column":2},"end":{"line":11,"column":null}},"5":{"start":{"line":16,"column":2},"end":{"line":16,"column":null}},"6":{"start":{"line":21,"column":2},"end":{"line":21,"column":null}},"7":{"start":{"line":25,"column":2},"end":{"line":25,"column":null}}},"fnMap":{},"branchMap":{},"s":{"0":0,"1":0,"2":0,"3":0,"4":0,"5":0,"6":0,"7":0},"f":{},"b":{}}
,"C:\\Users\\Jonas-dev\\tekup\\apps\\rendetalje\\services\\backend-nestjs\\src\\time-tracking\\dto\\create-time-entry.dto.ts": {"path":"C:\\Users\\Jonas-dev\\tekup\\apps\\rendetalje\\services\\backend-nestjs\\src\\time-tracking\\dto\\create-time-entry.dto.ts","statementMap":{"0":{"start":{"line":1,"column":0},"end":{"line":1,"column":77}},"1":{"start":{"line":2,"column":0},"end":{"line":2,"column":67}},"2":{"start":{"line":4,"column":0},"end":{"line":4,"column":13}},"3":{"start":{"line":8,"column":2},"end":{"line":8,"column":null}},"4":{"start":{"line":12,"column":2},"end":{"line":12,"column":null}},"5":{"start":{"line":16,"column":2},"end":{"line":16,"column":null}},"6":{"start":{"line":21,"column":2},"end":{"line":21,"column":null}}},"fnMap":{},"branchMap":{},"s":{"0":0,"1":0,"2":0,"3":0,"4":0,"5":0,"6":0},"f":{},"b":{}}
,"C:\\Users\\Jonas-dev\\tekup\\apps\\rendetalje\\services\\backend-nestjs\\src\\time-tracking\\dto\\index.ts": {"path":"C:\\Users\\Jonas-dev\\tekup\\apps\\rendetalje\\services\\backend-nestjs\\src\\time-tracking\\dto\\index.ts","statementMap":{"0":{"start":{"line":1,"column":0},"end":{"line":1,"column":40}},"1":{"start":{"line":2,"column":0},"end":{"line":2,"column":40}},"2":{"start":{"line":3,"column":0},"end":{"line":3,"column":45}},"3":{"start":{"line":4,"column":0},"end":{"line":4,"column":41}}},"fnMap":{},"branchMap":{},"s":{"0":0,"1":0,"2":0,"3":0},"f":{},"b":{}}
,"C:\\Users\\Jonas-dev\\tekup\\apps\\rendetalje\\services\\backend-nestjs\\src\\time-tracking\\dto\\time-entry-filters.dto.ts": {"path":"C:\\Users\\Jonas-dev\\tekup\\apps\\rendetalje\\services\\backend-nestjs\\src\\time-tracking\\dto\\time-entry-filters.dto.ts","statementMap":{"0":{"start":{"line":1,"column":0},"end":{"line":1,"column":77}},"1":{"start":{"line":2,"column":0},"end":{"line":2,"column":54}},"2":{"start":{"line":3,"column":0},"end":{"line":3,"column":64}},"3":{"start":{"line":5,"column":0},"end":{"line":5,"column":13}},"4":{"start":{"line":9,"column":2},"end":{"line":9,"column":null}},"5":{"start":{"line":14,"column":2},"end":{"line":14,"column":null}},"6":{"start":{"line":19,"column":2},"end":{"line":19,"column":null}},"7":{"start":{"line":24,"column":2},"end":{"line":24,"column":null}},"8":{"start":{"line":29,"column":2},"end":{"line":29,"column":null}}},"fnMap":{},"branchMap":{},"s":{"0":0,"1":0,"2":0,"3":0,"4":0,"5":0,"6":0,"7":0,"8":0},"f":{},"b":{}}
,"C:\\Users\\Jonas-dev\\tekup\\apps\\rendetalje\\services\\backend-nestjs\\src\\time-tracking\\dto\\update-time-entry.dto.ts": {"path":"C:\\Users\\Jonas-dev\\tekup\\apps\\rendetalje\\services\\backend-nestjs\\src\\time-tracking\\dto\\update-time-entry.dto.ts","statementMap":{"0":{"start":{"line":1,"column":0},"end":{"line":1,"column":46}},"1":{"start":{"line":2,"column":0},"end":{"line":2,"column":84}},"2":{"start":{"line":3,"column":0},"end":{"line":3,"column":54}},"3":{"start":{"line":4,"column":0},"end":{"line":4,"column":61}},"4":{"start":{"line":6,"column":0},"end":{"line":6,"column":13}},"5":{"start":{"line":10,"column":2},"end":{"line":10,"column":null}},"6":{"start":{"line":16,"column":2},"end":{"line":16,"column":null}},"7":{"start":{"line":21,"column":2},"end":{"line":21,"column":null}}},"fnMap":{},"branchMap":{},"s":{"0":0,"1":0,"2":0,"3":0,"4":0,"5":0,"6":0,"7":0},"f":{},"b":{}}
,"C:\\Users\\Jonas-dev\\tekup\\apps\\rendetalje\\services\\backend-nestjs\\src\\time-tracking\\entities\\time-correction.entity.ts": {"path":"C:\\Users\\Jonas-dev\\tekup\\apps\\rendetalje\\services\\backend-nestjs\\src\\time-tracking\\entities\\time-correction.entity.ts","statementMap":{"0":{"start":{"line":1,"column":0},"end":{"line":1,"column":67}},"1":{"start":{"line":3,"column":0},"end":{"line":3,"column":13}},"2":{"start":{"line":5,"column":2},"end":{"line":5,"column":null}},"3":{"start":{"line":8,"column":2},"end":{"line":8,"column":null}},"4":{"start":{"line":11,"column":2},"end":{"line":11,"column":null}},"5":{"start":{"line":14,"column":2},"end":{"line":14,"column":null}},"6":{"start":{"line":17,"column":2},"end":{"line":17,"column":null}},"7":{"start":{"line":20,"column":2},"end":{"line":20,"column":null}},"8":{"start":{"line":23,"column":2},"end":{"line":23,"column":null}},"9":{"start":{"line":26,"column":2},"end":{"line":26,"column":null}},"10":{"start":{"line":29,"column":2},"end":{"line":29,"column":null}},"11":{"start":{"line":32,"column":2},"end":{"line":32,"column":null}},"12":{"start":{"line":35,"column":2},"end":{"line":35,"column":null}},"13":{"start":{"line":38,"column":2},"end":{"line":38,"column":null}},"14":{"start":{"line":41,"column":2},"end":{"line":41,"column":null}},"15":{"start":{"line":44,"column":2},"end":{"line":44,"column":null}},"16":{"start":{"line":47,"column":2},"end":{"line":47,"column":null}},"17":{"start":{"line":50,"column":2},"end":{"line":50,"column":null}},"18":{"start":{"line":53,"column":2},"end":{"line":53,"column":null}},"19":{"start":{"line":56,"column":2},"end":{"line":56,"column":null}}},"fnMap":{},"branchMap":{},"s":{"0":0,"1":0,"2":0,"3":0,"4":0,"5":0,"6":0,"7":0,"8":0,"9":0,"10":0,"11":0,"12":0,"13":0,"14":0,"15":0,"16":0,"17":0,"18":0,"19":0},"f":{},"b":{}}
,"C:\\Users\\Jonas-dev\\tekup\\apps\\rendetalje\\services\\backend-nestjs\\src\\time-tracking\\entities\\time-entry.entity.ts": {"path":"C:\\Users\\Jonas-dev\\tekup\\apps\\rendetalje\\services\\backend-nestjs\\src\\time-tracking\\entities\\time-entry.entity.ts","statementMap":{"0":{"start":{"line":1,"column":0},"end":{"line":1,"column":67}},"1":{"start":{"line":2,"column":0},"end":{"line":2,"column":63}},"2":{"start":{"line":4,"column":0},"end":{"line":4,"column":13}},"3":{"start":{"line":6,"column":2},"end":{"line":6,"column":null}},"4":{"start":{"line":9,"column":2},"end":{"line":9,"column":null}},"5":{"start":{"line":12,"column":2},"end":{"line":12,"column":null}},"6":{"start":{"line":15,"column":2},"end":{"line":15,"column":null}},"7":{"start":{"line":18,"column":2},"end":{"line":18,"column":null}},"8":{"start":{"line":21,"column":2},"end":{"line":21,"column":null}}},"fnMap":{},"branchMap":{},"s":{"0":0,"1":0,"2":0,"3":0,"4":0,"5":0,"6":0,"7":0,"8":0},"f":{},"b":{}}
}
