TN:
SF:src\app.module.ts
FNF:0
FNH:0
DA:1,0
DA:2,0
DA:3,0
DA:4,0
DA:5,0
DA:6,0
DA:7,0
DA:8,0
DA:9,0
DA:10,0
DA:11,0
DA:12,0
DA:13,0
DA:16,0
DA:17,0
DA:18,0
DA:58,0
LF:17
LH:0
BRF:0
BRH:0
end_of_record
TN:
SF:src\main.ts
FN:12,bootstrap
FN:30,(anonymous_1)
FN:102,(anonymous_2)
FN:120,(anonymous_3)
FNF:4
FNH:0
FNDA:0,bootstrap
FNDA:0,(anonymous_1)
FNDA:0,(anonymous_2)
FNDA:0,(anonymous_3)
DA:1,0
DA:2,0
DA:3,0
DA:4,0
DA:5,0
DA:6,0
DA:7,0
DA:8,0
DA:9,0
DA:10,0
DA:13,0
DA:14,0
DA:17,0
DA:18,0
DA:20,0
DA:21,0
DA:32,0
DA:33,0
DA:34,0
DA:35,0
DA:36,0
DA:38,0
DA:41,0
DA:43,0
DA:47,0
DA:50,0
DA:51,0
DA:54,0
DA:64,0
DA:76,0
DA:79,0
DA:80,0
DA:93,0
DA:94,0
DA:102,0
DA:103,0
DA:115,0
DA:119,0
DA:120,0
DA:121,0
DA:122,0
DA:123,0
DA:128,0
DA:133,0
DA:134,0
DA:136,0
DA:137,0
DA:138,0
DA:139,0
DA:140,0
DA:144,0
LF:51
LH:0
BRDA:18,0,0,0
BRDA:18,0,1,0
BRDA:20,1,0,0
BRDA:20,1,1,0
BRDA:24,2,0,0
BRDA:24,2,1,0
BRDA:25,3,0,0
BRDA:25,3,1,0
BRDA:33,4,0,0
BRDA:33,5,0,0
BRDA:33,5,1,0
BRDA:34,6,0,0
BRDA:35,7,0,0
BRDA:36,8,0,0
BRDA:79,9,0,0
BRDA:110,10,0,0
BRDA:110,10,1,0
BRDA:111,11,0,0
BRDA:111,11,1,0
BRDA:112,12,0,0
BRDA:112,12,1,0
BRDA:119,13,0,0
BRDA:133,14,0,0
BRDA:133,14,1,0
BRDA:139,15,0,0
BRF:25
BRH:0
end_of_record
TN:
SF:src\ai-friday\ai-friday.controller.ts
FN:33,(anonymous_4)
FN:43,(anonymous_5)
FN:95,(anonymous_6)
FN:158,(anonymous_7)
FN:173,(anonymous_8)
FN:191,(anonymous_9)
FN:202,(anonymous_10)
FN:215,(anonymous_11)
FN:227,(anonymous_12)
FN:234,(anonymous_13)
FN:251,(anonymous_14)
FN:267,(anonymous_15)
FNF:12
FNH:0
FNDA:0,(anonymous_4)
FNDA:0,(anonymous_5)
FNDA:0,(anonymous_6)
FNDA:0,(anonymous_7)
FNDA:0,(anonymous_8)
FNDA:0,(anonymous_9)
FNDA:0,(anonymous_10)
FNDA:0,(anonymous_11)
FNDA:0,(anonymous_12)
FNDA:0,(anonymous_13)
FNDA:0,(anonymous_14)
FNDA:0,(anonymous_15)
DA:1,0
DA:18,0
DA:19,0
DA:21,0
DA:22,0
DA:23,0
DA:24,0
DA:25,0
DA:26,0
DA:32,0
DA:34,0
DA:35,0
DA:43,0
DA:51,0
DA:54,0
DA:55,0
DA:58,0
DA:61,0
DA:62,0
DA:63,0
DA:65,0
DA:73,0
DA:76,0
DA:79,0
DA:85,0
DA:95,0
DA:104,0
DA:106,0
DA:107,0
DA:110,0
DA:112,0
DA:113,0
DA:114,0
DA:116,0
DA:124,0
DA:127,0
DA:128,0
DA:129,0
DA:130,0
DA:132,0
DA:133,0
DA:134,0
DA:136,0
DA:137,0
DA:138,0
DA:142,0
DA:144,0
DA:145,0
DA:147,0
DA:148,0
DA:158,0
DA:162,0
DA:163,0
DA:166,0
DA:167,0
DA:173,0
DA:177,0
DA:182,0
DA:183,0
DA:184,0
DA:191,0
DA:192,0
DA:202,0
DA:203,0
DA:204,0
DA:206,0
DA:215,0
DA:220,0
DA:227,0
DA:228,0
DA:234,0
DA:239,0
DA:251,0
DA:256,0
DA:267,0
DA:268,0
DA:269,0
LF:77
LH:0
BRDA:61,0,0,0
BRDA:61,0,1,0
BRDA:112,1,0,0
BRDA:112,1,1,0
BRDA:160,2,0,0
BRDA:162,3,0,0
BRDA:179,4,0,0
BRDA:179,4,1,0
BRDA:191,5,0,0
BRDA:236,6,0,0
BRDA:270,7,0,0
BRDA:270,7,1,0
BRF:12
BRH:0
end_of_record
TN:
SF:src\ai-friday\ai-friday.module.ts
FNF:0
FNH:0
DA:1,0
DA:2,0
DA:3,0
DA:4,0
DA:5,0
DA:6,0
DA:7,0
DA:8,0
DA:9,0
DA:10,0
DA:28,0
LF:11
LH:0
BRF:0
BRH:0
end_of_record
TN:
SF:src\ai-friday\ai-friday.service.ts
FN:43,(anonymous_2)
FN:58,(anonymous_3)
FN:104,(anonymous_4)
FN:136,(anonymous_5)
FN:184,(anonymous_6)
FN:265,(anonymous_7)
FN:299,(anonymous_8)
FN:305,(anonymous_9)
FN:311,(anonymous_10)
FN:317,(anonymous_11)
FN:323,(anonymous_12)
FN:352,(anonymous_13)
FN:384,(anonymous_14)
FN:408,(anonymous_15)
FNF:14
FNH:0
FNDA:0,(anonymous_2)
FNDA:0,(anonymous_3)
FNDA:0,(anonymous_4)
FNDA:0,(anonymous_5)
FNDA:0,(anonymous_6)
FNDA:0,(anonymous_7)
FNDA:0,(anonymous_8)
FNDA:0,(anonymous_9)
FNDA:0,(anonymous_10)
FNDA:0,(anonymous_11)
FNDA:0,(anonymous_12)
FNDA:0,(anonymous_13)
FNDA:0,(anonymous_14)
FNDA:0,(anonymous_15)
DA:1,0
DA:2,0
DA:3,0
DA:4,0
DA:5,0
DA:6,0
DA:7,0
DA:38,0
DA:39,0
DA:44,0
DA:45,0
DA:46,0
DA:47,0
DA:48,0
DA:50,0
DA:51,0
DA:53,0
DA:54,0
DA:63,0
DA:64,0
DA:70,0
DA:73,0
DA:85,0
DA:105,0
DA:106,0
DA:111,0
DA:114,0
DA:115,0
DA:118,0
DA:123,0
DA:126,0
DA:129,0
DA:141,0
DA:142,0
DA:144,0
DA:156,0
DA:176,0
DA:179,0
DA:180,0
DA:185,0
DA:200,0
DA:202,0
DA:207,0
DA:210,0
DA:215,0
DA:218,0
DA:223,0
DA:226,0
DA:231,0
DA:235,0
DA:236,0
DA:238,0
DA:242,0
DA:246,0
DA:247,0
DA:249,0
DA:253,0
DA:258,0
DA:259,0
DA:262,0
DA:266,0
DA:267,0
DA:268,0
DA:271,0
DA:272,0
DA:276,0
DA:277,0
DA:280,0
DA:281,0
DA:285,0
DA:286,0
DA:288,0
DA:291,0
DA:294,0
DA:301,0
DA:302,0
DA:307,0
DA:308,0
DA:313,0
DA:314,0
DA:319,0
DA:320,0
DA:324,0
DA:326,0
DA:327,0
DA:328,0
DA:329,0
DA:331,0
DA:332,0
DA:333,0
DA:334,0
DA:335,0
DA:338,0
DA:339,0
DA:340,0
DA:341,0
DA:353,0
DA:354,0
DA:356,0
DA:360,0
DA:361,0
DA:363,0
DA:376,0
DA:378,0
DA:379,0
DA:385,0
DA:386,0
DA:400,0
DA:402,0
DA:403,0
DA:409,0
DA:410,0
DA:417,0
DA:419,0
DA:420,0
LF:115
LH:0
BRDA:53,0,0,0
BRDA:53,1,0,0
BRDA:53,1,1,0
BRDA:61,2,0,0
BRDA:114,3,0,0
BRDA:139,4,0,0
BRDA:188,5,0,0
BRDA:188,5,1,0
BRDA:200,6,0,0
BRDA:200,6,1,0
BRDA:200,6,2,0
BRDA:200,6,3,0
BRDA:235,7,0,0
BRDA:246,8,0,0
BRDA:258,9,0,0
BRDA:258,10,0,0
BRDA:258,10,1,0
BRDA:268,11,0,0
BRDA:268,11,1,0
BRDA:268,11,2,0
BRDA:268,11,3,0
BRDA:268,11,4,0
BRDA:285,12,0,0
BRDA:285,13,0,0
BRDA:285,13,1,0
BRDA:329,14,0,0
BRDA:329,14,1,0
BRDA:332,15,0,0
BRDA:334,16,0,0
BRDA:340,17,0,0
BRDA:352,18,0,0
BRDA:384,19,0,0
BRF:32
BRH:0
end_of_record
TN:
SF:src\ai-friday\chat-sessions.service.ts
FN:29,(anonymous_2)
FN:31,(anonymous_3)
FN:62,(anonymous_4)
FN:85,(anonymous_5)
FN:102,(anonymous_6)
FN:109,(anonymous_7)
FN:130,(anonymous_8)
FN:146,(anonymous_9)
FN:175,(anonymous_10)
FN:194,(anonymous_11)
FN:201,(anonymous_12)
FN:208,(anonymous_13)
FN:216,(anonymous_14)
FN:238,(anonymous_15)
FN:245,(anonymous_16)
FN:291,(anonymous_17)
FN:292,(anonymous_18)
FN:295,(anonymous_19)
FN:301,(anonymous_20)
FN:322,(anonymous_21)
FN:332,(anonymous_22)
FN:345,(anonymous_23)
FNF:22
FNH:0
FNDA:0,(anonymous_2)
FNDA:0,(anonymous_3)
FNDA:0,(anonymous_4)
FNDA:0,(anonymous_5)
FNDA:0,(anonymous_6)
FNDA:0,(anonymous_7)
FNDA:0,(anonymous_8)
FNDA:0,(anonymous_9)
FNDA:0,(anonymous_10)
FNDA:0,(anonymous_11)
FNDA:0,(anonymous_12)
FNDA:0,(anonymous_13)
FNDA:0,(anonymous_14)
FNDA:0,(anonymous_15)
FNDA:0,(anonymous_16)
FNDA:0,(anonymous_17)
FNDA:0,(anonymous_18)
FNDA:0,(anonymous_19)
FNDA:0,(anonymous_20)
FNDA:0,(anonymous_21)
FNDA:0,(anonymous_22)
FNDA:0,(anonymous_23)
DA:1,0
DA:2,0
DA:26,0
DA:27,0
DA:29,0
DA:37,0
DA:38,0
DA:54,0
DA:55,0
DA:57,0
DA:58,0
DA:63,0
DA:64,0
DA:71,0
DA:72,0
DA:75,0
DA:77,0
DA:78,0
DA:80,0
DA:81,0
DA:90,0
DA:91,0
DA:102,0
DA:104,0
DA:105,0
DA:114,0
DA:115,0
DA:123,0
DA:125,0
DA:126,0
DA:131,0
DA:132,0
DA:139,0
DA:141,0
DA:142,0
DA:152,0
DA:153,0
DA:163,0
DA:168,0
DA:170,0
DA:171,0
DA:180,0
DA:182,0
DA:184,0
DA:194,0
DA:196,0
DA:197,0
DA:206,0
DA:208,0
DA:222,0
DA:223,0
DA:238,0
DA:240,0
DA:241,0
DA:250,0
DA:251,0
DA:252,0
DA:255,0
DA:271,0
DA:289,0
DA:290,0
DA:291,0
DA:292,0
DA:295,0
DA:296,0
DA:297,0
DA:301,0
DA:302,0
DA:303,0
DA:304,0
DA:307,0
DA:317,0
DA:318,0
DA:323,0
DA:325,0
DA:326,0
DA:329,0
DA:333,0
DA:346,0
LF:79
LH:0
BRDA:43,0,0,0
BRDA:43,0,1,0
BRDA:71,1,0,0
BRDA:77,2,0,0
BRDA:88,3,0,0
BRDA:150,4,0,0
BRDA:178,5,0,0
BRDA:204,6,0,0
BRDA:220,7,0,0
BRDA:296,8,0,0
BRDA:296,8,1,0
BRDA:303,9,0,0
BRDA:303,9,1,0
BRDA:312,10,0,0
BRDA:312,10,1,0
BRDA:325,11,0,0
BRDA:339,12,0,0
BRDA:339,12,1,0
BRDA:351,13,0,0
BRDA:351,13,1,0
BRF:20
BRH:0
end_of_record
TN:
SF:src\auth\auth.controller.ts
FN:11,(anonymous_4)
FN:17,(anonymous_5)
FN:26,(anonymous_6)
FN:37,(anonymous_7)
FN:47,(anonymous_8)
FN:57,(anonymous_9)
FN:71,(anonymous_10)
FNF:7
FNH:0
FNDA:0,(anonymous_4)
FNDA:0,(anonymous_5)
FNDA:0,(anonymous_6)
FNDA:0,(anonymous_7)
FNDA:0,(anonymous_8)
FNDA:0,(anonymous_9)
FNDA:0,(anonymous_10)
DA:1,0
DA:2,0
DA:3,0
DA:4,0
DA:5,0
DA:6,0
DA:10,0
DA:11,0
DA:17,0
DA:18,0
DA:26,0
DA:27,0
DA:37,0
DA:38,0
DA:47,0
DA:48,0
DA:57,0
DA:61,0
DA:71,0
DA:75,0
LF:20
LH:0
BRF:0
BRH:0
end_of_record
TN:
SF:src\auth\auth.module.ts
FN:16,(anonymous_1)
FNF:1
FNH:0
FNDA:0,(anonymous_1)
DA:1,0
DA:2,0
DA:3,0
DA:4,0
DA:5,0
DA:6,0
DA:7,0
DA:8,0
DA:16,0
DA:28,0
LF:10
LH:0
BRDA:17,0,0,0
BRDA:17,0,1,0
BRDA:19,1,0,0
BRDA:19,1,1,0
BRF:4
BRH:0
end_of_record
TN:
SF:src\auth\auth.service.ts
FN:22,(anonymous_2)
FN:28,(anonymous_3)
FN:73,(anonymous_4)
FN:119,(anonymous_5)
FN:144,(anonymous_6)
FN:161,(anonymous_7)
FN:174,(anonymous_8)
FN:184,(anonymous_9)
FNF:8
FNH:8
FNDA:20,(anonymous_2)
FNDA:4,(anonymous_3)
FNDA:7,(anonymous_4)
FNDA:5,(anonymous_5)
FNDA:3,(anonymous_6)
FNDA:2,(anonymous_7)
FNDA:1,(anonymous_8)
FNDA:4,(anonymous_9)
DA:1,1
DA:2,1
DA:3,1
DA:4,1
DA:6,1
DA:7,1
DA:21,1
DA:23,20
DA:24,20
DA:25,20
DA:29,4
DA:32,4
DA:36,4
DA:37,2
DA:41,2
DA:42,2
DA:45,2
DA:57,2
DA:62,2
DA:65,2
DA:67,2
DA:74,7
DA:77,7
DA:81,7
DA:82,2
DA:86,5
DA:87,2
DA:91,3
DA:92,3
DA:93,2
DA:97,1
DA:103,1
DA:108,1
DA:111,1
DA:113,1
DA:121,5
DA:125,5
DA:126,2
DA:129,3
DA:130,2
DA:134,1
DA:139,1
DA:141,1
DA:145,3
DA:149,3
DA:150,1
DA:153,2
DA:154,1
DA:157,1
DA:158,1
DA:162,2
DA:166,2
DA:167,1
DA:170,1
DA:171,1
DA:175,1
DA:180,1
DA:181,1
DA:185,4
DA:189,4
DA:190,1
DA:194,3
DA:195,3
DA:196,2
DA:200,1
DA:201,1
DA:204,1
LF:67
LH:67
BRDA:36,0,0,2
BRDA:51,1,0,2
BRDA:51,1,1,1
BRDA:81,2,0,2
BRDA:86,3,0,2
BRDA:92,4,0,2
BRDA:125,5,0,2
BRDA:129,6,0,2
BRDA:149,7,0,1
BRDA:153,8,0,1
BRDA:166,9,0,1
BRDA:189,10,0,1
BRDA:195,11,0,2
BRF:13
BRH:13
end_of_record
TN:
SF:src\auth\decorators\current-user.decorator.ts
FN:4,(anonymous_0)
FNF:1
FNH:0
FNDA:0,(anonymous_0)
DA:1,0
DA:3,0
DA:5,0
DA:6,0
DA:8,0
LF:5
LH:0
BRDA:8,0,0,0
BRDA:8,0,1,0
BRF:2
BRH:0
end_of_record
TN:
SF:src\auth\decorators\public.decorator.ts
FN:4,(anonymous_0)
FNF:1
FNH:0
FNDA:0,(anonymous_0)
DA:1,0
DA:3,0
DA:4,0
LF:3
LH:0
BRF:0
BRH:0
end_of_record
TN:
SF:src\auth\decorators\roles.decorator.ts
FN:5,(anonymous_0)
FNF:1
FNH:0
FNDA:0,(anonymous_0)
DA:1,0
DA:4,0
DA:5,0
LF:3
LH:0
BRF:0
BRH:0
end_of_record
TN:
SF:src\auth\dto\change-password.dto.ts
FNF:0
FNH:0
DA:1,0
DA:2,0
DA:4,0
DA:7,0
DA:12,0
LF:5
LH:0
BRF:0
BRH:0
end_of_record
TN:
SF:src\auth\dto\create-user.dto.ts
FNF:0
FNH:0
DA:1,0
DA:2,0
DA:3,0
DA:5,0
DA:8,0
DA:13,0
DA:19,0
DA:29,0
DA:37,0
LF:9
LH:0
BRF:0
BRH:0
end_of_record
TN:
SF:src\auth\dto\index.ts
FNF:0
FNH:0
DA:1,0
DA:2,0
DA:3,0
DA:4,0
DA:5,0
LF:5
LH:0
BRF:0
BRH:0
end_of_record
TN:
SF:src\auth\dto\login.dto.ts
FNF:0
FNH:0
DA:1,0
DA:2,0
DA:4,0
DA:7,0
DA:12,0
LF:5
LH:0
BRF:0
BRH:0
end_of_record
TN:
SF:src\auth\dto\reset-password.dto.ts
FNF:0
FNH:0
DA:1,0
DA:2,0
DA:4,0
DA:7,0
DA:12,0
LF:5
LH:0
BRF:0
BRH:0
end_of_record
TN:
SF:src\auth\dto\update-profile.dto.ts
FNF:0
FNH:0
DA:1,0
DA:2,0
DA:4,0
DA:13,0
DA:21,0
LF:5
LH:0
BRF:0
BRH:0
end_of_record
TN:
SF:src\auth\entities\user.entity.ts
FN:3,(anonymous_2)
FNF:1
FNH:1
FNDA:1,(anonymous_2)
DA:1,1
DA:3,1
DA:4,1
DA:5,1
DA:6,1
DA:7,1
DA:10,1
DA:12,1
DA:15,1
DA:18,1
DA:21,1
DA:24,1
DA:27,1
DA:30,1
DA:33,1
DA:36,1
DA:39,1
LF:17
LH:17
BRDA:3,0,0,1
BRDA:3,0,1,1
BRF:2
BRH:2
end_of_record
TN:
SF:src\auth\guards\jwt-auth.guard.ts
FN:8,(anonymous_2)
FN:12,(anonymous_3)
FN:25,(anonymous_4)
FNF:3
FNH:0
FNDA:0,(anonymous_2)
FNDA:0,(anonymous_3)
FNDA:0,(anonymous_4)
DA:1,0
DA:2,0
DA:3,0
DA:4,0
DA:7,0
DA:8,0
DA:9,0
DA:13,0
DA:18,0
DA:19,0
DA:22,0
DA:26,0
DA:27,0
DA:29,0
LF:14
LH:0
BRDA:18,0,0,0
BRDA:26,1,0,0
BRDA:26,2,0,0
BRDA:26,2,1,0
BRDA:27,3,0,0
BRDA:27,3,1,0
BRF:6
BRH:0
end_of_record
TN:
SF:src\auth\guards\roles.guard.ts
FN:8,(anonymous_2)
FN:10,(anonymous_3)
FN:26,(anonymous_4)
FNF:3
FNH:0
FNDA:0,(anonymous_2)
FNDA:0,(anonymous_3)
FNDA:0,(anonymous_4)
DA:1,0
DA:2,0
DA:3,0
DA:7,0
DA:8,0
DA:11,0
DA:16,0
DA:17,0
DA:20,0
DA:22,0
DA:23,0
DA:26,0
DA:28,0
DA:29,0
DA:32,0
LF:15
LH:0
BRDA:16,0,0,0
BRDA:22,1,0,0
BRDA:28,2,0,0
BRF:3
BRH:0
end_of_record
TN:
SF:src\auth\strategies\jwt.strategy.ts
FN:9,(anonymous_2)
FN:20,(anonymous_3)
FNF:2
FNH:0
FNDA:0,(anonymous_2)
FNDA:0,(anonymous_3)
DA:1,0
DA:2,0
DA:3,0
DA:4,0
DA:5,0
DA:8,0
DA:10,0
DA:11,0
DA:13,0
DA:22,0
DA:23,0
DA:24,0
DA:26,0
LF:13
LH:0
BRDA:16,0,0,0
BRDA:16,0,1,0
BRF:2
BRH:0
end_of_record
TN:
SF:src\common\decorators\api-paginated-response.decorator.ts
FN:5,(anonymous_0)
FNF:1
FNH:0
FNDA:0,(anonymous_0)
DA:1,0
DA:2,0
DA:3,0
DA:5,0
DA:8,0
LF:5
LH:0
BRF:0
BRH:0
end_of_record
TN:
SF:src\common\dto\pagination.dto.ts
FN:5,(anonymous_2)
FN:8,(anonymous_3)
FN:15,(anonymous_4)
FNF:3
FNH:0
FNDA:0,(anonymous_2)
FNDA:0,(anonymous_3)
FNDA:0,(anonymous_4)
DA:1,0
DA:2,0
DA:3,0
DA:5,0
DA:8,0
DA:11,0
DA:15,0
DA:19,0
DA:24,0
DA:29,0
DA:34,0
DA:37,0
DA:39,0
DA:42,0
DA:45,0
DA:48,0
DA:51,0
DA:54,0
DA:57,0
LF:19
LH:0
BRF:0
BRH:0
end_of_record
TN:
SF:src\common\dto\response.dto.ts
FN:16,(anonymous_2)
FN:46,(anonymous_3)
FNF:2
FNH:0
FNDA:0,(anonymous_2)
FNDA:0,(anonymous_3)
DA:1,0
DA:3,0
DA:5,0
DA:8,0
DA:11,0
DA:14,0
DA:17,0
DA:18,0
DA:19,0
DA:20,0
DA:24,0
DA:26,0
DA:29,0
DA:32,0
DA:35,0
DA:38,0
DA:41,0
DA:44,0
DA:47,0
DA:48,0
DA:49,0
DA:50,0
DA:51,0
DA:52,0
DA:53,0
LF:25
LH:0
BRF:0
BRH:0
end_of_record
TN:
SF:src\common\entities\base.entity.ts
FNF:0
FNH:0
DA:1,0
DA:3,0
DA:5,0
DA:8,0
DA:11,0
DA:14,0
DA:16,0
LF:7
LH:0
BRF:0
BRH:0
end_of_record
TN:
SF:src\common\enums\user-role.enum.ts
FN:1,(anonymous_0)
FNF:1
FNH:0
FNDA:0,(anonymous_0)
DA:1,0
DA:2,0
DA:3,0
DA:4,0
DA:5,0
LF:5
LH:0
BRDA:1,0,0,0
BRDA:1,0,1,0
BRF:2
BRH:0
end_of_record
TN:
SF:src\common\filters\http-exception.filter.ts
FN:13,(anonymous_1)
FN:16,(anonymous_2)
FNF:2
FNH:0
FNDA:0,(anonymous_1)
FNDA:0,(anonymous_2)
DA:1,0
DA:10,0
DA:13,0
DA:14,0
DA:17,0
DA:18,0
DA:19,0
DA:21,0
DA:22,0
DA:23,0
DA:26,0
DA:27,0
DA:28,0
DA:30,0
DA:31,0
DA:32,0
DA:33,0
DA:34,0
DA:35,0
DA:36,0
DA:37,0
DA:39,0
DA:40,0
DA:41,0
DA:45,0
DA:51,0
DA:59,0
LF:27
LH:0
BRDA:26,0,0,0
BRDA:26,0,1,0
BRDA:30,1,0,0
BRDA:30,1,1,0
BRDA:33,2,0,0
BRDA:35,3,0,0
BRDA:35,3,1,0
BRDA:36,4,0,0
BRDA:36,4,1,0
BRDA:37,5,0,0
BRDA:37,5,1,0
BRDA:39,6,0,0
BRDA:47,7,0,0
BRDA:47,7,1,0
BRF:14
BRH:0
end_of_record
TN:
SF:src\common\guards\rate-limit.guard.ts
FN:16,(anonymous_2)
FN:17,(anonymous_3)
FN:28,(anonymous_4)
FN:30,(anonymous_5)
FN:74,(anonymous_6)
FNF:5
FNH:0
FNDA:0,(anonymous_2)
FNDA:0,(anonymous_3)
FNDA:0,(anonymous_4)
FNDA:0,(anonymous_5)
FNDA:0,(anonymous_6)
DA:1,0
DA:2,0
DA:11,0
DA:14,0
DA:16,0
DA:17,0
DA:18,0
DA:19,0
DA:21,0
DA:27,0
DA:28,0
DA:31,0
DA:39,0
DA:40,0
DA:43,0
DA:44,0
DA:45,0
DA:47,0
DA:49,0
DA:51,0
DA:55,0
DA:58,0
DA:59,0
DA:60,0
DA:70,0
DA:71,0
DA:76,0
DA:77,0
DA:78,0
LF:29
LH:0
BRDA:18,0,0,0
BRDA:18,0,1,0
BRDA:31,1,0,0
BRDA:31,1,1,0
BRDA:39,2,0,0
BRDA:49,3,0,0
BRDA:49,4,0,0
BRDA:49,4,1,0
BRDA:58,5,0,0
BRDA:59,6,0,0
BRDA:59,6,1,0
BRDA:76,7,0,0
BRDA:76,7,1,0
BRDA:76,7,2,0
BRDA:77,8,0,0
BRDA:77,8,1,0
BRF:16
BRH:0
end_of_record
TN:
SF:src\common\interceptors\logging.interceptor.ts
FN:13,(anonymous_1)
FN:16,(anonymous_2)
FN:46,(anonymous_3)
FN:52,(anonymous_4)
FN:63,(anonymous_5)
FNF:5
FNH:0
FNDA:0,(anonymous_1)
FNDA:0,(anonymous_2)
FNDA:0,(anonymous_3)
FNDA:0,(anonymous_4)
FNDA:0,(anonymous_5)
DA:1,0
DA:9,0
DA:13,0
DA:14,0
DA:17,0
DA:18,0
DA:19,0
DA:20,0
DA:21,0
DA:23,0
DA:26,0
DA:30,0
DA:32,0
DA:33,0
DA:36,0
DA:37,0
DA:40,0
DA:41,0
DA:44,0
DA:47,0
DA:48,0
DA:53,0
DA:54,0
DA:64,0
DA:65,0
DA:68,0
DA:69,0
DA:71,0
DA:72,0
DA:73,0
DA:77,0
LF:31
LH:0
BRDA:20,0,0,0
BRDA:20,0,1,0
BRDA:30,1,0,0
BRDA:30,2,0,0
BRDA:30,2,1,0
BRDA:36,3,0,0
BRDA:36,4,0,0
BRDA:36,4,1,0
BRDA:40,5,0,0
BRDA:40,6,0,0
BRDA:40,6,1,0
BRDA:55,7,0,0
BRDA:55,7,1,0
BRDA:64,8,0,0
BRDA:64,9,0,0
BRDA:64,9,1,0
BRDA:72,10,0,0
BRF:17
BRH:0
end_of_record
TN:
SF:src\common\interceptors\transform.interceptor.ts
FN:13,(anonymous_1)
FN:15,(anonymous_2)
FNF:2
FNH:0
FNDA:0,(anonymous_1)
FNDA:0,(anonymous_2)
DA:1,0
DA:8,0
DA:9,0
DA:12,0
DA:14,0
DA:17,0
DA:18,0
DA:21,0
LF:8
LH:0
BRDA:17,0,0,0
BRDA:17,1,0,0
BRDA:17,1,1,0
BRDA:17,1,2,0
BRF:4
BRH:0
end_of_record
TN:
SF:src\common\logger\custom-logger.service.ts
FN:15,(anonymous_2)
FN:40,(anonymous_3)
FN:51,(anonymous_4)
FN:55,(anonymous_5)
FN:59,(anonymous_6)
FN:63,(anonymous_7)
FN:67,(anonymous_8)
FN:71,(anonymous_9)
FN:75,(anonymous_10)
FN:110,(anonymous_11)
FNF:10
FNH:0
FNDA:0,(anonymous_2)
FNDA:0,(anonymous_3)
FNDA:0,(anonymous_4)
FNDA:0,(anonymous_5)
FNDA:0,(anonymous_6)
FNDA:0,(anonymous_7)
FNDA:0,(anonymous_8)
FNDA:0,(anonymous_9)
FNDA:0,(anonymous_10)
FNDA:0,(anonymous_11)
DA:1,0
DA:2,0
DA:3,0
DA:10,0
DA:12,0
DA:16,0
DA:19,0
DA:20,0
DA:27,0
DA:41,0
DA:42,0
DA:43,0
DA:52,0
DA:56,0
DA:60,0
DA:64,0
DA:68,0
DA:72,0
DA:81,0
DA:82,0
DA:90,0
DA:93,0
DA:94,0
DA:95,0
DA:104,0
DA:116,0
DA:117,0
DA:118,0
DA:126,0
DA:131,0
LF:30
LH:0
BRDA:19,0,0,0
BRDA:19,1,0,0
BRDA:19,1,1,0
BRDA:28,2,0,0
BRDA:28,2,1,0
BRDA:41,3,0,0
BRDA:41,3,1,0
BRDA:42,4,0,0
BRDA:42,4,1,0
BRDA:81,5,0,0
BRDA:81,5,1,0
BRDA:84,6,0,0
BRDA:84,6,1,0
BRDA:93,7,0,0
BRDA:93,8,0,0
BRDA:93,8,1,0
BRDA:99,9,0,0
BRDA:99,9,1,0
BRDA:116,10,0,0
BRDA:116,11,0,0
BRDA:116,11,1,0
BRDA:123,12,0,0
BRDA:123,12,1,0
BRF:23
BRH:0
end_of_record
TN:
SF:src\common\logger\logger.module.ts
FNF:0
FNH:0
DA:1,0
DA:2,0
DA:9,0
LF:3
LH:0
BRF:0
BRH:0
end_of_record
TN:
SF:src\common\middleware\security.middleware.ts
FN:6,(anonymous_1)
FNF:1
FNH:0
FNDA:0,(anonymous_1)
DA:1,0
DA:5,0
DA:8,0
DA:9,0
DA:10,0
DA:11,0
DA:12,0
DA:15,0
DA:18,0
DA:29,0
LF:10
LH:0
BRF:0
BRH:0
end_of_record
TN:
SF:src\common\pipes\validation.pipe.ts
FN:12,(anonymous_1)
FN:21,(anonymous_2)
FN:34,(anonymous_3)
FNF:3
FNH:0
FNDA:0,(anonymous_1)
FNDA:0,(anonymous_2)
FNDA:0,(anonymous_3)
DA:1,0
DA:7,0
DA:8,0
DA:11,0
DA:13,0
DA:14,0
DA:17,0
DA:18,0
DA:20,0
DA:21,0
DA:22,0
DA:25,0
DA:31,0
DA:35,0
DA:36,0
LF:15
LH:0
BRDA:13,0,0,0
BRDA:13,1,0,0
BRDA:13,1,1,0
BRDA:20,2,0,0
BRDA:22,3,0,0
BRDA:22,3,1,0
BRF:6
BRH:0
end_of_record
TN:
SF:src\common\sentry\sentry.interceptor.ts
FN:14,(anonymous_1)
FN:16,(anonymous_2)
FN:21,(anonymous_3)
FN:38,(anonymous_4)
FN:43,(anonymous_5)
FN:50,(anonymous_6)
FNF:6
FNH:0
FNDA:0,(anonymous_1)
FNDA:0,(anonymous_2)
FNDA:0,(anonymous_3)
FNDA:0,(anonymous_4)
FNDA:0,(anonymous_5)
FNDA:0,(anonymous_6)
DA:1,0
DA:8,0
DA:9,0
DA:10,0
DA:13,0
DA:15,0
DA:18,0
DA:19,0
DA:21,0
DA:22,0
DA:29,0
DA:34,0
DA:38,0
DA:44,0
DA:45,0
DA:46,0
DA:47,0
DA:51,0
DA:52,0
DA:53,0
DA:54,0
DA:55,0
DA:56,0
LF:23
LH:0
BRDA:18,0,0,0
BRDA:51,1,0,0
BRF:2
BRH:0
end_of_record
TN:
SF:src\common\utils\pagination.util.ts
FN:4,(anonymous_0)
FN:25,(anonymous_1)
FN:29,(anonymous_2)
FNF:3
FNH:0
FNDA:0,(anonymous_0)
FNDA:0,(anonymous_1)
FNDA:0,(anonymous_2)
DA:3,0
DA:9,0
DA:10,0
DA:11,0
DA:12,0
DA:14,0
DA:26,0
DA:30,0
DA:32,0
DA:33,0
DA:36,0
DA:37,0
LF:12
LH:0
BRDA:9,0,0,0
BRDA:9,1,0,0
BRDA:25,2,0,0
BRDA:25,3,0,0
BRDA:30,4,0,0
BRDA:30,5,0,0
BRDA:32,6,0,0
BRDA:36,7,0,0
BRDA:36,8,0,0
BRDA:36,8,1,0
BRF:10
BRH:0
end_of_record
TN:
SF:src\common\utils\query-builder.util.ts
FN:6,(anonymous_0)
FN:30,(anonymous_1)
FN:40,(anonymous_2)
FN:47,(anonymous_3)
FN:51,(anonymous_4)
FN:64,(anonymous_5)
FNF:6
FNH:0
FNDA:0,(anonymous_0)
FNDA:0,(anonymous_1)
FNDA:0,(anonymous_2)
FNDA:0,(anonymous_3)
FNDA:0,(anonymous_4)
FNDA:0,(anonymous_5)
DA:3,0
DA:5,0
DA:10,0
DA:12,0
DA:14,0
DA:17,0
DA:18,0
DA:21,0
DA:25,0
DA:27,0
DA:35,0
DA:36,0
DA:40,0
DA:41,0
DA:44,0
DA:51,0
DA:52,0
DA:53,0
DA:54,0
DA:56,0
DA:61,0
DA:71,0
DA:75,0
DA:76,0
DA:79,0
DA:80,0
DA:83,0
DA:85,0
DA:86,0
DA:89,0
LF:30
LH:0
BRDA:10,0,0,0
BRDA:10,1,0,0
BRDA:10,2,0,0
BRDA:17,3,0,0
BRDA:17,3,1,0
BRDA:35,4,0,0
BRDA:35,5,0,0
BRDA:35,5,1,0
BRDA:52,6,0,0
BRDA:52,7,0,0
BRDA:52,7,1,0
BRDA:52,7,2,0
BRDA:53,8,0,0
BRDA:53,8,1,0
BRDA:75,9,0,0
BRDA:79,10,0,0
BRDA:79,11,0,0
BRDA:79,11,1,0
BRDA:85,12,0,0
BRDA:89,13,0,0
BRDA:89,13,1,0
BRF:21
BRH:0
end_of_record
TN:
SF:src\config\configuration.ts
FN:1,(anonymous_0)
FNF:1
FNH:0
FNDA:0,(anonymous_0)
DA:1,0
LF:1
LH:0
BRDA:3,0,0,0
BRDA:3,0,1,0
BRDA:4,1,0,0
BRDA:4,1,1,0
BRDA:5,2,0,0
BRDA:5,2,1,0
BRDA:22,3,0,0
BRDA:22,3,1,0
BRDA:49,4,0,0
BRDA:49,4,1,0
BRDA:57,5,0,0
BRDA:57,5,1,0
BRDA:71,6,0,0
BRDA:71,6,1,0
BRDA:76,7,0,0
BRDA:76,7,1,0
BRDA:77,8,0,0
BRDA:77,8,1,0
BRDA:78,9,0,0
BRDA:78,9,1,0
BRDA:88,10,0,0
BRDA:88,10,1,0
BRDA:89,11,0,0
BRDA:89,11,1,0
BRDA:90,12,0,0
BRDA:90,12,1,0
BRDA:92,13,0,0
BRDA:92,13,1,0
BRDA:93,14,0,0
BRDA:93,14,1,0
BRDA:94,15,0,0
BRDA:94,15,1,0
BRDA:95,16,0,0
BRDA:95,16,1,0
BRDA:111,17,0,0
BRDA:111,17,1,0
BRDA:112,18,0,0
BRDA:112,18,1,0
BRDA:113,19,0,0
BRDA:113,19,1,0
BRDA:114,20,0,0
BRDA:114,20,1,0
BRDA:119,21,0,0
BRDA:119,21,1,0
BRDA:120,22,0,0
BRDA:120,22,1,0
BRDA:121,23,0,0
BRDA:121,23,1,0
BRDA:122,24,0,0
BRDA:122,24,1,0
BRF:50
BRH:0
end_of_record
TN:
SF:src\customers\customers.controller.ts
FN:27,(anonymous_4)
FN:33,(anonymous_5)
FN:40,(anonymous_6)
FN:48,(anonymous_7)
FN:56,(anonymous_8)
FN:65,(anonymous_9)
FNF:6
FNH:0
FNDA:0,(anonymous_4)
FNDA:0,(anonymous_5)
FNDA:0,(anonymous_6)
FNDA:0,(anonymous_7)
FNDA:0,(anonymous_8)
FNDA:0,(anonymous_9)
DA:1,0
DA:13,0
DA:14,0
DA:15,0
DA:20,0
DA:21,0
DA:26,0
DA:27,0
DA:33,0
DA:34,0
DA:40,0
DA:41,0
DA:48,0
DA:49,0
DA:56,0
DA:57,0
DA:65,0
DA:66,0
LF:18
LH:0
BRF:0
BRH:0
end_of_record
TN:
SF:src\customers\customers.module.ts
FNF:0
FNH:0
DA:1,0
DA:2,0
DA:3,0
DA:11,0
LF:4
LH:0
BRF:0
BRH:0
end_of_record
TN:
SF:src\customers\customers.service.ts
FN:13,(anonymous_2)
FN:15,(anonymous_3)
FN:52,(anonymous_4)
FN:58,(anonymous_5)
FN:64,(anonymous_6)
FN:69,(anonymous_7)
FNF:6
FNH:6
FNDA:11,(anonymous_2)
FNDA:3,(anonymous_3)
FNDA:6,(anonymous_4)
FNDA:1,(anonymous_5)
FNDA:2,(anonymous_6)
FNDA:2,(anonymous_7)
DA:1,1
DA:2,1
DA:12,1
DA:13,11
DA:25,3
DA:27,3
DA:28,3
DA:30,3
DA:31,3
DA:32,3
DA:33,3
DA:34,3
DA:35,3
DA:36,1
DA:43,3
DA:48,3
DA:49,3
DA:53,6
DA:54,6
DA:55,3
DA:59,1
DA:65,2
DA:66,1
DA:70,2
DA:71,1
LF:25
LH:25
BRDA:23,0,0,3
BRDA:24,1,0,3
BRDA:30,2,0,1
BRDA:31,3,0,0
BRDA:32,4,0,0
BRDA:33,5,0,0
BRDA:34,6,0,0
BRDA:35,7,0,1
BRDA:54,8,0,3
BRDA:60,9,0,1
BRDA:60,9,1,0
BRF:11
BRH:6
end_of_record
TN:
SF:src\customers\dto\create-customer.dto.ts
FNF:0
FNH:0
DA:1,0
DA:2,0
DA:4,0
DA:9,0
DA:14,0
DA:19,0
DA:25,0
DA:31,0
DA:37,0
DA:43,0
LF:10
LH:0
BRF:0
BRH:0
end_of_record
TN:
SF:src\customers\dto\create-message.dto.ts
FNF:0
FNH:0
DA:1,0
DA:2,0
DA:4,0
DA:7,0
DA:12,0
DA:16,0
DA:20,0
DA:26,0
DA:35,0
LF:9
LH:0
BRF:0
BRH:0
end_of_record
TN:
SF:src\customers\dto\create-review.dto.ts
FN:4,(anonymous_2)
FNF:1
FNH:0
FNDA:0,(anonymous_2)
DA:1,0
DA:2,0
DA:4,0
DA:7,0
DA:13,0
DA:19,0
DA:28,0
DA:32,0
LF:8
LH:0
BRF:0
BRH:0
end_of_record
TN:
SF:src\customers\dto\customer-filters.dto.ts
FN:21,(anonymous_2)
FN:28,(anonymous_3)
FN:35,(anonymous_4)
FNF:3
FNH:0
FNDA:0,(anonymous_2)
FNDA:0,(anonymous_3)
FNDA:0,(anonymous_4)
DA:1,0
DA:2,0
DA:3,0
DA:4,0
DA:6,0
DA:10,0
DA:15,0
DA:21,0
DA:22,0
DA:28,0
DA:29,0
DA:35,0
DA:36,0
LF:13
LH:0
BRF:0
BRH:0
end_of_record
TN:
SF:src\customers\dto\index.ts
FNF:0
FNH:0
DA:1,0
DA:2,0
DA:3,0
LF:3
LH:0
BRF:0
BRH:0
end_of_record
TN:
SF:src\customers\dto\update-customer.dto.ts
FNF:0
FNH:0
DA:1,0
DA:2,0
DA:4,0
LF:3
LH:0
BRF:0
BRH:0
end_of_record
TN:
SF:src\customers\entities\customer-message.entity.ts
FNF:0
FNH:0
DA:1,0
DA:2,0
DA:4,0
DA:6,0
DA:9,0
DA:12,0
DA:15,0
DA:18,0
DA:21,0
DA:27,0
DA:30,0
LF:11
LH:0
BRF:0
BRH:0
end_of_record
TN:
SF:src\customers\entities\customer-review.entity.ts
FNF:0
FNH:0
DA:1,0
DA:2,0
DA:4,0
DA:6,0
DA:9,0
DA:12,0
DA:15,0
DA:21,0
DA:24,0
LF:9
LH:0
BRF:0
BRH:0
end_of_record
TN:
SF:src\customers\entities\customer.entity.ts
FNF:0
FNH:0
DA:1,0
DA:3,0
DA:5,0
DA:8,0
DA:11,0
DA:14,0
DA:17,0
DA:20,0
DA:23,0
DA:26,0
DA:29,0
DA:32,0
DA:35,0
DA:38,0
DA:41,0
DA:44,0
DA:47,0
LF:17
LH:0
BRF:0
BRH:0
end_of_record
TN:
SF:src\database\database.module.ts
FNF:0
FNH:0
DA:1,0
DA:2,0
DA:3,0
DA:11,0
LF:4
LH:0
BRF:0
BRH:0
end_of_record
TN:
SF:src\database\prisma.service.ts
FN:9,(anonymous_2)
FN:20,(anonymous_3)
FN:30,(anonymous_4)
FN:39,(anonymous_5)
FNF:4
FNH:0
FNDA:0,(anonymous_2)
FNDA:0,(anonymous_3)
FNDA:0,(anonymous_4)
FNDA:0,(anonymous_5)
DA:1,3
DA:2,3
DA:3,3
DA:6,3
DA:7,0
DA:9,0
DA:10,0
DA:21,0
DA:22,0
DA:23,0
DA:25,0
DA:26,0
DA:31,0
DA:32,0
DA:33,0
DA:35,0
DA:40,0
LF:17
LH:4
BRDA:16,0,0,0
BRDA:16,0,1,0
BRF:2
BRH:0
end_of_record
TN:
SF:src\gdpr\gdpr.controller.ts
FN:29,(anonymous_4)
FN:34,(anonymous_5)
FN:41,(anonymous_6)
FN:48,(anonymous_7)
FN:59,(anonymous_8)
FN:67,(anonymous_9)
FN:88,(anonymous_10)
FN:99,(anonymous_11)
FN:109,(anonymous_12)
FN:121,(anonymous_13)
FN:133,(anonymous_14)
FNF:11
FNH:0
FNDA:0,(anonymous_4)
FNDA:0,(anonymous_5)
FNDA:0,(anonymous_6)
FNDA:0,(anonymous_7)
FNDA:0,(anonymous_8)
FNDA:0,(anonymous_9)
FNDA:0,(anonymous_10)
FNDA:0,(anonymous_11)
FNDA:0,(anonymous_12)
FNDA:0,(anonymous_13)
FNDA:0,(anonymous_14)
DA:1,0
DA:13,0
DA:14,0
DA:15,0
DA:16,0
DA:17,0
DA:18,0
DA:19,0
DA:20,0
DA:21,0
DA:22,0
DA:28,0
DA:29,0
DA:34,0
DA:35,0
DA:41,0
DA:42,0
DA:48,0
DA:52,0
DA:59,0
DA:60,0
DA:61,0
DA:67,0
DA:71,0
DA:72,0
DA:74,0
DA:88,0
DA:92,0
DA:99,0
DA:100,0
DA:109,0
DA:110,0
DA:111,0
DA:121,0
DA:122,0
DA:123,0
DA:133,0
DA:134,0
DA:135,0
LF:39
LH:0
BRDA:71,0,0,0
BRDA:71,0,1,0
BRDA:71,0,2,0
BRDA:72,1,0,0
BRDA:72,1,1,0
BRDA:80,2,0,0
BRDA:80,2,1,0
BRF:7
BRH:0
end_of_record
TN:
SF:src\gdpr\gdpr.module.ts
FNF:0
FNH:0
DA:1,0
DA:2,0
DA:3,0
DA:4,0
DA:12,0
LF:5
LH:0
BRF:0
BRH:0
end_of_record
TN:
SF:src\gdpr\gdpr.service.ts
FN:11,(anonymous_2)
FN:14,(anonymous_3)
FN:40,(anonymous_4)
FN:48,(anonymous_5)
FN:78,(anonymous_6)
FN:101,(anonymous_7)
FN:141,(anonymous_8)
FN:152,(anonymous_9)
FN:177,(anonymous_10)
FN:178,(anonymous_11)
FN:197,(anonymous_12)
FN:213,(anonymous_13)
FN:225,(anonymous_14)
FNF:13
FNH:0
FNDA:0,(anonymous_2)
FNDA:0,(anonymous_3)
FNDA:0,(anonymous_4)
FNDA:0,(anonymous_5)
FNDA:0,(anonymous_6)
FNDA:0,(anonymous_7)
FNDA:0,(anonymous_8)
FNDA:0,(anonymous_9)
FNDA:0,(anonymous_10)
FNDA:0,(anonymous_11)
FNDA:0,(anonymous_12)
FNDA:0,(anonymous_13)
FNDA:0,(anonymous_14)
DA:1,0
DA:2,0
DA:8,0
DA:9,0
DA:11,0
DA:15,0
DA:22,0
DA:23,0
DA:26,0
DA:35,0
DA:37,0
DA:41,0
DA:49,0
DA:56,0
DA:57,0
DA:60,0
DA:61,0
DA:63,0
DA:73,0
DA:75,0
DA:79,0
DA:86,0
DA:87,0
DA:90,0
DA:95,0
DA:97,0
DA:109,0
DA:118,0
DA:119,0
DA:125,0
DA:136,0
DA:138,0
DA:142,0
DA:153,0
DA:154,0
DA:158,0
DA:159,0
DA:162,0
DA:165,0
DA:170,0
DA:171,0
DA:174,0
DA:178,0
DA:179,0
DA:184,0
DA:193,0
DA:198,0
DA:199,0
DA:201,0
DA:210,0
DA:214,0
DA:223,0
DA:224,0
DA:225,0
DA:226,0
DA:232,0
DA:236,0
DA:242,0
DA:244,0
LF:59
LH:0
BRDA:22,0,0,0
BRDA:56,1,0,0
BRDA:86,2,0,0
BRDA:107,3,0,0
BRDA:118,4,0,0
BRDA:118,5,0,0
BRDA:118,5,1,0
BRDA:145,6,0,0
BRDA:145,6,1,0
BRDA:153,7,0,0
BRDA:158,8,0,0
BRDA:170,9,0,0
BRF:12
BRH:0
end_of_record
TN:
SF:src\gdpr\dto\index.ts
FNF:0
FNH:0
DA:1,0
DA:2,0
DA:3,0
LF:3
LH:0
BRF:0
BRH:0
end_of_record
TN:
SF:src\gdpr\dto\record-consent.dto.ts
FNF:0
FNH:0
DA:1,0
DA:2,0
DA:4,0
DA:7,0
DA:11,0
DA:16,0
LF:6
LH:0
BRF:0
BRH:0
end_of_record
TN:
SF:src\gdpr\dto\request-data-deletion.dto.ts
FNF:0
FNH:0
DA:1,0
DA:2,0
DA:4,0
DA:8,0
LF:4
LH:0
BRF:0
BRH:0
end_of_record
TN:
SF:src\gdpr\dto\update-privacy-policy.dto.ts
FNF:0
FNH:0
DA:1,0
DA:2,0
DA:4,0
DA:7,0
DA:11,0
LF:5
LH:0
BRF:0
BRH:0
end_of_record
TN:
SF:src\gdpr\entities\consent-record.entity.ts
FNF:0
FNH:0
DA:1,0
DA:3,0
DA:5,0
DA:8,0
DA:11,0
DA:14,0
DA:17,0
DA:20,0
DA:23,0
DA:26,0
DA:29,0
DA:32,0
DA:35,0
LF:13
LH:0
BRF:0
BRH:0
end_of_record
TN:
SF:src\gdpr\entities\data-deletion-request.entity.ts
FNF:0
FNH:0
DA:1,0
DA:3,0
DA:5,0
DA:8,0
DA:11,0
DA:14,0
DA:17,0
DA:20,0
DA:23,0
DA:26,0
DA:29,0
LF:11
LH:0
BRF:0
BRH:0
end_of_record
TN:
SF:src\gdpr\entities\data-export-request.entity.ts
FNF:0
FNH:0
DA:1,0
DA:3,0
DA:5,0
DA:8,0
DA:11,0
DA:14,0
DA:17,0
DA:20,0
DA:23,0
DA:26,0
DA:29,0
LF:11
LH:0
BRF:0
BRH:0
end_of_record
TN:
SF:src\health\health.controller.ts
FN:10,(anonymous_2)
FN:22,(anonymous_3)
FNF:2
FNH:0
FNDA:0,(anonymous_2)
FNDA:0,(anonymous_3)
DA:1,0
DA:2,0
DA:6,0
DA:10,0
DA:11,0
DA:22,0
DA:24,0
LF:7
LH:0
BRF:0
BRH:0
end_of_record
TN:
SF:src\health\health.module.ts
FNF:0
FNH:0
DA:1,0
DA:2,0
DA:7,0
LF:3
LH:0
BRF:0
BRH:0
end_of_record
TN:
SF:src\integrations\integration.service.ts
FN:30,(anonymous_2)
FN:35,(anonymous_3)
FN:64,(anonymous_4)
FN:91,(anonymous_5)
FN:95,(anonymous_6)
FN:107,(anonymous_7)
FN:119,(anonymous_8)
FN:131,(anonymous_9)
FN:135,(anonymous_10)
FN:167,(anonymous_11)
FN:171,(anonymous_12)
FN:178,(anonymous_13)
FN:208,(anonymous_14)
FN:224,(anonymous_15)
FNF:14
FNH:0
FNDA:0,(anonymous_2)
FNDA:0,(anonymous_3)
FNDA:0,(anonymous_4)
FNDA:0,(anonymous_5)
FNDA:0,(anonymous_6)
FNDA:0,(anonymous_7)
FNDA:0,(anonymous_8)
FNDA:0,(anonymous_9)
FNDA:0,(anonymous_10)
FNDA:0,(anonymous_11)
FNDA:0,(anonymous_12)
FNDA:0,(anonymous_13)
FNDA:0,(anonymous_14)
FNDA:0,(anonymous_15)
DA:1,0
DA:2,0
DA:3,0
DA:4,0
DA:21,0
DA:22,0
DA:23,0
DA:26,0
DA:27,0
DA:28,0
DA:31,0
DA:32,0
DA:42,0
DA:43,0
DA:46,0
DA:57,0
DA:58,0
DA:60,0
DA:65,0
DA:66,0
DA:72,0
DA:74,0
DA:75,0
DA:79,0
DA:81,0
DA:87,0
DA:92,0
DA:101,0
DA:113,0
DA:125,0
DA:132,0
DA:141,0
DA:143,0
DA:144,0
DA:151,0
DA:153,0
DA:154,0
DA:155,0
DA:156,0
DA:159,0
DA:168,0
DA:169,0
DA:171,0
DA:172,0
DA:175,0
DA:179,0
DA:181,0
DA:182,0
DA:185,0
DA:187,0
DA:189,0
DA:192,0
DA:194,0
DA:195,0
DA:196,0
DA:198,0
DA:201,0
DA:204,0
DA:209,0
DA:211,0
DA:212,0
DA:214,0
DA:215,0
DA:216,0
DA:217,0
DA:219,0
DA:225,0
DA:227,0
DA:228,0
DA:233,0
DA:236,0
DA:237,0
DA:239,0
DA:240,0
DA:241,0
LF:75
LH:0
BRDA:39,0,0,0
BRDA:42,1,0,0
BRDA:54,2,0,0
BRDA:54,2,1,0
BRDA:58,3,0,0
BRDA:58,3,1,0
BRDA:62,4,0,0
BRDA:62,4,1,0
BRDA:63,5,0,0
BRDA:63,5,1,0
BRDA:143,6,0,0
BRDA:153,7,0,0
BRDA:153,7,1,0
BRDA:155,8,0,0
BRDA:163,9,0,0
BRDA:163,9,1,0
BRDA:181,10,0,0
BRDA:187,11,0,0
BRDA:187,11,1,0
BRDA:187,11,2,0
BRDA:187,11,3,0
BRDA:192,12,0,0
BRDA:211,13,0,0
BRDA:212,14,0,0
BRDA:212,14,1,0
BRDA:217,15,0,0
BRDA:227,16,0,0
BRDA:239,17,0,0
BRF:28
BRH:0
end_of_record
TN:
SF:src\integrations\integrations.controller.ts
FN:26,(anonymous_4)
FN:38,(anonymous_5)
FN:71,(anonymous_6)
FN:78,(anonymous_7)
FN:85,(anonymous_8)
FN:92,(anonymous_9)
FN:99,(anonymous_10)
FN:106,(anonymous_11)
FN:115,(anonymous_12)
FN:123,(anonymous_13)
FN:130,(anonymous_14)
FN:137,(anonymous_15)
FN:144,(anonymous_16)
FN:151,(anonymous_17)
FN:158,(anonymous_18)
FN:169,(anonymous_19)
FN:176,(anonymous_20)
FN:183,(anonymous_21)
FN:194,(anonymous_22)
FN:201,(anonymous_23)
FN:208,(anonymous_24)
FN:219,(anonymous_25)
FN:231,(anonymous_26)
FN:241,(anonymous_27)
FN:251,(anonymous_28)
FN:258,(anonymous_29)
FNF:26
FNH:0
FNDA:0,(anonymous_4)
FNDA:0,(anonymous_5)
FNDA:0,(anonymous_6)
FNDA:0,(anonymous_7)
FNDA:0,(anonymous_8)
FNDA:0,(anonymous_9)
FNDA:0,(anonymous_10)
FNDA:0,(anonymous_11)
FNDA:0,(anonymous_12)
FNDA:0,(anonymous_13)
FNDA:0,(anonymous_14)
FNDA:0,(anonymous_15)
FNDA:0,(anonymous_16)
FNDA:0,(anonymous_17)
FNDA:0,(anonymous_18)
FNDA:0,(anonymous_19)
FNDA:0,(anonymous_20)
FNDA:0,(anonymous_21)
FNDA:0,(anonymous_22)
FNDA:0,(anonymous_23)
FNDA:0,(anonymous_24)
FNDA:0,(anonymous_25)
FNDA:0,(anonymous_26)
FNDA:0,(anonymous_27)
FNDA:0,(anonymous_28)
FNDA:0,(anonymous_29)
DA:1,0
DA:11,0
DA:12,0
DA:13,0
DA:14,0
DA:15,0
DA:16,0
DA:17,0
DA:18,0
DA:19,0
DA:25,0
DA:27,0
DA:28,0
DA:29,0
DA:30,0
DA:38,0
DA:39,0
DA:42,0
DA:48,0
DA:71,0
DA:72,0
DA:78,0
DA:79,0
DA:85,0
DA:86,0
DA:92,0
DA:93,0
DA:99,0
DA:100,0
DA:106,0
DA:110,0
DA:115,0
DA:116,0
DA:123,0
DA:124,0
DA:130,0
DA:131,0
DA:137,0
DA:138,0
DA:144,0
DA:145,0
DA:151,0
DA:152,0
DA:158,0
DA:162,0
DA:169,0
DA:170,0
DA:176,0
DA:177,0
DA:183,0
DA:188,0
DA:194,0
DA:195,0
DA:201,0
DA:202,0
DA:208,0
DA:209,0
DA:219,0
DA:220,0
DA:231,0
DA:235,0
DA:241,0
DA:245,0
DA:251,0
DA:252,0
DA:258,0
DA:259,0
LF:67
LH:0
BRDA:53,0,0,0
BRDA:53,0,1,0
BRDA:57,1,0,0
BRDA:57,1,1,0
BRDA:61,2,0,0
BRDA:61,2,1,0
BRF:6
BRH:0
end_of_record
TN:
SF:src\integrations\integrations.module.ts
FNF:0
FNH:0
DA:1,0
DA:2,0
DA:3,0
DA:4,0
DA:5,0
DA:6,0
DA:7,0
DA:8,0
DA:32,0
LF:9
LH:0
BRF:0
BRH:0
end_of_record
TN:
SF:src\integrations\renos-calendar\renos-calendar.service.ts
FN:83,(anonymous_2)
FN:100,(anonymous_3)
FN:119,(anonymous_4)
FN:138,(anonymous_5)
FN:153,(anonymous_6)
FN:174,(anonymous_7)
FN:196,(anonymous_8)
FN:214,(anonymous_9)
FN:233,(anonymous_10)
FN:248,(anonymous_11)
FN:263,(anonymous_12)
FN:280,(anonymous_13)
FN:295,(anonymous_14)
FN:314,(anonymous_15)
FN:330,(anonymous_16)
FN:346,(anonymous_17)
FN:363,(anonymous_18)
FN:388,(anonymous_19)
FN:409,(anonymous_20)
FN:430,(anonymous_21)
FN:432,(anonymous_22)
FN:439,(anonymous_23)
FN:446,(anonymous_24)
FN:458,(anonymous_25)
FN:472,(anonymous_26)
FN:478,(anonymous_27)
FN:483,(anonymous_28)
FNF:27
FNH:0
FNDA:0,(anonymous_2)
FNDA:0,(anonymous_3)
FNDA:0,(anonymous_4)
FNDA:0,(anonymous_5)
FNDA:0,(anonymous_6)
FNDA:0,(anonymous_7)
FNDA:0,(anonymous_8)
FNDA:0,(anonymous_9)
FNDA:0,(anonymous_10)
FNDA:0,(anonymous_11)
FNDA:0,(anonymous_12)
FNDA:0,(anonymous_13)
FNDA:0,(anonymous_14)
FNDA:0,(anonymous_15)
FNDA:0,(anonymous_16)
FNDA:0,(anonymous_17)
FNDA:0,(anonymous_18)
FNDA:0,(anonymous_19)
FNDA:0,(anonymous_20)
FNDA:0,(anonymous_21)
FNDA:0,(anonymous_22)
FNDA:0,(anonymous_23)
FNDA:0,(anonymous_24)
FNDA:0,(anonymous_25)
FNDA:0,(anonymous_26)
FNDA:0,(anonymous_27)
FNDA:0,(anonymous_28)
DA:1,0
DA:2,0
DA:3,0
DA:79,0
DA:80,0
DA:84,0
DA:85,0
DA:87,0
DA:94,0
DA:95,0
DA:101,0
DA:102,0
DA:104,0
DA:111,0
DA:112,0
DA:114,0
DA:115,0
DA:120,0
DA:121,0
DA:123,0
DA:130,0
DA:131,0
DA:133,0
DA:134,0
DA:139,0
DA:140,0
DA:146,0
DA:148,0
DA:149,0
DA:154,0
DA:155,0
DA:156,0
DA:157,0
DA:160,0
DA:166,0
DA:168,0
DA:169,0
DA:175,0
DA:176,0
DA:182,0
DA:189,0
DA:191,0
DA:192,0
DA:197,0
DA:198,0
DA:200,0
DA:207,0
DA:209,0
DA:210,0
DA:215,0
DA:216,0
DA:218,0
DA:225,0
DA:227,0
DA:228,0
DA:234,0
DA:235,0
DA:241,0
DA:243,0
DA:244,0
DA:249,0
DA:250,0
DA:256,0
DA:258,0
DA:259,0
DA:264,0
DA:265,0
DA:272,0
DA:274,0
DA:275,0
DA:281,0
DA:282,0
DA:288,0
DA:290,0
DA:291,0
DA:296,0
DA:297,0
DA:299,0
DA:306,0
DA:307,0
DA:309,0
DA:310,0
DA:315,0
DA:316,0
DA:322,0
DA:324,0
DA:325,0
DA:331,0
DA:332,0
DA:339,0
DA:341,0
DA:342,0
DA:347,0
DA:348,0
DA:355,0
DA:357,0
DA:358,0
DA:368,0
DA:369,0
DA:374,0
DA:381,0
DA:383,0
DA:384,0
DA:393,0
DA:394,0
DA:401,0
DA:403,0
DA:404,0
DA:411,0
DA:427,0
DA:429,0
DA:430,0
DA:431,0
DA:432,0
DA:436,0
DA:441,0
DA:446,0
DA:447,0
DA:448,0
DA:452,0
DA:459,0
DA:460,0
DA:462,0
DA:463,0
DA:465,0
DA:473,0
DA:474,0
DA:475,0
DA:479,0
DA:484,0
DA:485,0
DA:490,0
DA:492,0
DA:493,0
LF:134
LH:0
BRDA:94,0,0,0
BRDA:94,1,0,0
BRDA:94,1,1,0
BRDA:156,2,0,0
BRDA:214,3,0,0
BRDA:366,4,0,0
BRDA:391,5,0,0
BRDA:429,6,0,0
BRDA:431,7,0,0
BRDA:447,8,0,0
BRF:10
BRH:0
end_of_record
TN:
SF:src\integrations\tekup-billy\tekup-billy.service.ts
FN:68,(anonymous_2)
FN:85,(anonymous_3)
FN:104,(anonymous_4)
FN:123,(anonymous_5)
FN:138,(anonymous_6)
FN:154,(anonymous_7)
FN:173,(anonymous_8)
FN:189,(anonymous_9)
FN:211,(anonymous_10)
FN:226,(anonymous_11)
FN:244,(anonymous_12)
FN:260,(anonymous_13)
FN:282,(anonymous_14)
FN:299,(anonymous_15)
FN:315,(anonymous_16)
FN:339,(anonymous_17)
FN:387,(anonymous_18)
FN:392,(anonymous_19)
FN:397,(anonymous_20)
FN:402,(anonymous_21)
FN:413,(anonymous_22)
FN:420,(anonymous_23)
FNF:22
FNH:0
FNDA:0,(anonymous_2)
FNDA:0,(anonymous_3)
FNDA:0,(anonymous_4)
FNDA:0,(anonymous_5)
FNDA:0,(anonymous_6)
FNDA:0,(anonymous_7)
FNDA:0,(anonymous_8)
FNDA:0,(anonymous_9)
FNDA:0,(anonymous_10)
FNDA:0,(anonymous_11)
FNDA:0,(anonymous_12)
FNDA:0,(anonymous_13)
FNDA:0,(anonymous_14)
FNDA:0,(anonymous_15)
FNDA:0,(anonymous_16)
FNDA:0,(anonymous_17)
FNDA:0,(anonymous_18)
FNDA:0,(anonymous_19)
FNDA:0,(anonymous_20)
FNDA:0,(anonymous_21)
FNDA:0,(anonymous_22)
FNDA:0,(anonymous_23)
DA:1,0
DA:2,0
DA:3,0
DA:64,0
DA:65,0
DA:69,0
DA:70,0
DA:72,0
DA:79,0
DA:80,0
DA:86,0
DA:87,0
DA:89,0
DA:96,0
DA:97,0
DA:99,0
DA:100,0
DA:105,0
DA:106,0
DA:108,0
DA:115,0
DA:116,0
DA:118,0
DA:119,0
DA:124,0
DA:125,0
DA:131,0
DA:133,0
DA:134,0
DA:139,0
DA:140,0
DA:146,0
DA:148,0
DA:149,0
DA:155,0
DA:156,0
DA:158,0
DA:165,0
DA:166,0
DA:168,0
DA:169,0
DA:174,0
DA:175,0
DA:181,0
DA:183,0
DA:184,0
DA:190,0
DA:191,0
DA:196,0
DA:203,0
DA:204,0
DA:206,0
DA:207,0
DA:212,0
DA:213,0
DA:219,0
DA:221,0
DA:222,0
DA:227,0
DA:228,0
DA:230,0
DA:237,0
DA:239,0
DA:240,0
DA:245,0
DA:246,0
DA:252,0
DA:254,0
DA:255,0
DA:261,0
DA:262,0
DA:267,0
DA:274,0
DA:275,0
DA:277,0
DA:278,0
DA:283,0
DA:284,0
DA:285,0
DA:291,0
DA:293,0
DA:294,0
DA:300,0
DA:301,0
DA:307,0
DA:309,0
DA:310,0
DA:316,0
DA:317,0
DA:319,0
DA:321,0
DA:322,0
DA:324,0
DA:325,0
DA:327,0
DA:328,0
DA:330,0
DA:333,0
DA:334,0
DA:340,0
DA:343,0
DA:344,0
DA:347,0
DA:361,0
DA:370,0
DA:380,0
DA:382,0
DA:383,0
DA:388,0
DA:393,0
DA:398,0
DA:403,0
DA:410,0
DA:414,0
DA:415,0
DA:416,0
DA:421,0
DA:422,0
DA:427,0
DA:429,0
DA:430,0
LF:121
LH:0
BRDA:79,0,0,0
BRDA:79,1,0,0
BRDA:79,1,1,0
BRDA:284,2,0,0
BRDA:284,2,1,0
BRDA:319,3,0,0
BRDA:319,3,1,0
BRDA:319,3,2,0
BRDA:319,3,3,0
BRDA:351,4,0,0
BRDA:351,4,1,0
BRDA:364,5,0,0
BRDA:364,5,1,0
BRDA:366,6,0,0
BRDA:366,6,1,0
BRDA:410,7,0,0
BRDA:410,7,1,0
BRF:17
BRH:0
end_of_record
TN:
SF:src\integrations\tekup-vault\tekup-vault.service.ts
FN:55,(anonymous_2)
FN:72,(anonymous_3)
FN:91,(anonymous_4)
FN:110,(anonymous_5)
FN:125,(anonymous_6)
FN:141,(anonymous_7)
FN:160,(anonymous_8)
FN:178,(anonymous_9)
FN:197,(anonymous_10)
FN:211,(anonymous_11)
FN:230,(anonymous_12)
FN:249,(anonymous_13)
FN:264,(anonymous_14)
FN:284,(anonymous_15)
FN:302,(anonymous_16)
FN:321,(anonymous_17)
FN:336,(anonymous_18)
FN:352,(anonymous_19)
FN:360,(anonymous_20)
FN:368,(anonymous_21)
FN:372,(anonymous_22)
FN:376,(anonymous_23)
FN:392,(anonymous_24)
FN:458,(anonymous_25)
FNF:24
FNH:0
FNDA:0,(anonymous_2)
FNDA:0,(anonymous_3)
FNDA:0,(anonymous_4)
FNDA:0,(anonymous_5)
FNDA:0,(anonymous_6)
FNDA:0,(anonymous_7)
FNDA:0,(anonymous_8)
FNDA:0,(anonymous_9)
FNDA:0,(anonymous_10)
FNDA:0,(anonymous_11)
FNDA:0,(anonymous_12)
FNDA:0,(anonymous_13)
FNDA:0,(anonymous_14)
FNDA:0,(anonymous_15)
FNDA:0,(anonymous_16)
FNDA:0,(anonymous_17)
FNDA:0,(anonymous_18)
FNDA:0,(anonymous_19)
FNDA:0,(anonymous_20)
FNDA:0,(anonymous_21)
FNDA:0,(anonymous_22)
FNDA:0,(anonymous_23)
FNDA:0,(anonymous_24)
FNDA:0,(anonymous_25)
DA:1,0
DA:2,0
DA:3,0
DA:51,0
DA:52,0
DA:56,0
DA:57,0
DA:59,0
DA:66,0
DA:67,0
DA:73,0
DA:74,0
DA:76,0
DA:83,0
DA:84,0
DA:86,0
DA:87,0
DA:92,0
DA:93,0
DA:95,0
DA:102,0
DA:103,0
DA:105,0
DA:106,0
DA:111,0
DA:112,0
DA:118,0
DA:120,0
DA:121,0
DA:126,0
DA:127,0
DA:133,0
DA:135,0
DA:136,0
DA:142,0
DA:143,0
DA:145,0
DA:152,0
DA:153,0
DA:155,0
DA:156,0
DA:165,0
DA:174,0
DA:179,0
DA:180,0
DA:184,0
DA:190,0
DA:192,0
DA:193,0
DA:198,0
DA:207,0
DA:212,0
DA:213,0
DA:217,0
DA:223,0
DA:225,0
DA:226,0
DA:236,0
DA:245,0
DA:250,0
DA:251,0
DA:257,0
DA:259,0
DA:260,0
DA:265,0
DA:266,0
DA:268,0
DA:275,0
DA:276,0
DA:278,0
DA:279,0
DA:285,0
DA:286,0
DA:288,0
DA:295,0
DA:297,0
DA:298,0
DA:303,0
DA:304,0
DA:306,0
DA:313,0
DA:315,0
DA:316,0
DA:322,0
DA:323,0
DA:329,0
DA:331,0
DA:332,0
DA:337,0
DA:338,0
DA:344,0
DA:346,0
DA:347,0
DA:353,0
DA:361,0
DA:369,0
DA:373,0
DA:377,0
DA:378,0
DA:384,0
DA:386,0
DA:387,0
DA:393,0
DA:394,0
DA:397,0
DA:418,0
DA:419,0
DA:423,0
DA:447,0
DA:448,0
DA:451,0
DA:453,0
DA:459,0
DA:460,0
DA:465,0
DA:467,0
DA:468,0
LF:117
LH:0
BRDA:66,0,0,0
BRDA:66,1,0,0
BRDA:66,1,1,0
BRDA:160,2,0,0
BRDA:170,3,0,0
BRDA:170,3,1,0
BRDA:180,4,0,0
BRDA:180,4,1,0
BRDA:197,5,0,0
BRDA:213,6,0,0
BRDA:213,6,1,0
BRDA:234,7,0,0
BRDA:284,8,0,0
BRDA:336,9,0,0
BRF:14
BRH:0
end_of_record
TN:
SF:src\jobs\dto\assign-job.dto.ts
FN:19,(anonymous_2)
FNF:1
FNH:0
FNDA:0,(anonymous_2)
DA:1,0
DA:2,0
DA:3,0
DA:8,0
DA:12,0
DA:15,0
DA:19,0
DA:20,0
LF:8
LH:0
BRF:0
BRH:0
end_of_record
TN:
SF:src\jobs\dto\create-job.dto.ts
FN:35,(anonymous_2)
FN:84,(anonymous_3)
FN:96,(anonymous_4)
FNF:3
FNH:0
FNDA:0,(anonymous_2)
FNDA:0,(anonymous_3)
FNDA:0,(anonymous_4)
DA:1,0
DA:2,0
DA:3,0
DA:4,0
DA:9,0
DA:13,0
DA:17,0
DA:21,0
DA:29,0
DA:38,0
DA:42,0
DA:46,0
DA:50,0
DA:55,0
DA:60,0
DA:63,0
DA:66,0
DA:70,0
DA:74,0
DA:80,0
DA:84,0
DA:85,0
DA:90,0
DA:96,0
DA:97,0
DA:102,0
LF:26
LH:0
BRF:0
BRH:0
end_of_record
TN:
SF:src\jobs\dto\index.ts
FNF:0
FNH:0
DA:1,0
DA:2,0
DA:3,0
DA:4,0
DA:5,0
LF:5
LH:0
BRF:0
BRH:0
end_of_record
TN:
SF:src\jobs\dto\job-filters.dto.ts
FNF:0
FNH:0
DA:1,0
DA:2,0
DA:3,0
DA:4,0
DA:6,0
DA:10,0
DA:15,0
DA:20,0
DA:25,0
DA:30,0
DA:35,0
DA:40,0
LF:12
LH:0
BRF:0
BRH:0
end_of_record
TN:
SF:src\jobs\dto\update-job-status.dto.ts
FNF:0
FNH:0
DA:1,0
DA:2,0
DA:3,0
DA:5,0
DA:8,0
DA:14,0
DA:21,0
DA:26,0
DA:40,0
LF:9
LH:0
BRF:0
BRH:0
end_of_record
TN:
SF:src\jobs\dto\update-job.dto.ts
FNF:0
FNH:0
DA:1,0
DA:2,0
DA:4,0
LF:3
LH:0
BRF:0
BRH:0
end_of_record
TN:
SF:src\jobs\entities\job-assignment.entity.ts
FNF:0
FNH:0
DA:1,0
DA:2,0
DA:4,0
DA:6,0
DA:9,0
DA:12,0
DA:15,0
LF:7
LH:0
BRF:0
BRH:0
end_of_record
TN:
SF:src\jobs\entities\job.entity.ts
FN:4,(anonymous_2)
FN:12,(anonymous_3)
FNF:2
FNH:0
FNDA:0,(anonymous_2)
FNDA:0,(anonymous_3)
DA:1,0
DA:2,0
DA:4,0
DA:5,0
DA:6,0
DA:7,0
DA:8,0
DA:9,0
DA:12,0
DA:13,0
DA:14,0
DA:15,0
DA:16,0
DA:17,0
DA:18,0
DA:57,0
DA:59,0
DA:62,0
DA:65,0
DA:68,0
DA:71,0
DA:74,0
DA:77,0
DA:89,0
DA:92,0
DA:109,0
DA:125,0
DA:128,0
DA:131,0
DA:143,0
DA:146,0
DA:149,0
DA:152,0
LF:33
LH:0
BRDA:4,0,0,0
BRDA:4,0,1,0
BRDA:12,1,0,0
BRDA:12,1,1,0
BRF:4
BRH:0
end_of_record
TN:
SF:src\leads\leads.controller.ts
FN:11,(anonymous_4)
FN:16,(anonymous_5)
FN:31,(anonymous_6)
FN:39,(anonymous_7)
FN:47,(anonymous_8)
FN:56,(anonymous_9)
FN:63,(anonymous_10)
FN:79,(anonymous_11)
FN:93,(anonymous_12)
FNF:9
FNH:0
FNDA:0,(anonymous_4)
FNDA:0,(anonymous_5)
FNDA:0,(anonymous_6)
FNDA:0,(anonymous_7)
FNDA:0,(anonymous_8)
FNDA:0,(anonymous_9)
FNDA:0,(anonymous_10)
FNDA:0,(anonymous_11)
FNDA:0,(anonymous_12)
DA:1,0
DA:2,0
DA:3,0
DA:4,0
DA:5,0
DA:10,0
DA:11,0
DA:16,0
DA:17,0
DA:31,0
DA:32,0
DA:39,0
DA:40,0
DA:47,0
DA:48,0
DA:56,0
DA:57,0
DA:63,0
DA:73,0
DA:79,0
DA:87,0
DA:93,0
DA:94,0
LF:23
LH:0
BRF:0
BRH:0
end_of_record
TN:
SF:src\leads\leads.module.ts
FNF:0
FNH:0
DA:1,0
DA:2,0
DA:3,0
DA:10,0
LF:4
LH:0
BRF:0
BRH:0
end_of_record
TN:
SF:src\leads\leads.service.ts
FN:9,(anonymous_2)
FN:11,(anonymous_3)
FN:78,(anonymous_4)
FN:90,(anonymous_5)
FN:105,(anonymous_6)
FN:117,(anonymous_7)
FN:126,(anonymous_8)
FN:144,(anonymous_9)
FN:158,(anonymous_10)
FNF:9
FNH:9
FNDA:20,(anonymous_2)
FNDA:8,(anonymous_3)
FNDA:6,(anonymous_4)
FNDA:2,(anonymous_5)
FNDA:2,(anonymous_6)
FNDA:2,(anonymous_7)
FNDA:1,(anonymous_8)
FNDA:1,(anonymous_9)
FNDA:1,(anonymous_10)
DA:1,1
DA:2,1
DA:3,1
DA:8,1
DA:9,20
DA:25,8
DA:28,8
DA:30,8
DA:31,8
DA:32,8
DA:33,8
DA:34,8
DA:36,8
DA:37,1
DA:40,8
DA:41,1
DA:45,8
DA:46,1
DA:54,8
DA:57,8
DA:58,8
DA:65,8
DA:67,8
DA:79,6
DA:83,6
DA:84,3
DA:87,3
DA:91,2
DA:102,2
DA:107,2
DA:109,1
DA:114,1
DA:119,2
DA:121,1
DA:133,1
DA:141,1
DA:145,1
DA:155,1
DA:159,1
DA:167,1
LF:40
LH:40
BRDA:21,0,0,8
BRDA:22,1,0,8
BRDA:23,2,0,7
BRDA:24,3,0,7
BRDA:30,4,0,1
BRDA:31,5,0,1
BRDA:32,6,0,1
BRDA:33,7,0,0
BRDA:34,8,0,0
BRDA:36,9,0,1
BRDA:40,10,0,1
BRDA:45,11,0,1
BRDA:83,12,0,3
BRDA:98,13,0,2
BRDA:98,13,1,1
BRDA:151,14,0,1
BRDA:151,14,1,0
BRF:17
BRH:14
end_of_record
TN:
SF:src\leads\dto\create-lead.dto.ts
FNF:0
FNH:0
DA:1,0
DA:2,0
DA:4,0
DA:8,0
DA:13,0
DA:19,0
DA:25,0
DA:30,0
DA:36,0
DA:41,0
DA:46,0
DA:51,0
DA:57,0
DA:67,0
DA:72,0
LF:15
LH:0
BRF:0
BRH:0
end_of_record
TN:
SF:src\leads\dto\index.ts
FNF:0
FNH:0
DA:1,0
DA:2,0
DA:3,0
LF:3
LH:0
BRF:0
BRH:0
end_of_record
TN:
SF:src\leads\dto\lead-filters.dto.ts
FN:26,(anonymous_2)
FN:33,(anonymous_3)
FNF:2
FNH:0
FNDA:0,(anonymous_2)
FNDA:0,(anonymous_3)
DA:1,0
DA:2,0
DA:3,0
DA:4,0
DA:5,0
DA:7,0
DA:11,0
DA:16,0
DA:21,0
DA:26,0
DA:27,0
DA:33,0
DA:34,0
DA:39,0
DA:44,0
LF:15
LH:0
BRF:0
BRH:0
end_of_record
TN:
SF:src\leads\dto\update-lead.dto.ts
FNF:0
FNH:0
DA:1,0
DA:2,0
DA:3,0
DA:4,0
DA:5,0
DA:7,0
DA:11,0
DA:16,0
DA:21,0
DA:25,0
DA:29,0
DA:33,0
DA:38,0
DA:43,0
DA:48,0
LF:15
LH:0
BRF:0
BRH:0
end_of_record
TN:
SF:src\leads\entities\lead.entity.ts
FN:3,(anonymous_2)
FN:11,(anonymous_3)
FNF:2
FNH:2
FNDA:1,(anonymous_2)
FNDA:1,(anonymous_3)
DA:1,1
DA:3,1
DA:4,1
DA:5,1
DA:6,1
DA:7,1
DA:8,1
DA:11,1
DA:12,1
DA:13,1
DA:14,1
DA:15,1
DA:18,1
DA:20,1
DA:23,1
DA:26,1
DA:29,1
DA:32,1
DA:35,1
DA:38,1
DA:41,1
DA:44,1
DA:47,1
DA:50,1
DA:57,1
DA:60,1
DA:63,1
DA:66,1
DA:69,1
DA:72,1
DA:76,1
DA:79,1
DA:82,1
DA:85,1
DA:88,1
DA:91,1
DA:95,1
DA:98,1
DA:101,1
DA:104,1
DA:107,1
DA:110,1
LF:42
LH:42
BRDA:3,0,0,1
BRDA:3,0,1,1
BRDA:11,1,0,1
BRDA:11,1,1,1
BRF:4
BRH:4
end_of_record
TN:
SF:src\quality\photo-documentation.service.ts
FN:8,(anonymous_2)
FN:10,(anonymous_3)
FN:26,(anonymous_4)
FN:54,(anonymous_5)
FN:77,(anonymous_6)
FN:96,(anonymous_7)
FN:120,(anonymous_8)
FN:123,(anonymous_9)
FN:135,(anonymous_10)
FN:144,(anonymous_11)
FN:167,(anonymous_12)
FNF:11
FNH:0
FNDA:0,(anonymous_2)
FNDA:0,(anonymous_3)
FNDA:0,(anonymous_4)
FNDA:0,(anonymous_5)
FNDA:0,(anonymous_6)
FNDA:0,(anonymous_7)
FNDA:0,(anonymous_8)
FNDA:0,(anonymous_9)
FNDA:0,(anonymous_10)
FNDA:0,(anonymous_11)
FNDA:0,(anonymous_12)
DA:1,0
DA:2,0
DA:5,0
DA:6,0
DA:8,0
DA:21,0
DA:25,0
DA:27,0
DA:28,0
DA:30,0
DA:50,0
DA:51,0
DA:55,0
DA:74,0
DA:78,0
DA:80,0
DA:84,0
DA:85,0
DA:89,0
DA:93,0
DA:97,0
DA:106,0
DA:107,0
DA:110,0
DA:121,0
DA:123,0
DA:124,0
DA:125,0
DA:127,0
DA:128,0
DA:131,0
DA:135,0
DA:145,0
DA:167,0
DA:168,0
DA:169,0
DA:170,0
DA:172,0
DA:173,0
DA:176,0
LF:40
LH:0
BRDA:58,0,0,0
BRDA:58,0,1,0
BRDA:84,1,0,0
BRDA:106,2,0,0
BRDA:106,3,0,0
BRDA:106,3,1,0
BRDA:124,4,0,0
BRDA:169,5,0,0
BRF:8
BRH:0
end_of_record
TN:
SF:src\quality\quality-checklists.service.ts
FN:10,(anonymous_2)
FN:12,(anonymous_3)
FN:41,(anonymous_4)
FN:55,(anonymous_5)
FN:67,(anonymous_6)
FN:81,(anonymous_7)
FN:88,(anonymous_8)
FN:112,(anonymous_9)
FN:131,(anonymous_10)
FN:142,(anonymous_11)
FN:197,(anonymous_12)
FN:206,(anonymous_13)
FN:214,(anonymous_14)
FN:220,(anonymous_15)
FNF:14
FNH:0
FNDA:0,(anonymous_2)
FNDA:0,(anonymous_3)
FNDA:0,(anonymous_4)
FNDA:0,(anonymous_5)
FNDA:0,(anonymous_6)
FNDA:0,(anonymous_7)
FNDA:0,(anonymous_8)
FNDA:0,(anonymous_9)
FNDA:0,(anonymous_10)
FNDA:0,(anonymous_11)
FNDA:0,(anonymous_12)
FNDA:0,(anonymous_13)
FNDA:0,(anonymous_14)
FNDA:0,(anonymous_15)
DA:1,0
DA:2,0
DA:7,0
DA:8,0
DA:10,0
DA:13,0
DA:16,0
DA:23,0
DA:24,0
DA:27,0
DA:38,0
DA:42,0
DA:52,0
DA:56,0
DA:60,0
DA:61,0
DA:64,0
DA:68,0
DA:78,0
DA:82,0
DA:85,0
DA:88,0
DA:90,0
DA:96,0
DA:108,0
DA:109,0
DA:113,0
DA:115,0
DA:117,0
DA:128,0
DA:132,0
DA:139,0
DA:143,0
DA:145,0
DA:179,0
DA:181,0
DA:182,0
DA:183,0
DA:184,0
DA:185,0
DA:186,0
DA:189,0
DA:193,0
DA:194,0
DA:198,0
DA:200,0
DA:206,0
DA:214,0
DA:218,0
DA:220,0
LF:50
LH:0
BRDA:23,0,0,0
BRDA:60,1,0,0
BRDA:99,2,0,0
BRDA:99,2,1,0
BRDA:100,3,0,0
BRDA:100,3,1,0
BRDA:101,4,0,0
BRDA:101,4,1,0
BRDA:184,5,0,0
BRDA:213,6,0,0
BRDA:213,6,1,0
BRF:11
BRH:0
end_of_record
TN:
SF:src\quality\quality.controller.ts
FN:33,(anonymous_4)
FN:44,(anonymous_5)
FN:51,(anonymous_6)
FN:58,(anonymous_7)
FN:65,(anonymous_8)
FN:72,(anonymous_9)
FN:82,(anonymous_10)
FN:92,(anonymous_11)
FN:99,(anonymous_12)
FN:108,(anonymous_13)
FN:118,(anonymous_14)
FN:125,(anonymous_15)
FN:138,(anonymous_16)
FN:154,(anonymous_17)
FN:165,(anonymous_18)
FN:173,(anonymous_19)
FN:180,(anonymous_20)
FN:187,(anonymous_21)
FN:194,(anonymous_22)
FN:202,(anonymous_23)
FN:209,(anonymous_24)
FN:216,(anonymous_25)
FN:223,(anonymous_26)
FNF:23
FNH:0
FNDA:0,(anonymous_4)
FNDA:0,(anonymous_5)
FNDA:0,(anonymous_6)
FNDA:0,(anonymous_7)
FNDA:0,(anonymous_8)
FNDA:0,(anonymous_9)
FNDA:0,(anonymous_10)
FNDA:0,(anonymous_11)
FNDA:0,(anonymous_12)
FNDA:0,(anonymous_13)
FNDA:0,(anonymous_14)
FNDA:0,(anonymous_15)
FNDA:0,(anonymous_16)
FNDA:0,(anonymous_17)
FNDA:0,(anonymous_18)
FNDA:0,(anonymous_19)
FNDA:0,(anonymous_20)
FNDA:0,(anonymous_21)
FNDA:0,(anonymous_22)
FNDA:0,(anonymous_23)
FNDA:0,(anonymous_24)
FNDA:0,(anonymous_25)
FNDA:0,(anonymous_26)
DA:1,0
DA:17,0
DA:18,0
DA:19,0
DA:20,0
DA:21,0
DA:22,0
DA:23,0
DA:24,0
DA:25,0
DA:26,0
DA:32,0
DA:34,0
DA:35,0
DA:36,0
DA:44,0
DA:45,0
DA:51,0
DA:52,0
DA:58,0
DA:59,0
DA:65,0
DA:66,0
DA:72,0
DA:76,0
DA:82,0
DA:86,0
DA:92,0
DA:93,0
DA:99,0
DA:100,0
DA:108,0
DA:112,0
DA:118,0
DA:119,0
DA:125,0
DA:129,0
DA:138,0
DA:148,0
DA:154,0
DA:159,0
DA:165,0
DA:166,0
DA:173,0
DA:174,0
DA:180,0
DA:181,0
DA:187,0
DA:188,0
DA:194,0
DA:195,0
DA:202,0
DA:203,0
DA:209,0
DA:210,0
DA:216,0
DA:217,0
DA:223,0
DA:224,0
LF:59
LH:0
BRDA:209,0,0,0
BRF:1
BRH:0
end_of_record
TN:
SF:src\quality\quality.module.ts
FNF:0
FNH:0
DA:1,0
DA:2,0
DA:3,0
DA:4,0
DA:5,0
DA:6,0
DA:14,0
LF:7
LH:0
BRF:0
BRH:0
end_of_record
TN:
SF:src\quality\quality.service.ts
FN:12,(anonymous_2)
FN:18,(anonymous_3)
FN:58,(anonymous_4)
FN:76,(anonymous_5)
FN:110,(anonymous_6)
FN:144,(anonymous_7)
FN:145,(anonymous_8)
FN:149,(anonymous_9)
FN:155,(anonymous_10)
FN:171,(anonymous_11)
FN:179,(anonymous_12)
FN:195,(anonymous_13)
FN:204,(anonymous_14)
FN:222,(anonymous_15)
FN:269,(anonymous_16)
FN:308,(anonymous_17)
FN:314,(anonymous_18)
FN:315,(anonymous_19)
FN:317,(anonymous_20)
FNF:19
FNH:0
FNDA:0,(anonymous_2)
FNDA:0,(anonymous_3)
FNDA:0,(anonymous_4)
FNDA:0,(anonymous_5)
FNDA:0,(anonymous_6)
FNDA:0,(anonymous_7)
FNDA:0,(anonymous_8)
FNDA:0,(anonymous_9)
FNDA:0,(anonymous_10)
FNDA:0,(anonymous_11)
FNDA:0,(anonymous_12)
FNDA:0,(anonymous_13)
FNDA:0,(anonymous_14)
FNDA:0,(anonymous_15)
FNDA:0,(anonymous_16)
FNDA:0,(anonymous_17)
FNDA:0,(anonymous_18)
FNDA:0,(anonymous_19)
FNDA:0,(anonymous_20)
DA:1,0
DA:2,0
DA:3,0
DA:4,0
DA:9,0
DA:10,0
DA:13,0
DA:14,0
DA:15,0
DA:22,0
DA:25,0
DA:29,0
DA:30,0
DA:34,0
DA:37,0
DA:39,0
DA:54,0
DA:55,0
DA:59,0
DA:73,0
DA:80,0
DA:82,0
DA:86,0
DA:87,0
DA:91,0
DA:93,0
DA:94,0
DA:95,0
DA:96,0
DA:97,0
DA:98,0
DA:99,0
DA:102,0
DA:107,0
DA:111,0
DA:113,0
DA:131,0
DA:132,0
DA:143,0
DA:144,0
DA:145,0
DA:148,0
DA:149,0
DA:150,0
DA:154,0
DA:155,0
DA:156,0
DA:157,0
DA:158,0
DA:166,0
DA:167,0
DA:168,0
DA:171,0
DA:172,0
DA:173,0
DA:174,0
DA:178,0
DA:179,0
DA:180,0
DA:181,0
DA:182,0
DA:190,0
DA:191,0
DA:192,0
DA:195,0
DA:196,0
DA:197,0
DA:198,0
DA:201,0
DA:204,0
DA:211,0
DA:223,0
DA:229,0
DA:231,0
DA:266,0
DA:270,0
DA:272,0
DA:292,0
DA:293,0
DA:295,0
DA:313,0
DA:314,0
DA:315,0
DA:317,0
DA:319,0
DA:321,0
LF:86
LH:0
BRDA:29,0,0,0
BRDA:86,1,0,0
BRDA:93,2,0,0
BRDA:131,3,0,0
BRDA:157,4,0,0
BRDA:181,5,0,0
BRDA:222,6,0,0
BRDA:315,7,0,0
BRDA:315,7,1,0
BRDA:317,8,0,0
BRDA:317,8,1,0
BRDA:319,9,0,0
BRDA:319,9,1,0
BRF:13
BRH:0
end_of_record
TN:
SF:src\quality\dto\create-quality-assessment.dto.ts
FN:52,(anonymous_2)
FNF:1
FNH:0
FNDA:0,(anonymous_2)
DA:1,0
DA:2,0
DA:3,0
DA:8,0
DA:12,0
DA:20,0
DA:26,0
DA:32,0
DA:37,0
DA:40,0
DA:43,0
DA:47,0
DA:52,0
DA:53,0
DA:59,0
DA:65,0
LF:16
LH:0
BRF:0
BRH:0
end_of_record
TN:
SF:src\quality\dto\create-quality-checklist.dto.ts
FN:67,(anonymous_2)
FNF:1
FNH:0
FNDA:0,(anonymous_2)
DA:1,0
DA:2,0
DA:3,0
DA:4,0
DA:9,0
DA:14,0
DA:20,0
DA:24,0
DA:28,0
DA:33,0
DA:38,0
DA:45,0
DA:48,0
DA:51,0
DA:56,0
DA:62,0
DA:67,0
DA:68,0
LF:18
LH:0
BRF:0
BRH:0
end_of_record
TN:
SF:src\quality\dto\index.ts
FNF:0
FNH:0
DA:1,0
DA:2,0
LF:2
LH:0
BRF:0
BRH:0
end_of_record
TN:
SF:src\quality\entities\job-quality-assessment.entity.ts
FNF:0
FNH:0
DA:1,0
DA:12,0
DA:14,0
DA:17,0
DA:20,0
DA:23,0
DA:40,0
DA:43,0
DA:46,0
DA:49,0
DA:52,0
DA:55,0
DA:58,0
DA:61,0
DA:64,0
LF:15
LH:0
BRF:0
BRH:0
end_of_record
TN:
SF:src\quality\entities\quality-checklist.entity.ts
FNF:0
FNH:0
DA:1,0
DA:2,0
DA:3,0
DA:16,0
DA:18,0
DA:21,0
DA:24,0
DA:43,0
DA:46,0
DA:49,0
LF:10
LH:0
BRF:0
BRH:0
end_of_record
TN:
SF:src\realtime\notification.service.ts
FN:21,(anonymous_2)
FN:23,(anonymous_3)
FN:56,(anonymous_4)
FN:59,(anonymous_5)
FN:75,(anonymous_6)
FN:76,(anonymous_7)
FN:82,(anonymous_8)
FN:100,(anonymous_9)
FN:122,(anonymous_10)
FN:140,(anonymous_11)
FN:163,(anonymous_12)
FN:182,(anonymous_13)
FN:200,(anonymous_14)
FN:205,(anonymous_15)
FN:217,(anonymous_16)
FN:245,(anonymous_17)
FN:261,(anonymous_18)
FN:275,(anonymous_19)
FN:288,(anonymous_20)
FN:306,(anonymous_21)
FN:322,(anonymous_22)
FN:336,(anonymous_23)
FN:349,(anonymous_24)
FN:379,(anonymous_25)
FN:390,(anonymous_26)
FN:400,(anonymous_27)
FN:405,(anonymous_28)
FNF:27
FNH:0
FNDA:0,(anonymous_2)
FNDA:0,(anonymous_3)
FNDA:0,(anonymous_4)
FNDA:0,(anonymous_5)
FNDA:0,(anonymous_6)
FNDA:0,(anonymous_7)
FNDA:0,(anonymous_8)
FNDA:0,(anonymous_9)
FNDA:0,(anonymous_10)
FNDA:0,(anonymous_11)
FNDA:0,(anonymous_12)
FNDA:0,(anonymous_13)
FNDA:0,(anonymous_14)
FNDA:0,(anonymous_15)
FNDA:0,(anonymous_16)
FNDA:0,(anonymous_17)
FNDA:0,(anonymous_18)
FNDA:0,(anonymous_19)
FNDA:0,(anonymous_20)
FNDA:0,(anonymous_21)
FNDA:0,(anonymous_22)
FNDA:0,(anonymous_23)
FNDA:0,(anonymous_24)
FNDA:0,(anonymous_25)
FNDA:0,(anonymous_26)
FNDA:0,(anonymous_27)
FNDA:0,(anonymous_28)
DA:1,0
DA:2,0
DA:18,0
DA:19,0
DA:21,0
DA:24,0
DA:25,0
DA:37,0
DA:38,0
DA:51,0
DA:52,0
DA:57,0
DA:58,0
DA:59,0
DA:70,0
DA:73,0
DA:75,0
DA:76,0
DA:82,0
DA:95,0
DA:96,0
DA:106,0
DA:107,0
DA:112,0
DA:113,0
DA:116,0
DA:122,0
DA:135,0
DA:136,0
DA:141,0
DA:142,0
DA:146,0
DA:147,0
DA:150,0
DA:158,0
DA:159,0
DA:164,0
DA:165,0
DA:177,0
DA:178,0
DA:183,0
DA:184,0
DA:192,0
DA:194,0
DA:195,0
DA:205,0
DA:214,0
DA:223,0
DA:226,0
DA:227,0
DA:238,0
DA:245,0
DA:246,0
DA:256,0
DA:257,0
DA:267,0
DA:274,0
DA:275,0
DA:284,0
DA:293,0
DA:299,0
DA:306,0
DA:307,0
DA:317,0
DA:318,0
DA:328,0
DA:335,0
DA:336,0
DA:345,0
DA:356,0
DA:359,0
DA:360,0
DA:373,0
DA:374,0
DA:385,0
DA:395,0
DA:401,0
DA:406,0
DA:414,0
LF:79
LH:0
BRDA:32,0,0,0
BRDA:32,0,1,0
BRDA:47,1,0,0
BRDA:47,1,1,0
BRDA:65,2,0,0
BRDA:65,2,1,0
BRDA:91,3,0,0
BRDA:91,3,1,0
BRDA:103,4,0,0
BRDA:104,5,0,0
BRDA:112,6,0,0
BRDA:131,7,0,0
BRDA:131,7,1,0
BRDA:146,8,0,0
BRDA:226,9,0,0
BRDA:256,10,0,0
BRDA:274,11,0,0
BRDA:317,12,0,0
BRDA:335,13,0,0
BRDA:359,14,0,0
BRDA:373,15,0,0
BRDA:414,16,0,0
BRDA:414,16,1,0
BRF:23
BRH:0
end_of_record
TN:
SF:src\realtime\realtime.controller.ts
FN:35,(anonymous_4)
FN:55,(anonymous_5)
FN:80,(anonymous_6)
FN:98,(anonymous_7)
FN:115,(anonymous_8)
FN:126,(anonymous_9)
FN:159,(anonymous_10)
FN:189,(anonymous_11)
FN:202,(anonymous_12)
FN:225,(anonymous_13)
FN:245,(anonymous_14)
FN:277,(anonymous_15)
FN:288,(anonymous_16)
FN:303,(anonymous_17)
FN:37,(anonymous_18)
FNF:15
FNH:0
FNDA:0,(anonymous_4)
FNDA:0,(anonymous_5)
FNDA:0,(anonymous_6)
FNDA:0,(anonymous_7)
FNDA:0,(anonymous_8)
FNDA:0,(anonymous_9)
FNDA:0,(anonymous_10)
FNDA:0,(anonymous_11)
FNDA:0,(anonymous_12)
FNDA:0,(anonymous_13)
FNDA:0,(anonymous_14)
FNDA:0,(anonymous_15)
FNDA:0,(anonymous_16)
FNDA:0,(anonymous_17)
FNDA:0,(anonymous_18)
DA:1,0
DA:16,0
DA:22,0
DA:23,0
DA:24,0
DA:25,0
DA:26,0
DA:27,0
DA:28,0
DA:34,0
DA:36,0
DA:37,0
DA:38,0
DA:39,0
DA:55,0
DA:60,0
DA:80,0
DA:81,0
DA:85,0
DA:98,0
DA:99,0
DA:115,0
DA:116,0
DA:126,0
DA:137,0
DA:144,0
DA:149,0
DA:159,0
DA:171,0
DA:173,0
DA:175,0
DA:183,0
DA:188,0
DA:189,0
DA:199,0
DA:202,0
DA:203,0
DA:209,0
DA:212,0
DA:225,0
DA:226,0
DA:229,0
DA:231,0
DA:245,0
DA:246,0
DA:250,0
DA:251,0
DA:255,0
DA:267,0
DA:277,0
DA:281,0
DA:282,0
DA:288,0
DA:292,0
DA:297,0
DA:303,0
DA:307,0
DA:313,0
LF:58
LH:0
BRDA:57,0,0,0
BRDA:58,1,0,0
BRDA:173,2,0,0
BRDA:173,2,1,0
BRDA:173,3,0,0
BRDA:173,3,1,0
BRDA:188,4,0,0
BRDA:250,5,0,0
BRF:8
BRH:0
end_of_record
TN:
SF:src\realtime\realtime.gateway.ts
FN:36,(anonymous_4)
FN:38,(anonymous_5)
FN:90,(anonymous_6)
FN:106,(anonymous_7)
FN:128,(anonymous_8)
FN:148,(anonymous_9)
FN:167,(anonymous_10)
FN:188,(anonymous_11)
FN:205,(anonymous_12)
FN:215,(anonymous_13)
FN:229,(anonymous_14)
FN:236,(anonymous_15)
FN:243,(anonymous_16)
FN:250,(anonymous_17)
FN:258,(anonymous_18)
FN:262,(anonymous_19)
FN:270,(anonymous_20)
FN:272,(anonymous_21)
FN:273,(anonymous_22)
FN:277,(anonymous_23)
FN:281,(anonymous_24)
FNF:21
FNH:0
FNDA:0,(anonymous_4)
FNDA:0,(anonymous_5)
FNDA:0,(anonymous_6)
FNDA:0,(anonymous_7)
FNDA:0,(anonymous_8)
FNDA:0,(anonymous_9)
FNDA:0,(anonymous_10)
FNDA:0,(anonymous_11)
FNDA:0,(anonymous_12)
FNDA:0,(anonymous_13)
FNDA:0,(anonymous_14)
FNDA:0,(anonymous_15)
FNDA:0,(anonymous_16)
FNDA:0,(anonymous_17)
FNDA:0,(anonymous_18)
FNDA:0,(anonymous_19)
FNDA:0,(anonymous_20)
FNDA:0,(anonymous_21)
FNDA:0,(anonymous_22)
FNDA:0,(anonymous_23)
FNDA:0,(anonymous_24)
DA:1,0
DA:10,0
DA:11,0
DA:12,0
DA:27,0
DA:31,0
DA:33,0
DA:34,0
DA:36,0
DA:39,0
DA:41,0
DA:44,0
DA:45,0
DA:46,0
DA:47,0
DA:50,0
DA:51,0
DA:52,0
DA:53,0
DA:56,0
DA:59,0
DA:62,0
DA:65,0
DA:67,0
DA:70,0
DA:76,0
DA:82,0
DA:86,0
DA:91,0
DA:92,0
DA:95,0
DA:100,0
DA:106,0
DA:110,0
DA:113,0
DA:121,0
DA:128,0
DA:132,0
DA:135,0
DA:148,0
DA:153,0
DA:156,0
DA:167,0
DA:172,0
DA:175,0
DA:188,0
DA:192,0
DA:195,0
DA:196,0
DA:197,0
DA:198,0
DA:200,0
DA:205,0
DA:209,0
DA:210,0
DA:215,0
DA:219,0
DA:221,0
DA:230,0
DA:237,0
DA:244,0
DA:257,0
DA:259,0
DA:262,0
DA:263,0
DA:271,0
DA:272,0
DA:273,0
DA:278,0
DA:283,0
DA:284,0
DA:285,0
DA:288,0
DA:290,0
DA:293,0
DA:295,0
DA:298,0
LF:77
LH:0
BRDA:41,0,0,0
BRDA:41,0,1,0
BRDA:44,1,0,0
BRDA:91,2,0,0
BRDA:110,3,0,0
BRDA:110,4,0,0
BRDA:110,4,1,0
BRDA:132,5,0,0
BRDA:132,6,0,0
BRDA:132,6,1,0
BRDA:153,7,0,0
BRDA:172,8,0,0
BRDA:172,9,0,0
BRDA:172,9,1,0
BRDA:192,10,0,0
BRDA:195,11,0,0
BRDA:195,11,1,0
BRDA:219,12,0,0
BRDA:259,13,0,0
BRDA:259,13,1,0
BRDA:283,14,0,0
BRDA:288,15,0,0
BRDA:293,16,0,0
BRDA:22,17,0,0
BRDA:22,17,1,0
BRF:25
BRH:0
end_of_record
TN:
SF:src\realtime\realtime.module.ts
FN:15,(anonymous_1)
FNF:1
FNH:0
FNDA:0,(anonymous_1)
DA:1,0
DA:2,0
DA:3,0
DA:4,0
DA:5,0
DA:6,0
DA:7,0
DA:15,0
DA:27,0
LF:9
LH:0
BRDA:18,0,0,0
BRDA:18,0,1,0
BRF:2
BRH:0
end_of_record
TN:
SF:src\security\audit.service.ts
FN:36,(anonymous_2)
FN:41,(anonymous_3)
FN:64,(anonymous_4)
FN:116,(anonymous_5)
FN:155,(anonymous_6)
FN:196,(anonymous_7)
FN:219,(anonymous_8)
FN:255,(anonymous_9)
FN:275,(anonymous_10)
FNF:9
FNH:0
FNDA:0,(anonymous_2)
FNDA:0,(anonymous_3)
FNDA:0,(anonymous_4)
FNDA:0,(anonymous_5)
FNDA:0,(anonymous_6)
FNDA:0,(anonymous_7)
FNDA:0,(anonymous_8)
FNDA:0,(anonymous_9)
FNDA:0,(anonymous_10)
DA:1,0
DA:2,0
DA:33,0
DA:34,0
DA:36,0
DA:42,0
DA:43,0
DA:57,0
DA:65,0
DA:67,0
DA:84,0
DA:101,0
DA:102,0
DA:109,0
DA:127,0
DA:128,0
DA:130,0
DA:131,0
DA:132,0
DA:133,0
DA:134,0
DA:135,0
DA:136,0
DA:139,0
DA:145,0
DA:147,0
DA:148,0
DA:167,0
DA:168,0
DA:170,0
DA:171,0
DA:172,0
DA:173,0
DA:174,0
DA:175,0
DA:176,0
DA:177,0
DA:180,0
DA:186,0
DA:188,0
DA:189,0
DA:200,0
DA:201,0
DA:210,0
DA:212,0
DA:223,0
DA:224,0
DA:225,0
DA:227,0
DA:255,0
DA:256,0
DA:257,0
DA:260,0
DA:267,0
DA:268,0
DA:276,0
DA:279,0
DA:281,0
DA:283,0
LF:59
LH:0
BRDA:50,0,0,0
BRDA:50,0,1,0
BRDA:51,1,0,0
BRDA:51,1,1,0
BRDA:74,2,0,0
BRDA:74,2,1,0
BRDA:77,3,0,0
BRDA:77,3,1,0
BRDA:78,4,0,0
BRDA:78,4,1,0
BRDA:130,5,0,0
BRDA:131,6,0,0
BRDA:132,7,0,0
BRDA:133,8,0,0
BRDA:133,9,0,0
BRDA:133,9,1,0
BRDA:135,10,0,0
BRDA:136,11,0,0
BRDA:142,12,0,0
BRDA:142,12,1,0
BRDA:170,13,0,0
BRDA:171,14,0,0
BRDA:172,15,0,0
BRDA:173,16,0,0
BRDA:174,17,0,0
BRDA:174,18,0,0
BRDA:174,18,1,0
BRDA:176,19,0,0
BRDA:177,20,0,0
BRDA:183,21,0,0
BRDA:183,21,1,0
BRDA:221,22,0,0
BRDA:276,23,0,0
BRDA:276,23,1,0
BRDA:276,23,2,0
BRDA:276,23,3,0
BRF:36
BRH:0
end_of_record
TN:
SF:src\security\encryption.service.ts
FN:14,(anonymous_2)
FN:27,(anonymous_3)
FN:53,(anonymous_4)
FN:84,(anonymous_5)
FN:92,(anonymous_6)
FN:99,(anonymous_7)
FN:106,(anonymous_8)
FN:119,(anonymous_9)
FN:129,(anonymous_10)
FN:135,(anonymous_11)
FN:143,(anonymous_12)
FN:154,(anonymous_13)
FN:162,(anonymous_14)
FN:170,(anonymous_15)
FN:178,(anonymous_16)
FN:201,(anonymous_17)
FN:232,(anonymous_18)
FN:246,(anonymous_19)
FNF:18
FNH:0
FNDA:0,(anonymous_2)
FNDA:0,(anonymous_3)
FNDA:0,(anonymous_4)
FNDA:0,(anonymous_5)
FNDA:0,(anonymous_6)
FNDA:0,(anonymous_7)
FNDA:0,(anonymous_8)
FNDA:0,(anonymous_9)
FNDA:0,(anonymous_10)
FNDA:0,(anonymous_11)
FNDA:0,(anonymous_12)
FNDA:0,(anonymous_13)
FNDA:0,(anonymous_14)
FNDA:0,(anonymous_15)
FNDA:0,(anonymous_16)
FNDA:0,(anonymous_17)
FNDA:0,(anonymous_18)
FNDA:0,(anonymous_19)
DA:1,0
DA:2,0
DA:3,0
DA:4,0
DA:7,0
DA:8,0
DA:9,0
DA:10,0
DA:11,0
DA:14,0
DA:15,0
DA:16,0
DA:17,0
DA:21,0
DA:28,0
DA:29,0
DA:32,0
DA:33,0
DA:34,0
DA:35,0
DA:37,0
DA:38,0
DA:40,0
DA:43,0
DA:44,0
DA:46,0
DA:54,0
DA:55,0
DA:58,0
DA:59,0
DA:60,0
DA:61,0
DA:64,0
DA:65,0
DA:66,0
DA:68,0
DA:69,0
DA:70,0
DA:72,0
DA:73,0
DA:75,0
DA:77,0
DA:85,0
DA:86,0
DA:93,0
DA:100,0
DA:107,0
DA:108,0
DA:111,0
DA:119,0
DA:120,0
DA:124,0
DA:125,0
DA:129,0
DA:136,0
DA:137,0
DA:144,0
DA:145,0
DA:155,0
DA:156,0
DA:163,0
DA:164,0
DA:171,0
DA:179,0
DA:180,0
DA:184,0
DA:185,0
DA:187,0
DA:188,0
DA:190,0
DA:191,0
DA:193,0
DA:195,0
DA:202,0
DA:203,0
DA:206,0
DA:207,0
DA:208,0
DA:209,0
DA:212,0
DA:213,0
DA:214,0
DA:216,0
DA:217,0
DA:218,0
DA:220,0
DA:221,0
DA:223,0
DA:225,0
DA:233,0
DA:234,0
DA:237,0
DA:247,0
LF:93
LH:0
BRDA:16,0,0,0
BRDA:28,1,0,0
BRDA:54,2,0,0
BRDA:54,3,0,0
BRDA:54,3,1,0
BRDA:60,4,0,0
BRDA:85,5,0,0
BRDA:85,5,1,0
BRDA:99,6,0,0
BRDA:106,7,0,0
BRDA:136,8,0,0
BRDA:136,8,1,0
BRDA:178,9,0,0
BRDA:179,10,0,0
BRDA:202,11,0,0
BRDA:202,12,0,0
BRDA:202,12,1,0
BRDA:208,13,0,0
BRDA:233,14,0,0
BRF:19
BRH:0
end_of_record
TN:
SF:src\security\security-config.service.ts
FN:58,(anonymous_2)
FN:63,(anonymous_3)
FN:67,(anonymous_4)
FN:75,(anonymous_5)
FN:83,(anonymous_6)
FN:92,(anonymous_7)
FN:99,(anonymous_8)
FN:110,(anonymous_9)
FN:117,(anonymous_10)
FN:121,(anonymous_11)
FN:182,(anonymous_12)
FN:247,(anonymous_13)
FNF:12
FNH:0
FNDA:0,(anonymous_2)
FNDA:0,(anonymous_3)
FNDA:0,(anonymous_4)
FNDA:0,(anonymous_5)
FNDA:0,(anonymous_6)
FNDA:0,(anonymous_7)
FNDA:0,(anonymous_8)
FNDA:0,(anonymous_9)
FNDA:0,(anonymous_10)
FNDA:0,(anonymous_11)
FNDA:0,(anonymous_12)
FNDA:0,(anonymous_13)
DA:1,0
DA:2,0
DA:55,0
DA:58,0
DA:59,0
DA:60,0
DA:64,0
DA:68,0
DA:76,0
DA:84,0
DA:93,0
DA:100,0
DA:111,0
DA:118,0
DA:122,0
DA:183,0
DA:186,0
DA:187,0
DA:191,0
DA:192,0
DA:196,0
DA:197,0
DA:201,0
DA:202,0
DA:206,0
DA:207,0
DA:210,0
DA:211,0
DA:215,0
DA:216,0
DA:219,0
DA:220,0
DA:224,0
DA:225,0
DA:226,0
DA:229,0
DA:230,0
DA:233,0
DA:234,0
DA:237,0
DA:238,0
DA:242,0
DA:243,0
DA:249,0
DA:250,0
DA:251,0
DA:252,0
DA:254,0
LF:48
LH:0
BRDA:124,0,0,0
BRDA:124,0,1,0
BRDA:125,1,0,0
BRDA:125,1,1,0
BRDA:126,2,0,0
BRDA:126,2,1,0
BRDA:127,3,0,0
BRDA:127,3,1,0
BRDA:130,4,0,0
BRDA:130,4,1,0
BRDA:131,5,0,0
BRDA:131,5,1,0
BRDA:132,6,0,0
BRDA:132,6,1,0
BRDA:135,7,0,0
BRDA:135,7,1,0
BRDA:136,8,0,0
BRDA:136,8,1,0
BRDA:139,9,0,0
BRDA:139,9,1,0
BRDA:145,10,0,0
BRDA:145,10,1,0
BRDA:146,11,0,0
BRDA:146,11,1,0
BRDA:156,12,0,0
BRDA:156,12,1,0
BRDA:159,13,0,0
BRDA:159,13,1,0
BRDA:162,14,0,0
BRDA:162,14,1,0
BRDA:165,15,0,0
BRDA:165,15,1,0
BRDA:170,16,0,0
BRDA:170,16,1,0
BRDA:173,17,0,0
BRDA:173,17,1,0
BRDA:174,18,0,0
BRDA:174,18,1,0
BRDA:177,19,0,0
BRDA:177,19,1,0
BRDA:186,20,0,0
BRDA:186,21,0,0
BRDA:186,21,1,0
BRDA:191,22,0,0
BRDA:191,23,0,0
BRDA:191,23,1,0
BRDA:196,24,0,0
BRDA:196,25,0,0
BRDA:196,25,1,0
BRDA:201,26,0,0
BRDA:206,27,0,0
BRDA:210,28,0,0
BRDA:215,29,0,0
BRDA:219,30,0,0
BRDA:224,31,0,0
BRDA:225,32,0,0
BRDA:229,33,0,0
BRDA:233,34,0,0
BRDA:237,35,0,0
BRDA:242,36,0,0
BRF:60
BRH:0
end_of_record
TN:
SF:src\security\security.controller.ts
FN:25,(anonymous_4)
FN:35,(anonymous_5)
FN:69,(anonymous_6)
FN:105,(anonymous_7)
FN:126,(anonymous_8)
FN:141,(anonymous_9)
FN:176,(anonymous_10)
FNF:7
FNH:0
FNDA:0,(anonymous_4)
FNDA:0,(anonymous_5)
FNDA:0,(anonymous_6)
FNDA:0,(anonymous_7)
FNDA:0,(anonymous_8)
FNDA:0,(anonymous_9)
FNDA:0,(anonymous_10)
DA:1,0
DA:13,0
DA:14,0
DA:15,0
DA:16,0
DA:17,0
DA:18,0
DA:19,0
DA:24,0
DA:25,0
DA:35,0
DA:44,0
DA:45,0
DA:46,0
DA:47,0
DA:48,0
DA:49,0
DA:50,0
DA:52,0
DA:54,0
DA:69,0
DA:79,0
DA:80,0
DA:81,0
DA:82,0
DA:83,0
DA:84,0
DA:85,0
DA:86,0
DA:88,0
DA:90,0
DA:105,0
DA:106,0
DA:110,0
DA:126,0
DA:130,0
DA:141,0
DA:151,0
DA:160,0
DA:162,0
DA:176,0
DA:180,0
DA:181,0
DA:183,0
LF:44
LH:0
BRDA:45,0,0,0
BRDA:46,1,0,0
BRDA:47,2,0,0
BRDA:48,3,0,0
BRDA:49,4,0,0
BRDA:50,5,0,0
BRDA:80,6,0,0
BRDA:81,7,0,0
BRDA:82,8,0,0
BRDA:83,9,0,0
BRDA:84,10,0,0
BRDA:85,11,0,0
BRDA:86,12,0,0
BRDA:153,13,0,0
BRDA:153,13,1,0
BRDA:180,14,0,0
BRDA:180,14,1,0
BRF:17
BRH:0
end_of_record
TN:
SF:src\security\security.middleware.ts
FN:9,(anonymous_2)
FN:11,(anonymous_3)
FN:38,(anonymous_4)
FN:67,(anonymous_5)
FNF:4
FNH:0
FNDA:0,(anonymous_2)
FNDA:0,(anonymous_3)
FNDA:0,(anonymous_4)
FNDA:0,(anonymous_5)
DA:1,0
DA:3,0
DA:4,0
DA:5,0
DA:8,0
DA:9,0
DA:13,0
DA:41,0
DA:46,0
DA:47,0
DA:48,0
DA:51,0
DA:52,0
DA:53,0
DA:54,0
DA:57,0
DA:58,0
DA:59,0
DA:62,0
DA:67,0
DA:68,0
DA:70,0
LF:22
LH:0
BRDA:41,0,0,0
BRDA:41,0,1,0
BRDA:47,1,0,0
BRDA:57,2,0,0
BRDA:74,3,0,0
BRDA:74,3,1,0
BRDA:86,4,0,0
BRDA:86,4,1,0
BRDA:99,5,0,0
BRDA:99,5,1,0
BRDA:111,6,0,0
BRDA:111,6,1,0
BRF:12
BRH:0
end_of_record
TN:
SF:src\security\security.module.ts
FNF:0
FNH:0
DA:1,0
DA:2,0
DA:3,0
DA:4,0
DA:5,0
DA:6,0
DA:7,0
DA:8,0
DA:9,0
DA:29,0
LF:10
LH:0
BRF:0
BRH:0
end_of_record
TN:
SF:src\security\security.service.ts
FN:11,(anonymous_2)
FN:16,(anonymous_3)
FN:29,(anonymous_4)
FN:45,(anonymous_5)
FN:50,(anonymous_6)
FN:55,(anonymous_7)
FN:65,(anonymous_8)
FN:82,(anonymous_9)
FN:89,(anonymous_10)
FN:93,(anonymous_11)
FN:103,(anonymous_12)
FN:107,(anonymous_13)
FN:115,(anonymous_14)
FN:120,(anonymous_15)
FN:132,(anonymous_16)
FN:149,(anonymous_17)
FN:154,(anonymous_18)
FN:160,(anonymous_19)
FN:166,(anonymous_20)
FN:171,(anonymous_21)
FN:175,(anonymous_22)
FN:192,(anonymous_23)
FN:203,(anonymous_24)
FN:208,(anonymous_25)
FN:213,(anonymous_26)
FN:217,(anonymous_27)
FN:222,(anonymous_28)
FN:229,(anonymous_29)
FN:239,(anonymous_30)
FN:243,(anonymous_31)
FN:276,(anonymous_32)
FN:280,(anonymous_33)
FN:292,(anonymous_34)
FN:297,(anonymous_35)
FN:306,(anonymous_36)
FN:319,(anonymous_37)
FN:330,(anonymous_38)
FNF:37
FNH:0
FNDA:0,(anonymous_2)
FNDA:0,(anonymous_3)
FNDA:0,(anonymous_4)
FNDA:0,(anonymous_5)
FNDA:0,(anonymous_6)
FNDA:0,(anonymous_7)
FNDA:0,(anonymous_8)
FNDA:0,(anonymous_9)
FNDA:0,(anonymous_10)
FNDA:0,(anonymous_11)
FNDA:0,(anonymous_12)
FNDA:0,(anonymous_13)
FNDA:0,(anonymous_14)
FNDA:0,(anonymous_15)
FNDA:0,(anonymous_16)
FNDA:0,(anonymous_17)
FNDA:0,(anonymous_18)
FNDA:0,(anonymous_19)
FNDA:0,(anonymous_20)
FNDA:0,(anonymous_21)
FNDA:0,(anonymous_22)
FNDA:0,(anonymous_23)
FNDA:0,(anonymous_24)
FNDA:0,(anonymous_25)
FNDA:0,(anonymous_26)
FNDA:0,(anonymous_27)
FNDA:0,(anonymous_28)
FNDA:0,(anonymous_29)
FNDA:0,(anonymous_30)
FNDA:0,(anonymous_31)
FNDA:0,(anonymous_32)
FNDA:0,(anonymous_33)
FNDA:0,(anonymous_34)
FNDA:0,(anonymous_35)
FNDA:0,(anonymous_36)
FNDA:0,(anonymous_37)
FNDA:0,(anonymous_38)
DA:1,0
DA:2,0
DA:3,0
DA:4,0
DA:7,0
DA:8,0
DA:11,0
DA:12,0
DA:17,0
DA:18,0
DA:19,0
DA:20,0
DA:21,0
DA:22,0
DA:24,0
DA:25,0
DA:30,0
DA:31,0
DA:32,0
DA:33,0
DA:34,0
DA:35,0
DA:36,0
DA:37,0
DA:39,0
DA:40,0
DA:46,0
DA:47,0
DA:51,0
DA:56,0
DA:58,0
DA:66,0
DA:68,0
DA:69,0
DA:70,0
DA:71,0
DA:72,0
DA:74,0
DA:78,0
DA:83,0
DA:89,0
DA:94,0
DA:104,0
DA:108,0
DA:116,0
DA:121,0
DA:133,0
DA:135,0
DA:150,0
DA:151,0
DA:156,0
DA:157,0
DA:161,0
DA:162,0
DA:167,0
DA:168,0
DA:172,0
DA:176,0
DA:177,0
DA:180,0
DA:181,0
DA:185,0
DA:191,0
DA:192,0
DA:193,0
DA:196,0
DA:205,0
DA:209,0
DA:214,0
DA:218,0
DA:223,0
DA:224,0
DA:226,0
DA:230,0
DA:239,0
DA:248,0
DA:249,0
DA:251,0
DA:252,0
DA:254,0
DA:255,0
DA:257,0
DA:258,0
DA:260,0
DA:261,0
DA:263,0
DA:264,0
DA:266,0
DA:268,0
DA:277,0
DA:281,0
DA:282,0
DA:284,0
DA:285,0
DA:286,0
DA:289,0
DA:293,0
DA:302,0
DA:303,0
DA:306,0
DA:307,0
DA:310,0
DA:311,0
DA:312,0
DA:313,0
DA:314,0
DA:315,0
DA:319,0
DA:320,0
DA:324,0
DA:325,0
DA:326,0
DA:330,0
DA:331,0
DA:332,0
DA:333,0
DA:336,0
LF:117
LH:0
BRDA:12,0,0,0
BRDA:12,0,1,0
BRDA:56,1,0,0
BRDA:69,2,0,0
BRDA:69,2,1,0
BRDA:71,3,0,0
BRDA:71,3,1,0
BRDA:71,4,0,0
BRDA:71,4,1,0
BRDA:116,5,0,0
BRDA:116,5,1,0
BRDA:133,6,0,0
BRDA:133,6,1,0
BRDA:151,7,0,0
BRDA:151,7,1,0
BRDA:168,8,0,0
BRDA:168,8,1,0
BRDA:180,9,0,0
BRDA:192,10,0,0
BRDA:226,11,0,0
BRDA:226,11,1,0
BRDA:251,12,0,0
BRDA:251,12,1,0
BRDA:254,13,0,0
BRDA:254,13,1,0
BRDA:257,14,0,0
BRDA:257,14,1,0
BRDA:260,15,0,0
BRDA:260,15,1,0
BRDA:263,16,0,0
BRDA:263,16,1,0
BRDA:266,17,0,0
BRDA:310,18,0,0
BRDA:310,18,1,0
BRDA:313,19,0,0
BRDA:320,20,0,0
BRDA:320,20,1,0
BRDA:324,21,0,0
BRDA:331,22,0,0
BRDA:333,23,0,0
BRDA:333,23,1,0
BRF:41
BRH:0
end_of_record
TN:
SF:src\security\validation.service.ts
FN:10,(anonymous_1)
FN:23,(anonymous_2)
FN:38,(anonymous_3)
FN:52,(anonymous_4)
FN:70,(anonymous_5)
FN:84,(anonymous_6)
FN:101,(anonymous_7)
FN:124,(anonymous_8)
FN:138,(anonymous_9)
FN:146,(anonymous_10)
FN:169,(anonymous_11)
FN:219,(anonymous_12)
FN:237,(anonymous_13)
FNF:13
FNH:0
FNDA:0,(anonymous_1)
FNDA:0,(anonymous_2)
FNDA:0,(anonymous_3)
FNDA:0,(anonymous_4)
FNDA:0,(anonymous_5)
FNDA:0,(anonymous_6)
FNDA:0,(anonymous_7)
FNDA:0,(anonymous_8)
FNDA:0,(anonymous_9)
FNDA:0,(anonymous_10)
FNDA:0,(anonymous_11)
FNDA:0,(anonymous_12)
FNDA:0,(anonymous_13)
DA:1,0
DA:2,0
DA:3,0
DA:6,0
DA:11,0
DA:12,0
DA:14,0
DA:24,0
DA:25,0
DA:29,0
DA:39,0
DA:40,0
DA:43,0
DA:44,0
DA:46,0
DA:53,0
DA:54,0
DA:58,0
DA:61,0
DA:62,0
DA:64,0
DA:71,0
DA:72,0
DA:75,0
DA:76,0
DA:78,0
DA:85,0
DA:86,0
DA:89,0
DA:90,0
DA:95,0
DA:102,0
DA:103,0
DA:107,0
DA:114,0
DA:118,0
DA:125,0
DA:126,0
DA:129,0
DA:132,0
DA:138,0
DA:140,0
DA:147,0
DA:148,0
DA:151,0
DA:152,0
DA:155,0
DA:156,0
DA:157,0
DA:160,0
DA:162,0
DA:174,0
DA:175,0
DA:178,0
DA:179,0
DA:182,0
DA:183,0
DA:184,0
DA:185,0
DA:187,0
DA:191,0
DA:192,0
DA:193,0
DA:194,0
DA:197,0
DA:198,0
DA:199,0
DA:202,0
DA:203,0
DA:204,0
DA:207,0
DA:209,0
DA:210,0
DA:213,0
DA:220,0
DA:221,0
DA:224,0
DA:225,0
DA:228,0
DA:229,0
DA:232,0
DA:233,0
DA:236,0
DA:237,0
DA:240,0
DA:241,0
DA:242,0
DA:243,0
DA:244,0
DA:245,0
DA:248,0
DA:251,0
LF:92
LH:0
BRDA:11,0,0,0
BRDA:11,1,0,0
BRDA:11,1,1,0
BRDA:24,2,0,0
BRDA:24,3,0,0
BRDA:24,3,1,0
BRDA:39,4,0,0
BRDA:39,5,0,0
BRDA:39,5,1,0
BRDA:53,6,0,0
BRDA:53,7,0,0
BRDA:53,7,1,0
BRDA:71,8,0,0
BRDA:71,9,0,0
BRDA:71,9,1,0
BRDA:85,10,0,0
BRDA:85,11,0,0
BRDA:85,11,1,0
BRDA:102,12,0,0
BRDA:102,13,0,0
BRDA:102,13,1,0
BRDA:114,14,0,0
BRDA:114,14,1,0
BRDA:114,14,2,0
BRDA:125,15,0,0
BRDA:125,16,0,0
BRDA:125,16,1,0
BRDA:147,17,0,0
BRDA:147,18,0,0
BRDA:147,18,1,0
BRDA:156,19,0,0
BRDA:174,20,0,0
BRDA:174,21,0,0
BRDA:174,21,1,0
BRDA:182,22,0,0
BRDA:182,22,1,0
BRDA:184,23,0,0
BRDA:184,23,1,0
BRDA:191,24,0,0
BRDA:192,25,0,0
BRDA:193,26,0,0
BRDA:194,27,0,0
BRDA:197,28,0,0
BRDA:202,29,0,0
BRDA:207,30,0,0
BRDA:207,30,1,0
BRDA:209,31,0,0
BRDA:209,32,0,0
BRDA:209,32,1,0
BRDA:219,33,0,0
BRDA:220,34,0,0
BRDA:224,35,0,0
BRDA:224,36,0,0
BRDA:224,36,1,0
BRDA:228,37,0,0
BRDA:232,38,0,0
BRDA:232,39,0,0
BRDA:232,39,1,0
BRDA:236,40,0,0
BRDA:240,41,0,0
BRDA:244,42,0,0
BRF:61
BRH:0
end_of_record
TN:
SF:src\team\team.controller.ts
FN:35,(anonymous_4)
FN:44,(anonymous_5)
FN:52,(anonymous_6)
FN:63,(anonymous_7)
FN:72,(anonymous_8)
FN:85,(anonymous_9)
FN:95,(anonymous_10)
FN:105,(anonymous_11)
FN:116,(anonymous_12)
FN:131,(anonymous_13)
FN:142,(anonymous_14)
FN:150,(anonymous_15)
FN:161,(anonymous_16)
FN:170,(anonymous_17)
FN:183,(anonymous_18)
FNF:15
FNH:0
FNDA:0,(anonymous_4)
FNDA:0,(anonymous_5)
FNDA:0,(anonymous_6)
FNDA:0,(anonymous_7)
FNDA:0,(anonymous_8)
FNDA:0,(anonymous_9)
FNDA:0,(anonymous_10)
FNDA:0,(anonymous_11)
FNDA:0,(anonymous_12)
FNDA:0,(anonymous_13)
FNDA:0,(anonymous_14)
FNDA:0,(anonymous_15)
FNDA:0,(anonymous_16)
FNDA:0,(anonymous_17)
FNDA:0,(anonymous_18)
DA:1,0
DA:14,0
DA:15,0
DA:16,0
DA:24,0
DA:25,0
DA:26,0
DA:27,0
DA:34,0
DA:35,0
DA:44,0
DA:45,0
DA:52,0
DA:55,0
DA:63,0
DA:64,0
DA:72,0
DA:76,0
DA:85,0
DA:86,0
DA:95,0
DA:96,0
DA:105,0
DA:106,0
DA:116,0
DA:121,0
DA:131,0
DA:132,0
DA:142,0
DA:143,0
DA:150,0
DA:153,0
DA:161,0
DA:162,0
DA:170,0
DA:174,0
DA:183,0
DA:184,0
LF:38
LH:0
BRF:0
BRH:0
end_of_record
TN:
SF:src\team\team.module.ts
FNF:0
FNH:0
DA:1,0
DA:2,0
DA:3,0
DA:4,0
DA:12,0
LF:5
LH:0
BRF:0
BRH:0
end_of_record
TN:
SF:src\team\team.service.ts
FN:17,(anonymous_2)
FN:21,(anonymous_3)
FN:76,(anonymous_4)
FN:89,(anonymous_5)
FN:111,(anonymous_6)
FN:160,(anonymous_7)
FN:203,(anonymous_8)
FN:225,(anonymous_9)
FN:247,(anonymous_10)
FN:258,(anonymous_11)
FN:285,(anonymous_12)
FN:310,(anonymous_13)
FN:339,(anonymous_14)
FN:369,(anonymous_15)
FN:382,(anonymous_16)
FN:394,(anonymous_17)
FN:412,(anonymous_18)
FN:423,(anonymous_19)
FN:429,(anonymous_20)
FN:442,(anonymous_21)
FN:473,(anonymous_22)
FN:476,(anonymous_23)
FN:492,(anonymous_24)
FN:508,(anonymous_25)
FNF:24
FNH:0
FNDA:0,(anonymous_2)
FNDA:0,(anonymous_3)
FNDA:0,(anonymous_4)
FNDA:0,(anonymous_5)
FNDA:0,(anonymous_6)
FNDA:0,(anonymous_7)
FNDA:0,(anonymous_8)
FNDA:0,(anonymous_9)
FNDA:0,(anonymous_10)
FNDA:0,(anonymous_11)
FNDA:0,(anonymous_12)
FNDA:0,(anonymous_13)
FNDA:0,(anonymous_14)
FNDA:0,(anonymous_15)
FNDA:0,(anonymous_16)
FNDA:0,(anonymous_17)
FNDA:0,(anonymous_18)
FNDA:0,(anonymous_19)
FNDA:0,(anonymous_20)
FNDA:0,(anonymous_21)
FNDA:0,(anonymous_22)
FNDA:0,(anonymous_23)
FNDA:0,(anonymous_24)
FNDA:0,(anonymous_25)
DA:1,0
DA:2,0
DA:16,0
DA:17,0
DA:24,0
DA:27,0
DA:29,0
DA:30,0
DA:33,0
DA:34,0
DA:39,0
DA:40,0
DA:41,0
DA:42,0
DA:45,0
DA:46,0
DA:54,0
DA:57,0
DA:58,0
DA:76,0
DA:78,0
DA:90,0
DA:104,0
DA:105,0
DA:108,0
DA:113,0
DA:117,0
DA:118,0
DA:122,0
DA:126,0
DA:127,0
DA:131,0
DA:134,0
DA:157,0
DA:162,0
DA:165,0
DA:166,0
DA:173,0
DA:174,0
DA:178,0
DA:200,0
DA:205,0
DA:207,0
DA:222,0
DA:227,0
DA:229,0
DA:244,0
DA:249,0
DA:251,0
DA:264,0
DA:267,0
DA:269,0
DA:270,0
DA:271,0
DA:272,0
DA:275,0
DA:280,0
DA:287,0
DA:290,0
DA:298,0
DA:300,0
DA:312,0
DA:316,0
DA:317,0
DA:321,0
DA:323,0
DA:336,0
DA:342,0
DA:345,0
DA:347,0
DA:348,0
DA:349,0
DA:351,0
DA:352,0
DA:353,0
DA:354,0
DA:358,0
DA:361,0
DA:362,0
DA:369,0
DA:371,0
DA:383,0
DA:387,0
DA:388,0
DA:391,0
DA:396,0
DA:398,0
DA:409,0
DA:414,0
DA:416,0
DA:424,0
DA:425,0
DA:426,0
DA:430,0
DA:443,0
DA:444,0
DA:446,0
DA:448,0
DA:468,0
DA:469,0
DA:474,0
DA:476,0
DA:477,0
DA:478,0
DA:479,0
DA:480,0
DA:481,0
DA:485,0
DA:486,0
DA:487,0
DA:489,0
DA:493,0
DA:509,0
LF:113
LH:0
BRDA:24,0,0,0
BRDA:24,1,0,0
BRDA:29,2,0,0
BRDA:33,3,0,0
BRDA:33,4,0,0
BRDA:33,4,1,0
BRDA:39,5,0,0
BRDA:39,6,0,0
BRDA:39,6,1,0
BRDA:41,7,0,0
BRDA:42,8,0,0
BRDA:45,9,0,0
BRDA:104,10,0,0
BRDA:117,11,0,0
BRDA:126,12,0,0
BRDA:131,13,0,0
BRDA:131,13,1,0
BRDA:143,14,0,0
BRDA:143,14,1,0
BRDA:165,15,0,0
BRDA:173,16,0,0
BRDA:181,17,0,0
BRDA:181,17,1,0
BRDA:182,18,0,0
BRDA:182,18,1,0
BRDA:183,19,0,0
BRDA:183,19,1,0
BRDA:184,20,0,0
BRDA:184,20,1,0
BRDA:185,21,0,0
BRDA:185,21,1,0
BRDA:186,22,0,0
BRDA:186,22,1,0
BRDA:269,23,0,0
BRDA:269,24,0,0
BRDA:269,24,1,0
BRDA:271,25,0,0
BRDA:272,26,0,0
BRDA:316,27,0,0
BRDA:329,28,0,0
BRDA:329,28,1,0
BRDA:342,29,0,0
BRDA:342,30,0,0
BRDA:347,31,0,0
BRDA:348,32,0,0
BRDA:349,33,0,0
BRDA:351,34,0,0
BRDA:351,35,0,0
BRDA:351,35,1,0
BRDA:353,36,0,0
BRDA:354,37,0,0
BRDA:387,38,0,0
BRDA:401,39,0,0
BRDA:401,39,1,0
BRDA:402,40,0,0
BRDA:402,40,1,0
BRDA:403,41,0,0
BRDA:403,41,1,0
BRDA:404,42,0,0
BRDA:404,42,1,0
BRDA:405,43,0,0
BRDA:405,43,1,0
BRDA:444,44,0,0
BRDA:444,44,1,0
BRDA:446,45,0,0
BRDA:468,46,0,0
BRDA:477,47,0,0
BRDA:477,48,0,0
BRDA:477,48,1,0
BRDA:481,49,0,0
BRDA:481,49,1,0
BRF:71
BRH:0
end_of_record
TN:
SF:src\team\dto\create-team-member.dto.ts
FNF:0
FNH:0
DA:1,0
DA:2,0
DA:5,0
DA:8,0
DA:13,0
DA:21,0
DA:27,0
DA:42,0
DA:47,0
LF:9
LH:0
BRF:0
BRH:0
end_of_record
TN:
SF:src\team\dto\create-time-entry.dto.ts
FN:5,(anonymous_2)
FNF:1
FNH:0
FNDA:0,(anonymous_2)
DA:1,0
DA:2,0
DA:5,0
DA:8,0
DA:13,0
DA:18,0
DA:22,0
DA:27,0
DA:32,0
DA:38,0
DA:46,0
LF:11
LH:0
BRF:0
BRH:0
end_of_record
TN:
SF:src\team\dto\index.ts
FNF:0
FNH:0
DA:1,0
DA:2,0
DA:3,0
DA:4,0
DA:5,0
DA:6,0
LF:6
LH:0
BRF:0
BRH:0
end_of_record
TN:
SF:src\team\dto\team-filters.dto.ts
FN:10,(anonymous_2)
FNF:1
FNH:0
FNDA:0,(anonymous_2)
DA:1,0
DA:2,0
DA:3,0
DA:4,0
DA:6,0
DA:10,0
DA:11,0
DA:20,0
DA:25,0
DA:30,0
LF:10
LH:0
BRF:0
BRH:0
end_of_record
TN:
SF:src\team\dto\time-entry-filters.dto.ts
FNF:0
FNH:0
DA:1,0
DA:2,0
DA:3,0
DA:5,0
DA:9,0
DA:14,0
DA:19,0
DA:24,0
DA:29,0
LF:9
LH:0
BRF:0
BRH:0
end_of_record
TN:
SF:src\team\dto\update-team-member.dto.ts
FNF:0
FNH:0
DA:1,0
DA:2,0
DA:4,0
LF:3
LH:0
BRF:0
BRH:0
end_of_record
TN:
SF:src\team\dto\update-time-entry.dto.ts
FNF:0
FNH:0
DA:1,0
DA:2,0
DA:4,0
LF:3
LH:0
BRF:0
BRH:0
end_of_record
TN:
SF:src\team\entities\team-member.entity.ts
FNF:0
FNH:0
DA:1,0
DA:24,0
DA:26,0
DA:29,0
DA:32,0
DA:38,0
DA:41,0
DA:55,0
DA:70,0
DA:73,0
DA:76,0
DA:79,0
DA:82,0
LF:13
LH:0
BRF:0
BRH:0
end_of_record
TN:
SF:src\team\entities\time-entry.entity.ts
FNF:0
FNH:0
DA:1,0
DA:8,0
DA:10,0
DA:13,0
DA:16,0
DA:19,0
DA:22,0
DA:25,0
DA:28,0
DA:31,0
DA:37,0
DA:40,0
DA:43,0
LF:13
LH:0
BRF:0
BRH:0
end_of_record
TN:
SF:src\time-tracking\time-tracking.controller.ts
FN:28,(anonymous_4)
FN:37,(anonymous_5)
FN:50,(anonymous_6)
FN:59,(anonymous_7)
FN:71,(anonymous_8)
FN:83,(anonymous_9)
FN:96,(anonymous_10)
FNF:7
FNH:0
FNDA:0,(anonymous_4)
FNDA:0,(anonymous_5)
FNDA:0,(anonymous_6)
FNDA:0,(anonymous_7)
FNDA:0,(anonymous_8)
FNDA:0,(anonymous_9)
FNDA:0,(anonymous_10)
DA:1,0
DA:11,0
DA:18,0
DA:19,0
DA:20,0
DA:21,0
DA:27,0
DA:28,0
DA:37,0
DA:43,0
DA:50,0
DA:51,0
DA:59,0
DA:63,0
DA:71,0
DA:75,0
DA:83,0
DA:88,0
DA:96,0
DA:100,0
LF:20
LH:0
BRF:0
BRH:0
end_of_record
TN:
SF:src\time-tracking\time-tracking.module.ts
FNF:0
FNH:0
DA:1,0
DA:2,0
DA:3,0
DA:4,0
DA:12,0
LF:5
LH:0
BRF:0
BRH:0
end_of_record
TN:
SF:src\time-tracking\time-tracking.service.ts
FN:8,(anonymous_2)
FN:10,(anonymous_3)
FN:63,(anonymous_4)
FN:87,(anonymous_5)
FN:147,(anonymous_6)
FN:189,(anonymous_7)
FN:226,(anonymous_8)
FN:270,(anonymous_9)
FN:284,(anonymous_10)
FN:285,(anonymous_11)
FNF:10
FNH:0
FNDA:0,(anonymous_2)
FNDA:0,(anonymous_3)
FNDA:0,(anonymous_4)
FNDA:0,(anonymous_5)
FNDA:0,(anonymous_6)
FNDA:0,(anonymous_7)
FNDA:0,(anonymous_8)
FNDA:0,(anonymous_9)
FNDA:0,(anonymous_10)
FNDA:0,(anonymous_11)
DA:1,0
DA:2,0
DA:7,0
DA:8,0
DA:16,0
DA:18,0
DA:19,0
DA:22,0
DA:23,0
DA:24,0
DA:25,0
DA:28,0
DA:29,0
DA:34,0
DA:35,0
DA:38,0
DA:41,0
DA:60,0
DA:64,0
DA:80,0
DA:81,0
DA:84,0
DA:91,0
DA:98,0
DA:99,0
DA:102,0
DA:103,0
DA:106,0
DA:113,0
DA:114,0
DA:117,0
DA:144,0
DA:148,0
DA:150,0
DA:151,0
DA:154,0
DA:186,0
DA:194,0
DA:196,0
DA:197,0
DA:200,0
DA:223,0
DA:227,0
DA:228,0
DA:230,0
DA:245,0
DA:247,0
DA:248,0
DA:249,0
DA:251,0
DA:252,0
DA:261,0
DA:262,0
DA:263,0
DA:264,0
DA:266,0
DA:267,0
DA:268,0
DA:270,0
DA:271,0
DA:272,0
DA:274,0
DA:283,0
DA:284,0
DA:285,0
DA:290,0
LF:66
LH:0
BRDA:18,0,0,0
BRDA:22,1,0,0
BRDA:22,2,0,0
BRDA:22,2,1,0
BRDA:24,3,0,0
BRDA:25,4,0,0
BRDA:28,5,0,0
BRDA:34,6,0,0
BRDA:80,7,0,0
BRDA:98,8,0,0
BRDA:102,9,0,0
BRDA:113,10,0,0
BRDA:124,11,0,0
BRDA:124,11,1,0
BRDA:150,12,0,0
BRDA:196,13,0,0
BRDA:251,14,0,0
BRDA:266,15,0,0
BRDA:271,16,0,0
BRDA:271,16,1,0
BRF:20
BRH:0
end_of_record
TN:
SF:src\time-tracking\dto\create-time-correction.dto.ts
FNF:0
FNH:0
DA:1,0
DA:2,0
DA:4,0
DA:7,0
DA:11,0
DA:16,0
DA:21,0
DA:25,0
LF:8
LH:0
BRF:0
BRH:0
end_of_record
TN:
SF:src\time-tracking\dto\create-time-entry.dto.ts
FNF:0
FNH:0
DA:1,0
DA:2,0
DA:4,0
DA:8,0
DA:12,0
DA:16,0
DA:21,0
LF:7
LH:0
BRF:0
BRH:0
end_of_record
TN:
SF:src\time-tracking\dto\index.ts
FNF:0
FNH:0
DA:1,0
DA:2,0
DA:3,0
DA:4,0
LF:4
LH:0
BRF:0
BRH:0
end_of_record
TN:
SF:src\time-tracking\dto\time-entry-filters.dto.ts
FNF:0
FNH:0
DA:1,0
DA:2,0
DA:3,0
DA:5,0
DA:9,0
DA:14,0
DA:19,0
DA:24,0
DA:29,0
LF:9
LH:0
BRF:0
BRH:0
end_of_record
TN:
SF:src\time-tracking\dto\update-time-entry.dto.ts
FNF:0
FNH:0
DA:1,0
DA:2,0
DA:3,0
DA:4,0
DA:6,0
DA:10,0
DA:16,0
DA:21,0
LF:8
LH:0
BRF:0
BRH:0
end_of_record
TN:
SF:src\time-tracking\entities\time-correction.entity.ts
FNF:0
FNH:0
DA:1,0
DA:3,0
DA:5,0
DA:8,0
DA:11,0
DA:14,0
DA:17,0
DA:20,0
DA:23,0
DA:26,0
DA:29,0
DA:32,0
DA:35,0
DA:38,0
DA:41,0
DA:44,0
DA:47,0
DA:50,0
DA:53,0
DA:56,0
LF:20
LH:0
BRF:0
BRH:0
end_of_record
TN:
SF:src\time-tracking\entities\time-entry.entity.ts
FNF:0
FNH:0
DA:1,0
DA:2,0
DA:4,0
DA:6,0
DA:9,0
DA:12,0
DA:15,0
DA:18,0
DA:21,0
LF:9
LH:0
BRF:0
BRH:0
end_of_record
